#
# A fatal error has been detected by the Java Runtime Environment:
#
#  SIGSEGV (0xb) at pc=0x00007f528fba25df, pid=16264, tid=139992360494848
#
# JRE version: 6.0_26-b03
# Java VM: Java HotSpot(TM) 64-Bit Server VM (20.1-b02 mixed mode linux-amd64 compressed oops)
# Problematic frame:
# C  [libc.so.6+0x1395df]  __nss_hosts_lookup+0x1939f
#
# If you would like to submit a bug report, please visit:
#   http://java.sun.com/webapps/bugreport/crash.jsp
# The crash happened outside the Java Virtual Machine in native code.
# See problematic frame for where to report the bug.
#

---------------  T H R E A D  ---------------

Current thread (0x0000000041f69800):  JavaThread "Timer-1" daemon [_thread_in_native, id=16325, stack(0x00007f5282db2000,0x00007f5282eb3000)]

siginfo:si_signo=SIGSEGV: si_errno=0, si_code=2 (SEGV_ACCERR), si_addr=0x00007f5282bb0000

Registers:
RAX=0x00007f5284d244a0, RBX=0x000000000000c900, RCX=0x0000000000008000, RDX=0x0000000000000cf9
RSP=0x00007f5282eb0498, RBP=0x00007f5282baee28, RSI=0x00007f5282baffe6, RDI=0x00007f5284d25630
R8 =0x00007f5284d244a0, R9 =0x00007f528fba25d0, R10=0x00007f528f8f7ff0, R11=0x00007f528fbcf530
R12=0x00007f52843bb500, R13=0x0000000000001f89, R14=0x00007f527c5a2a40, R15=0x0000000000000001
RIP=0x00007f528fba25df, EFLAGS=0x0000000000010206, CSGSFS=0x0000000000000033, ERR=0x0000000000000004
  TRAPNO=0x000000000000000e

Top of Stack: (sp=0x00007f5282eb0498)
0x00007f5282eb0498:   00007f528d3122de 0000000082eb04c0
0x00007f5282eb04a8:   00007f527c59f8a0 00007f527c5a2a40
0x00007f5282eb04b8:   0000000000000000 000000009ba3321b
0x00007f5282eb04c8:   00007f5282eb0530 000000000000002b
0x00007f5282eb04d8:   00007f528d312584 0000000041f69800
0x00007f5282eb04e8:   00007f5282eb0530 0000000041f699d0
0x00007f5282eb04f8:   000000000000002b 00007f5282eb0988
0x00007f5282eb0508:   000000000000002b 0000000000000001
0x00007f5282eb0518:   00007f528d30a757 00007f5282eb0530
0x00007f5282eb0528:   00007f527c5a2a40 6e667275732f6c6e
0x00007f5282eb0538:   6f6b636f6d2f7465 6974752f6874656c
0x00007f5282eb0548:   6553656d69542f6c 6c632e6563697672
0x00007f5282eb0558:   00007f5200737361 000000073f8a7e23
0x00007f5282eb0568:   00007f5282eb05b8 000000073f8a8f88
0x00007f5282eb0578:   0000000000000000 000000073f8a7e70
0x00007f5282eb0588:   0000000000000000 00007f5282eb05b8
0x00007f5282eb0598:   000000073f612af0 0000000041f69800
0x00007f5282eb05a8:   0000000000000001 0000000000000000
0x00007f5282eb05b8:   0000000042489920 00000007c2e7c5a8
0x00007f5282eb05c8:   00007f528f8e3530 00007f5282eb05f0
0x00007f5282eb05d8:   00007f528f08ee3c 0000000000000000
0x00007f5282eb05e8:   0000000041f69800 00007f5282eb0640
0x00007f5282eb05f8:   00007f528f30c4d6 00007f5282eb0668
0x00007f5282eb0608:   000000048a30cb02 0000000042489920
0x00007f5282eb0618:   000000073f612b00 0000000041f69800
0x00007f5282eb0628:   0000000000000004 0000000000000004
0x00007f5282eb0638:   0000000041f69800 00007f5282eb0670
0x00007f5282eb0648:   00007f528f5620e3 000000073f8a5ff8
0x00007f5282eb0658:   0000000041f69800 000000073f8a5ff8
0x00007f5282eb0668:   0000000000000063 00007f5282eb06c0
0x00007f5282eb0678:   00007f528f33221e 0000000041f69800
0x00007f5282eb0688:   00007f5282eb0688 0000000041f69800 

Instructions: (pc=0x00007f528fba25df)
0x00007f528fba25bf:   8d 14 13 ff e2 0f 0b 66 2e 0f 1f 84 00 00 00 00
0x00007f528fba25cf:   00 48 81 ea 80 00 00 00 0f 28 4e fa 0f 28 56 0a
0x00007f528fba25df:   0f 28 5e 1a 0f 28 66 2a 0f 28 6e 3a 0f 28 76 4a
0x00007f528fba25ef:   0f 28 7e 5a 44 0f 28 46 6a 44 0f 28 4e 7a 48 8d 

Register to memory mapping:

RAX=0x00007f5284d244a0 is an unknown value
RBX=0x000000000000c900 is an unknown value
RCX=0x0000000000008000 is an unknown value
RDX=0x0000000000000cf9 is an unknown value
RSP=0x00007f5282eb0498 is pointing into the stack for thread: 0x0000000041f69800
RBP=0x00007f5282baee28 is an unknown value
RSI=0x00007f5282baffe6 is an unknown value
RDI=0x00007f5284d25630 is an unknown value
R8 =0x00007f5284d244a0 is an unknown value
R9 =0x00007f528fba25d0: <offset 0x1395d0> in /lib/x86_64-linux-gnu/libc.so.6 at 0x00007f528fa69000
R10=0x00007f528f8f7ff0: <offset 0xa99ff0> in /usr/lib/jvm/java-6-sun-1.6.0.26/jre/lib/amd64/server/libjvm.so at 0x00007f528ee5e000
R11=0x00007f528fbcf530: <offset 0x166530> in /lib/x86_64-linux-gnu/libc.so.6 at 0x00007f528fa69000
R12=0x00007f52843bb500 is an unknown value
R13=0x0000000000001f89 is an unknown value
R14=0x00007f527c5a2a40 is an unknown value
R15=0x0000000000000001 is an unknown value


Stack: [0x00007f5282db2000,0x00007f5282eb3000],  sp=0x00007f5282eb0498,  free space=1017k
Native frames: (J=compiled Java code, j=interpreted, Vv=VM code, C=native code)
C  [libc.so.6+0x1395df]  __nss_hosts_lookup+0x1939f

Java frames: (J=compiled Java code, j=interpreted, Vv=VM code)
J  java.util.zip.ZipFile.getEntry(JLjava/lang/String;Z)J
J  java.util.jar.JarFile.getEntry(Ljava/lang/String;)Ljava/util/zip/ZipEntry;
j  sun.net.www.protocol.jar.URLJarFile.getEntry(Ljava/lang/String;)Ljava/util/zip/ZipEntry;+2
j  sun.net.www.protocol.jar.JarURLConnection.connect()V+62
j  sun.net.www.protocol.jar.JarURLConnection.getInputStream()Ljava/io/InputStream;+1
j  java.net.URL.openStream()Ljava/io/InputStream;+4
j  java.lang.ClassLoader.getResourceAsStream(Ljava/lang/String;)Ljava/io/InputStream;+11
j  org.springframework.core.io.ClassPathResource.getInputStream()Ljava/io/InputStream;+30
j  org.springframework.core.type.classreading.SimpleMetadataReader.<init>(Lorg/springframework/core/io/Resource;Ljava/lang/ClassLoader;)V+5
j  org.springframework.core.type.classreading.SimpleMetadataReaderFactory.getMetadataReader(Lorg/springframework/core/io/Resource;)Lorg/springframework/core/type/classreading/MetadataReader;+14
j  org.springframework.core.type.classreading.CachingMetadataReaderFactory.getMetadataReader(Lorg/springframework/core/io/Resource;)Lorg/springframework/core/type/classreading/MetadataReader;+40
j  org.springframework.core.type.classreading.SimpleMetadataReaderFactory.getMetadataReader(Ljava/lang/String;)Lorg/springframework/core/type/classreading/MetadataReader;+36
j  org.springframework.context.annotation.ConfigurationClassBeanDefinitionReader.checkConfigurationClassCandidate(Lorg/springframework/beans/factory/config/BeanDefinition;Lorg/springframework/core/type/classreading/MetadataReaderFactory;)Z+50
j  org.springframework.context.annotation.ConfigurationClassPostProcessor.processConfigBeanDefinitions(Lorg/springframework/beans/factory/support/BeanDefinitionRegistry;)V+47
j  org.springframework.context.annotation.ConfigurationClassPostProcessor.postProcessBeanDefinitionRegistry(Lorg/springframework/beans/factory/support/BeanDefinitionRegistry;)V+101
j  org.springframework.context.support.AbstractApplicationContext.invokeBeanFactoryPostProcessors(Lorg/springframework/beans/factory/config/ConfigurableListableBeanFactory;)V+181
j  org.springframework.context.support.AbstractApplicationContext.refresh()V+28
j  org.springframework.web.context.ContextLoader.createWebApplicationContext(Ljavax/servlet/ServletContext;Lorg/springframework/context/ApplicationContext;)Lorg/springframework/web/context/WebApplicationContext;+229
j  org.springframework.web.context.ContextLoader.initWebApplicationContext(Ljavax/servlet/ServletContext;)Lorg/springframework/web/context/WebApplicationContext;+69
j  org.springframework.web.context.ContextLoaderListener.contextInitialized(Ljavax/servlet/ServletContextEvent;)V+28
j  org.mortbay.jetty.handler.ContextHandler.startContext()V+62
j  org.mortbay.jetty.servlet.Context.startContext()V+1
j  org.mortbay.jetty.webapp.WebAppContext.startContext()V+123
j  org.mortbay.jetty.handler.ContextHandler.doStart()V+140
j  org.mortbay.jetty.webapp.WebAppContext.doStart()V+217
j  org.mortbay.jetty.plugin.Jetty6PluginWebAppContext.doStart()V+6
j  org.mortbay.component.AbstractLifeCycle.start()V+31
j  org.mortbay.jetty.plugin.AbstractJettyRunMojo.restartWebApp(Z)V+186
j  org.mortbay.jetty.plugin.AbstractJettyRunMojo$1.filesChanged(Ljava/util/List;)V+25
j  org.mortbay.util.Scanner.reportBulkChanges(Ljava/util/List;)V+38
j  org.mortbay.util.Scanner.reportDifferences(Ljava/util/Map;Ljava/util/Map;)V+345
j  org.mortbay.util.Scanner.scan()V+13
j  org.mortbay.util.Scanner$1.run()V+4
j  java.util.TimerThread.mainLoop()V+221
j  java.util.TimerThread.run()V+1
v  ~StubRoutines::call_stub

---------------  P R O C E S S  ---------------

Java Threads: ( => current thread )
  0x00007f528448d000 JavaThread "Timer-2" daemon [_thread_blocked, id=18250, stack(0x00007f52836f7000,0x00007f52837f8000)]
=>0x0000000041f69800 JavaThread "Timer-1" daemon [_thread_in_native, id=16325, stack(0x00007f5282db2000,0x00007f5282eb3000)]
  0x00007f527c804000 JavaThread "1485411482@qtp-588932657-1 - Acceptor0 SslSocketConnector@0.0.0.0:8443" [_thread_in_native, id=16323, stack(0x00007f5282bb0000,0x00007f5282cb1000)]
  0x00007f527c59f000 JavaThread "93763411@qtp-588932657-0 - Acceptor0 SelectChannelConnector@0.0.0.0:8080" [_thread_in_native, id=16322, stack(0x00007f5282cb1000,0x00007f5282db2000)]
  0x00007f527c00f000 JavaThread "com.google.inject.internal.util.$Finalizer" daemon [_thread_blocked, id=16287, stack(0x00007f52837f8000,0x00007f52838f9000)]
  0x00007f528400d000 JavaThread "Low Memory Detector" daemon [_thread_blocked, id=16285, stack(0x00007f52839fa000,0x00007f5283afb000)]
  0x0000000041bd3000 JavaThread "C2 CompilerThread1" daemon [_thread_in_native, id=16284, stack(0x00007f5283afb000,0x00007f5283bfc000)]
  0x0000000041bcf800 JavaThread "C2 CompilerThread0" daemon [_thread_in_native, id=16283, stack(0x00007f5283bfc000,0x00007f5283cfd000)]
  0x0000000041bcd000 JavaThread "JDWP Command Reader" daemon [_thread_in_native, id=16282, stack(0x00007f5283cfd000,0x00007f5283dfe000)]
  0x0000000041bca800 JavaThread "JDWP Event Helper Thread" daemon [_thread_blocked, id=16281, stack(0x00007f5283dfe000,0x00007f5283eff000)]
  0x0000000041bc6800 JavaThread "JDWP Transport Listener: dt_socket" daemon [_thread_blocked, id=16279, stack(0x00007f5283eff000,0x00007f5284000000)]
  0x0000000041bbb000 JavaThread "Signal Dispatcher" daemon [_thread_blocked, id=16277, stack(0x00007f52881e7000,0x00007f52882e8000)]
  0x0000000041b9f000 JavaThread "Finalizer" daemon [_thread_blocked, id=16276, stack(0x00007f52882e8000,0x00007f52883e9000)]
  0x0000000041b97800 JavaThread "Reference Handler" daemon [_thread_blocked, id=16275, stack(0x00007f52883e9000,0x00007f52884ea000)]
  0x0000000041b2b800 JavaThread "main" [_thread_blocked, id=16265, stack(0x00007f528ead9000,0x00007f528ebda000)]

Other Threads:
  0x0000000041b91000 VMThread [stack: 0x00007f52884ea000,0x00007f52885eb000] [id=16274]
  0x00007f5284020800 WatcherThread [stack: 0x00007f52838f9000,0x00007f52839fa000] [id=16286]

VM state:not at safepoint (normal execution)

VM Mutex/Monitor currently owned by a thread: None

Heap
 PSYoungGen      total 40576K, used 24313K [0x00000007c1800000, 0x00000007c4af0000, 0x0000000800000000)
  eden space 31808K, 72% used [0x00000007c1800000,0x00000007c2e88990,0x00000007c3710000)
  from space 8768K, 14% used [0x00000007c4260000,0x00000007c4395e30,0x00000007c4af0000)
  to   space 10176K, 0% used [0x00000007c3710000,0x00000007c3710000,0x00000007c4100000)
 PSOldGen        total 128000K, used 16771K [0x0000000744800000, 0x000000074c500000, 0x00000007c1800000)
  object space 128000K, 13% used [0x0000000744800000,0x0000000745860de0,0x000000074c500000)
 PSPermGen       total 57728K, used 57706K [0x000000073f600000, 0x0000000742e60000, 0x0000000744800000)
  object space 57728K, 99% used [0x000000073f600000,0x0000000742e5abf8,0x0000000742e60000)

Code Cache  [0x00007f528a307000, 0x00007f528a6c7000, 0x00007f528d307000)
 total_blobs=1217 nmethods=880 adapters=298 free_code_cache=46492160 largest_free_block=29312

Dynamic libraries:
40000000-40009000 r-xp 00000000 08:05 3540296                            /usr/lib/jvm/java-6-sun-1.6.0.26/jre/bin/java
40108000-4010a000 rwxp 00008000 08:05 3540296                            /usr/lib/jvm/java-6-sun-1.6.0.26/jre/bin/java
41b20000-43f61000 rwxp 00000000 00:00 0                                  [heap]
73f600000-742e60000 rwxp 00000000 00:00 0 
742e60000-744800000 rwxp 00000000 00:00 0 
744800000-74c500000 rwxp 00000000 00:00 0 
74c500000-7c1800000 rwxp 00000000 00:00 0 
7c1800000-7c4af0000 rwxp 00000000 00:00 0 
7c4af0000-7c8560000 ---p 00000000 00:00 0 
7c8560000-800000000 rwxp 00000000 00:00 0 
7f527c000000-7f527e81a000 rwxp 00000000 00:00 0 
7f527e81a000-7f5280000000 ---p 00000000 00:00 0 
7f5282844000-7f5282847000 ---p 00000000 00:00 0 
7f5282847000-7f5282945000 rwxp 00000000 00:00 0 
7f5282945000-7f5282947000 r-xs 00003000 fd:01 1613921                    /home/alle/.m2/repository/org/mortbay/jetty/start/6.1.26/start-6.1.26.jar
7f5282947000-7f5282948000 r-xs 00002000 fd:01 1785989                    /home/alle/.m2/repository/org/apache/geronimo/specs/geronimo-annotation_1.0_spec/1.0/geronimo-annotation_1.0_spec-1.0.jar
7f5282948000-7f528294a000 r-xs 00002000 fd:01 1614129                    /home/alle/.m2/repository/org/mortbay/jetty/jetty-annotations/6.1.26/jetty-annotations-6.1.26.jar
7f528294a000-7f5282959000 r-xs 000ee000 fd:01 1499178                    /home/alle/.m2/repository/ant/ant/1.6.5/ant-1.6.5.jar
7f5282959000-7f5282967000 r-xs 0018b000 fd:01 1597576                    /home/alle/.m2/repository/org/eclipse/jdt/core/compiler/ecj/3.5.1/ecj-3.5.1.jar
7f52829c9000-7f52829cb000 r-xs 00004000 fd:01 1778032                    /home/alle/.m2/repository/org/surfnet/coin/mockoleth-common/2.2.0-SNAPSHOT/mockoleth-common-2.2.0-SNAPSHOT.jar
7f52829cb000-7f52829da000 r-xs 00667000 08:05 661211                     /usr/lib/jvm/java-6-sun-1.6.0.26/jre/lib/charsets.jar
7f52829da000-7f52829e9000 r-xs 00667000 08:05 661211                     /usr/lib/jvm/java-6-sun-1.6.0.26/jre/lib/charsets.jar
7f52829e9000-7f52829ec000 r-xs 00027000 08:05 3540268                    /usr/lib/jvm/java-6-sun-1.6.0.26/jre/lib/ext/sunjce_provider.jar
7f52829ec000-7f52829ef000 r-xs 00013000 08:05 661210                     /usr/lib/jvm/java-6-sun-1.6.0.26/jre/lib/jce.jar
7f52829ef000-7f52829f1000 r-xs 0000d000 fd:01 1394225                    /home/alle/.m2/repository/commons-codec/commons-codec/1.4/commons-codec-1.4.jar
7f52829f1000-7f52829f2000 r-xs 00001000 fd:01 1827046                    /home/alle/.m2/repository/org/slf4j/slf4j-simple/1.6.4/slf4j-simple-1.6.4.jar
7f52829f2000-7f52829f4000 r-xs 00005000 fd:01 205491                     /home/alle/.m2/repository/org/slf4j/slf4j-api/1.6.4/slf4j-api-1.6.4.jar
7f52829f4000-7f52829fe000 r-xs 0005c000 fd:01 1393345                    /home/alle/.m2/repository/javax/servlet/jstl/1.2/jstl-1.2.jar
7f52829fe000-7f5282a08000 r-xs 00055000 fd:01 2015281                    /home/alle/.m2/repository/org/springframework/spring-jdbc/3.0.6.RELEASE/spring-jdbc-3.0.6.RELEASE.jar
7f5282a08000-7f5282a0b000 r-xs 00011000 fd:01 2031981                    /home/alle/.m2/repository/org/springframework/security/spring-security-acl/3.0.6.RELEASE/spring-security-acl-3.0.6.RELEASE.jar
7f5282a0b000-7f5282a0c000 r-xs 00004000 fd:01 2031978                    /home/alle/.m2/repository/org/springframework/security/spring-security-taglibs/3.0.6.RELEASE/spring-security-taglibs-3.0.6.RELEASE.jar
7f5282a0c000-7f5282a0f000 r-xs 0002b000 fd:01 2031975                    /home/alle/.m2/repository/org/springframework/security/spring-security-config/3.0.6.RELEASE/spring-security-config-3.0.6.RELEASE.jar
7f5282a0f000-7f5282a16000 r-xs 00035000 fd:01 2031972                    /home/alle/.m2/repository/org/springframework/security/spring-security-web/3.0.6.RELEASE/spring-security-web-3.0.6.RELEASE.jar
7f5282a16000-7f5282a2c000 r-xs 00178000 fd:01 336252                     /home/alle/.m2/repository/org/aspectj/aspectjweaver/1.6.8/aspectjweaver-1.6.8.jar
7f5282a2c000-7f5282a31000 r-xs 00018000 fd:01 336249                     /home/alle/.m2/repository/org/aspectj/aspectjrt/1.6.8/aspectjrt-1.6.8.jar
7f5282a31000-7f5282a3a000 r-xs 00046000 fd:01 1982568                    /home/alle/.m2/repository/org/springframework/spring-aop/3.0.6.RELEASE/spring-aop-3.0.6.RELEASE.jar
7f5282a3a000-7f5282a41000 r-xs 00032000 fd:01 2015276                    /home/alle/.m2/repository/org/springframework/spring-tx/3.0.6.RELEASE/spring-tx-3.0.6.RELEASE.jar
7f5282a41000-7f5282a4b000 r-xs 00043000 fd:01 2031969                    /home/alle/.m2/repository/org/springframework/security/spring-security-core/3.0.6.RELEASE/spring-security-core-3.0.6.RELEASE.jar
7f5282a4b000-7f5282a51000 r-xs 0002d000 fd:01 1778019                    /home/alle/.m2/repository/org/springframework/spring-test/3.0.6.RELEASE/spring-test-3.0.6.RELEASE.jar
7f5282a51000-7f5282a52000 r-xs 00004000 fd:01 2031718                    /home/alle/.m2/repository/org/codehaus/jackson/jackson-jaxrs/1.9.5/jackson-jaxrs-1.9.5.jar
7f5282a52000-7f5282a56000 r-xs 00034000 fd:01 2031721                    /home/alle/.m2/repository/org/codehaus/jackson/jackson-core-asl/1.9.5/jackson-core-asl-1.9.5.jar
7f5282a56000-7f5282a65000 r-xs 000b0000 fd:01 2031724                    /home/alle/.m2/repository/org/codehaus/jackson/jackson-mapper-asl/1.9.5/jackson-mapper-asl-1.9.5.jar
7f5282a65000-7f5282a67000 r-xs 00000000 fd:01 1458191                    /home/alle/.m2/repository/aopalliance/aopalliance/1.0/aopalliance-1.0.jar
7f5282a67000-7f5282a71000 r-xs 00058000 fd:01 2015473                    /home/alle/.m2/repository/org/springframework/spring-web/3.0.6.RELEASE/spring-web-3.0.6.RELEASE.jar
7f5282a71000-7f5282a75000 r-xs 00026000 fd:01 336365                     /home/alle/.m2/repository/org/springframework/spring-expression/3.0.6.RELEASE/spring-expression-3.0.6.RELEASE.jar
7f5282a75000-7f5282a77000 r-xs 0000d000 fd:01 1491004                    /home/alle/.m2/repository/commons-logging/commons-logging/1.1.1/commons-logging-1.1.1.jar
7f5282a77000-7f5282a80000 r-xs 00055000 fd:01 336359                     /home/alle/.m2/repository/org/springframework/spring-core/3.0.6.RELEASE/spring-core-3.0.6.RELEASE.jar
7f5282a80000-7f5282a83000 r-xs 00016000 fd:01 205759                     /home/alle/.m2/repository/org/springframework/spring-context-support/3.0.6.RELEASE/spring-context-support-3.0.6.RELEASE.jar
7f5282a83000-7f5282a94000 r-xs 00093000 fd:01 336362                     /home/alle/.m2/repository/org/springframework/spring-context/3.0.6.RELEASE/spring-context-3.0.6.RELEASE.jar
7f5282a94000-7f5282a9f000 r-xs 0007d000 fd:01 336356                     /home/alle/.m2/repository/org/springframework/spring-beans/3.0.6.RELEASE/spring-beans-3.0.6.RELEASE.jar
7f5282a9f000-7f5282aa0000 r-xs 0000c000 fd:01 336134                     /home/alle/.m2/repository/org/springframework/spring-asm/3.0.6.RELEASE/spring-asm-3.0.6.RELEASE.jar
7f5282aa0000-7f5282aa9000 r-xs 0005e000 fd:01 2031937                    /home/alle/.m2/repository/org/springframework/spring-webmvc/3.0.6.RELEASE/spring-webmvc-3.0.6.RELEASE.jar
7f5282aa9000-7f5282aac000 r-xs 00041000 fd:01 1458199                    /home/alle/.m2/repository/xalan/serializer/2.7.1/serializer-2.7.1.jar
7f5282aac000-7f5282ad1000 r-xs 002e3000 fd:01 1458205                    /home/alle/.m2/repository/xalan/xalan/2.7.1/xalan-2.7.1.jar
7f5282ad1000-7f5282ad3000 r-xs 00013000 fd:01 1393800                    /home/alle/.m2/repository/xml-resolver/xml-resolver/1.2/xml-resolver-1.2.jar
7f5282ad3000-7f5282aec000 r-xs 00134000 fd:01 1394322                    /home/alle/.m2/repository/xerces/xercesImpl/2.10.0/xercesImpl-2.10.0.jar
7f5282aec000-7f5282af2000 r-xs 00054000 fd:01 1843563                    /home/alle/.m2/repository/org/owasp/esapi/esapi/2.0GA/esapi-2.0GA.jar
7f5282af2000-7f5282afa000 r-xs 00058000 fd:01 1393223                    /home/alle/.m2/repository/velocity/velocity/1.5/velocity-1.5.jar
7f5282afa000-7f5282b07000 r-xs 0007c000 fd:01 1499172                    /home/alle/.m2/repository/commons-collections/commons-collections/3.1/commons-collections-3.1.jar
7f5282b07000-7f5282b0d000 r-xs 00045000 fd:01 1393155                    /home/alle/.m2/repository/commons-httpclient/commons-httpclient/3.1/commons-httpclient-3.1.jar
7f5282b0d000-7f5282b0e000 r-xs 00000000 fd:01 1394321                    /home/alle/.m2/repository/net/jcip/jcip-annotations/1.0/jcip-annotations-1.0.jar
7f5282b0e000-7f5282b13000 r-xs 0003b000 fd:01 1394315                    /home/alle/.m2/repository/ca/juliusdavies/not-yet-commons-ssl/0.3.9/not-yet-commons-ssl-0.3.9.jar
7f5282b13000-7f5282b1e000 r-xs 00063000 fd:01 1843562                    /home/alle/.m2/repository/org/apache/santuario/xmlsec/1.4.4/xmlsec-1.4.4.jar
7f5282b1e000-7f5282b43000 r-xs 00172000 fd:01 1581469                    /home/alle/.m2/repository/org/bouncycastle/bcprov-jdk15/1.45/bcprov-jdk15-1.45.jar
7f5282b43000-7f5282b52000 r-xs 00076000 fd:01 1393896                    /home/alle/.m2/repository/joda-time/joda-time/1.6.2/joda-time-1.6.2.jar
7f5282b52000-7f5282b54000 r-xs 00000000 fd:01 1843575                    /home/alle/.m2/repository/org/slf4j/jul-to-slf4j/1.6.1/jul-to-slf4j-1.6.1.jar
7f5282b54000-7f5282b56000 r-xs 00002000 fd:01 1843571                    /home/alle/.m2/repository/org/slf4j/log4j-over-slf4j/1.6.1/log4j-over-slf4j-1.6.1.jar
7f5282b56000-7f5282b58000 r-xs 00003000 fd:01 164875                     /home/alle/.m2/repository/org/slf4j/jcl-over-slf4j/1.6.1/jcl-over-slf4j-1.6.1.jar
7f5282b58000-7f5282b67000 r-xs 00087000 fd:01 1843580                    /home/alle/.m2/repository/org/opensaml/xmltooling/1.3.2/xmltooling-1.3.2.jar
7f5282b67000-7f5282b7a000 r-xs 00078000 fd:01 1843572                    /home/alle/.m2/repository/org/opensaml/openws/1.4.2/openws-1.4.2.jar
7f5282b7a000-7f5282ba2000 r-xs 00123000 fd:01 1843564                    /home/alle/.m2/repository/org/opensaml/opensaml/2.5.1/opensaml-2.5.1.jar
7f5282ba2000-7f5282bab000 r-xs 0002d000 fd:01 1394316                    /home/alle/.m2/repository/xml-apis/xml-apis/1.4.01/xml-apis-1.4.01.jar
7f5282bab000-7f5282bae000 r-xs 00018000 fd:01 1393103                    /home/alle/.m2/repository/commons-io/commons-io/1.4/commons-io-1.4.jar
7f5282bae000-7f5282bb0000 r-xs 00004000 fd:01 1778032                    /home/alle/.m2/repository/org/surfnet/coin/mockoleth-common/2.2.0-SNAPSHOT/mockoleth-common-2.2.0-SNAPSHOT.jar
7f5282bb0000-7f5282bb3000 ---p 00000000 00:00 0 
7f5282bb3000-7f5282cb1000 rwxp 00000000 00:00 0 
7f5282cb1000-7f5282cb4000 ---p 00000000 00:00 0 
7f5282cb4000-7f5282db2000 rwxp 00000000 00:00 0 
7f5282db2000-7f5282db5000 ---p 00000000 00:00 0 
7f5282db5000-7f5282eb3000 rwxp 00000000 00:00 0 
7f5282eb3000-7f5282eca000 r-xp 00000000 08:05 5247602                    /lib/x86_64-linux-gnu/libresolv-2.13.so
7f5282eca000-7f52830ca000 ---p 00017000 08:05 5247602                    /lib/x86_64-linux-gnu/libresolv-2.13.so
7f52830ca000-7f52830cb000 r-xp 00017000 08:05 5247602                    /lib/x86_64-linux-gnu/libresolv-2.13.so
7f52830cb000-7f52830cc000 rwxp 00018000 08:05 5247602                    /lib/x86_64-linux-gnu/libresolv-2.13.so
7f52830cc000-7f52830ce000 rwxp 00000000 00:00 0 
7f52830ce000-7f52830d4000 r-xp 00000000 08:05 5246662                    /lib/x86_64-linux-gnu/libnss_dns-2.13.so
7f52830d4000-7f52832d3000 ---p 00006000 08:05 5246662                    /lib/x86_64-linux-gnu/libnss_dns-2.13.so
7f52832d3000-7f52832d4000 r-xp 00005000 08:05 5246662                    /lib/x86_64-linux-gnu/libnss_dns-2.13.so
7f52832d4000-7f52832d5000 rwxp 00006000 08:05 5246662                    /lib/x86_64-linux-gnu/libnss_dns-2.13.so
7f52832d5000-7f52832d7000 r-xp 00000000 08:05 5242948                    /lib/libnss_mdns4_minimal.so.2
7f52832d7000-7f52834d6000 ---p 00002000 08:05 5242948                    /lib/libnss_mdns4_minimal.so.2
7f52834d6000-7f52834d7000 r-xp 00001000 08:05 5242948                    /lib/libnss_mdns4_minimal.so.2
7f52834d7000-7f52834d8000 rwxp 00002000 08:05 5242948                    /lib/libnss_mdns4_minimal.so.2
7f52834d8000-7f52834df000 r-xp 00000000 08:05 3540396                    /usr/lib/jvm/java-6-sun-1.6.0.26/jre/lib/amd64/libnio.so
7f52834df000-7f52835de000 ---p 00007000 08:05 3540396                    /usr/lib/jvm/java-6-sun-1.6.0.26/jre/lib/amd64/libnio.so
7f52835de000-7f52835e0000 rwxp 00006000 08:05 3540396                    /usr/lib/jvm/java-6-sun-1.6.0.26/jre/lib/amd64/libnio.so
7f52835e0000-7f52835f3000 r-xp 00000000 08:05 3540409                    /usr/lib/jvm/java-6-sun-1.6.0.26/jre/lib/amd64/libnet.so
7f52835f3000-7f52836f4000 ---p 00013000 08:05 3540409                    /usr/lib/jvm/java-6-sun-1.6.0.26/jre/lib/amd64/libnet.so
7f52836f4000-7f52836f7000 rwxp 00014000 08:05 3540409                    /usr/lib/jvm/java-6-sun-1.6.0.26/jre/lib/amd64/libnet.so
7f52836f7000-7f52836fa000 ---p 00000000 00:00 0 
7f52836fa000-7f52837f8000 rwxp 00000000 00:00 0 
7f52837f8000-7f52837fb000 ---p 00000000 00:00 0 
7f52837fb000-7f52838f9000 rwxp 00000000 00:00 0 
7f52838f9000-7f52838fa000 ---p 00000000 00:00 0 
7f52838fa000-7f52839fa000 rwxp 00000000 00:00 0 
7f52839fa000-7f52839fd000 ---p 00000000 00:00 0 
7f52839fd000-7f5283afb000 rwxp 00000000 00:00 0 
7f5283afb000-7f5283afe000 ---p 00000000 00:00 0 
7f5283afe000-7f5283bfc000 rwxp 00000000 00:00 0 
7f5283bfc000-7f5283bff000 ---p 00000000 00:00 0 
7f5283bff000-7f5283cfd000 rwxp 00000000 00:00 0 
7f5283cfd000-7f5283d00000 ---p 00000000 00:00 0 
7f5283d00000-7f5283dfe000 rwxp 00000000 00:00 0 
7f5283dfe000-7f5283e01000 ---p 00000000 00:00 0 
7f5283e01000-7f5283eff000 rwxp 00000000 00:00 0 
7f5283eff000-7f5283f02000 ---p 00000000 00:00 0 
7f5283f02000-7f5284000000 rwxp 00000000 00:00 0 
7f5284000000-7f52872c2000 rwxp 00000000 00:00 0 
7f52872c2000-7f5288000000 ---p 00000000 00:00 0 
7f5288001000-7f5288008000 r-xs 00094000 08:05 661209                     /usr/lib/jvm/java-6-sun-1.6.0.26/jre/lib/jsse.jar
7f5288008000-7f5288019000 r-xs 000ea000 fd:01 1613971                    /home/alle/.m2/repository/org/mortbay/jetty/jsp-2.1-glassfish/2.1.v20091210/jsp-2.1-glassfish-2.1.v20091210.jar
7f5288019000-7f528801d000 r-xs 0001e000 fd:01 1613903                    /home/alle/.m2/repository/org/mortbay/jetty/jsp-api-2.1-glassfish/2.1.v20091210/jsp-api-2.1-glassfish-2.1.v20091210.jar
7f528801d000-7f5288040000 r-xs 00344000 fd:01 1597569                    /home/alle/.m2/repository/org/eclipse/jdt/core/3.1.1/core-3.1.1.jar
7f5288040000-7f5288042000 r-xs 00000000 fd:01 1614025                    /home/alle/.m2/repository/org/mortbay/jetty/jsp-2.1-jetty/6.1.26/jsp-2.1-jetty-6.1.26.jar
7f5288042000-7f5288044000 r-xs 00007000 fd:01 1614053                    /home/alle/.m2/repository/org/mortbay/jetty/jetty-management/6.1.26/jetty-management-6.1.26.jar
7f5288044000-7f528804a000 r-xs 00059000 fd:01 1393594                    /home/alle/.m2/repository/javax/mail/mail/1.4/mail-1.4.jar
7f528804a000-7f528804b000 r-xs 00006000 fd:01 1614105                    /home/alle/.m2/repository/org/mortbay/jetty/jetty-naming/6.1.26/jetty-naming-6.1.26.jar
7f528804b000-7f528804d000 r-xs 00002000 fd:01 1490964                    /home/alle/.m2/repository/geronimo-spec/geronimo-spec-jta/1.0.1B-rc4/geronimo-spec-jta-1.0.1B-rc4.jar
7f528804d000-7f528804f000 r-xs 0000d000 fd:01 1614156                    /home/alle/.m2/repository/org/mortbay/jetty/jetty-plus/6.1.26/jetty-plus-6.1.26.jar
7f528804f000-7f5288051000 r-xs 00004000 fd:01 1949758                    /home/alle/.m2/repository/org/apache/maven/maven-plugin-tools-api/2.0/maven-plugin-tools-api-2.0.jar
7f5288051000-7f5288054000 r-xs 0001b000 fd:01 1450020                    /home/alle/.m2/repository/junit/junit/3.8.2/junit-3.8.2.jar
7f5288054000-7f5288057000 r-xs 00027000 fd:01 1573157                    /home/alle/.m2/repository/org/codehaus/plexus/plexus-utils/1.1/plexus-utils-1.1.jar
7f5288057000-7f5288059000 r-xs 0001f000 fd:01 1613980                    /home/alle/.m2/repository/org/mortbay/jetty/servlet-api/2.5-20081211/servlet-api-2.5-20081211.jar
7f5288059000-7f528805d000 r-xs 00028000 fd:01 1614178                    /home/alle/.m2/repository/org/mortbay/jetty/jetty-util/6.1.26/jetty-util-6.1.26.jar
7f528805d000-7f5288064000 r-xs 0007d000 fd:01 1613941                    /home/alle/.m2/repository/org/mortbay/jetty/jetty/6.1.26/jetty-6.1.26.jar
7f5288064000-7f5288066000 r-xs 0000a000 fd:01 1614076                    /home/alle/.m2/repository/org/mortbay/jetty/maven-jetty-plugin/6.1.26/maven-jetty-plugin-6.1.26.jar
7f5288066000-7f5288068000 r-xs 00002000 fd:01 1573099                    /home/alle/.m2/repository/org/codehaus/plexus/plexus-compiler-javac/1.8.1/plexus-compiler-javac-1.8.1.jar
7f5288068000-7f528806a000 r-xs 00000000 fd:01 1581258                    /home/alle/.m2/repository/org/codehaus/plexus/plexus-compiler-manager/1.8.1/plexus-compiler-manager-1.8.1.jar
7f528806a000-7f528806b000 r-xs 00004000 fd:01 1573012                    /home/alle/.m2/repository/org/codehaus/plexus/plexus-compiler-api/1.8.1/plexus-compiler-api-1.8.1.jar
7f528806b000-7f528806d000 r-xs 00006000 fd:01 131935                     /home/alle/.m2/repository/org/apache/maven/plugins/maven-compiler-plugin/2.3.2/maven-compiler-plugin-2.3.2.jar
7f528806d000-7f528806f000 r-xs 0000d000 fd:01 1581199                    /home/alle/.m2/repository/org/codehaus/plexus/plexus-interpolation/1.13/plexus-interpolation-1.13.jar
7f528806f000-7f5288070000 r-xs 00001000 fd:01 1614250                    /home/alle/.m2/repository/org/sonatype/plexus/plexus-build-api/0.0.4/plexus-build-api-0.0.4.jar
7f5288070000-7f5288072000 r-xs 00007000 fd:01 132495                     /home/alle/.m2/repository/org/apache/maven/shared/maven-filtering/1.0-beta-4/maven-filtering-1.0-beta-4.jar
7f5288072000-7f5288076000 r-xs 00033000 fd:01 1573222                    /home/alle/.m2/repository/org/codehaus/plexus/plexus-utils/2.0.5/plexus-utils-2.0.5.jar
7f5288076000-7f5288079000 r-xs 0001b000 fd:01 1450002                    /home/alle/.m2/repository/junit/junit/3.8.1/junit-3.8.1.jar
7f5288079000-7f528807b000 r-xs 00002000 fd:01 1581089                    /home/alle/.m2/repository/org/codehaus/plexus/plexus-interactivity-api/1.0-alpha-4/plexus-interactivity-api-1.0-alpha-4.jar
7f528807b000-7f528807d000 r-xs 00006000 fd:01 1393073                    /home/alle/.m2/repository/commons-cli/commons-cli/1.0/commons-cli-1.0.jar
7f528807d000-7f528807e000 r-xs 00001000 fd:01 131706                     /home/alle/.m2/repository/org/apache/maven/doxia/doxia-sink-api/1.0-alpha-7/doxia-sink-api-1.0-alpha-7.jar
7f528807e000-7f528807f000 r-xs 00002000 fd:01 131539                     /home/alle/.m2/repository/org/apache/maven/reporting/maven-reporting-api/2.0.6/maven-reporting-api-2.0.6.jar
7f528807f000-7f5288080000 r-xs 00005000 fd:01 132137                     /home/alle/.m2/repository/org/apache/maven/plugins/maven-resources-plugin/2.4.3/maven-resources-plugin-2.4.3.jar
7f5288080000-7f5288081000 r-xs 00001000 fd:01 1777992                    /home/alle/.m2/repository/org/codehaus/mojo/keytool-api-1.6/1.1/keytool-api-1.6-1.1.jar
7f5288081000-7f5288086000 r-xs 00041000 fd:01 1450141                    /home/alle/.m2/repository/commons-lang/commons-lang/2.6/commons-lang-2.6.jar
7f5288086000-7f5288089000 r-xs 0002f000 fd:01 1573190                    /home/alle/.m2/repository/org/codehaus/plexus/plexus-utils/1.4.9/plexus-utils-1.4.9.jar
7f5288089000-7f528808b000 r-xs 00006000 fd:01 1777991                    /home/alle/.m2/repository/org/codehaus/mojo/keytool-api/1.1/keytool-api-1.1.jar
7f528808b000-7f528808c000 r-xs 00004000 fd:01 1777977                    /home/alle/.m2/repository/org/codehaus/mojo/keytool-maven-plugin/1.1/keytool-maven-plugin-1.1.jar
7f528808c000-7f528808e000 r-xs 00026000 fd:01 1581073                    /home/alle/.m2/repository/org/codehaus/plexus/plexus-utils/1.0.4/plexus-utils-1.0.4.jar
7f528808e000-7f5288090000 r-xs 00008000 fd:01 1491012                    /home/alle/.m2/repository/commons-logging/commons-logging/1.0.4/commons-logging-1.0.4.jar
7f5288090000-7f5288091000 r-xs 00005000 fd:01 1458285                    /home/alle/.m2/repository/de/zeigermann/xml/xml-im-exporter/1.1/xml-im-exporter-1.1.jar
7f5288091000-7f5288094000 r-xs 00023000 fd:01 1393033                    /home/alle/.m2/repository/jdom/jdom/1.0/jdom-1.0.jar
7f5288094000-7f5288099000 r-xs 00033000 fd:01 1393149                    /home/alle/.m2/repository/commons-httpclient/commons-httpclient/2.0.2/commons-httpclient-2.0.2.jar
7f5288099000-7f528809d000 r-xs 00027000 fd:01 1393867                    /home/alle/.m2/repository/slide/slide-webdavlib/2.1/slide-webdavlib-2.1.jar
7f528809d000-7f528809f000 r-xs 00003000 fd:01 1949830                    /home/alle/.m2/repository/org/apache/maven/wagon/wagon-webdav/1.0-beta-2/wagon-webdav-1.0-beta-2.jar
7f528809f000-7f52880a0000 r-xp 00000000 00:00 0 
7f52880a0000-7f52880a5000 r-xs 00020000 08:05 137856                     /usr/local/apache-maven/apache-maven-3.0.3/lib/maven-model-builder-3.0.3.jar
7f52880a5000-7f52880a6000 r-xs 00002000 08:05 137855                     /usr/local/apache-maven/apache-maven-3.0.3/lib/wagon-file-1.0-beta-7.jar
7f52880a6000-7f52880a7000 r-xs 00006000 08:05 137854                     /usr/local/apache-maven/apache-maven-3.0.3/lib/plexus-sec-dispatcher-1.3.jar
7f52880a7000-7f52880ab000 r-xs 00033000 08:05 137853                     /usr/local/apache-maven/apache-maven-3.0.3/lib/plexus-utils-2.0.6.jar
7f52880ab000-7f52880ae000 r-xs 00019000 08:05 137852                     /usr/local/apache-maven/apache-maven-3.0.3/lib/nekohtml-1.9.6.2.jar
7f52880ae000-7f52880b0000 r-xs 0000b000 08:05 137851                     /usr/local/apache-maven/apache-maven-3.0.3/lib/maven-artifact-3.0.3.jar
7f52880b0000-7f52880b6000 r-xs 0003f000 08:05 137850                     /usr/local/apache-maven/apache-maven-3.0.3/lib/maven-compat-3.0.3.jar
7f52880b6000-7f52880b8000 r-xs 0000b000 08:05 137849                     /usr/local/apache-maven/apache-maven-3.0.3/lib/maven-plugin-api-3.0.3.jar
7f52880b8000-7f52880b9000 r-xs 0000a000 08:05 137848                     /usr/local/apache-maven/apache-maven-3.0.3/lib/maven-embedder-3.0.3.jar
7f52880b9000-7f52880bd000 r-xs 0001a000 08:05 137847                     /usr/local/apache-maven/apache-maven-3.0.3/lib/aether-util-1.11.jar
7f52880bd000-7f52880bf000 r-xs 00006000 08:05 137846                     /usr/local/apache-maven/apache-maven-3.0.3/lib/maven-repository-metadata-3.0.3.jar
7f52880bf000-7f52880c5000 r-xs 0002a000 08:05 137845                     /usr/local/apache-maven/apache-maven-3.0.3/lib/sisu-inject-plexus-2.1.1.jar
7f52880c5000-7f52880c7000 r-xs 00006000 08:05 137844                     /usr/local/apache-maven/apache-maven-3.0.3/lib/aether-connector-wagon-1.11.jar
7f52880c7000-7f52880ca000 r-xs 0001c000 08:05 137843                     /usr/local/apache-maven/apache-maven-3.0.3/lib/aether-impl-1.11.jar
7f52880ca000-7f52880cc000 r-xs 00005000 08:05 137842                     /usr/local/apache-maven/apache-maven-3.0.3/lib/wagon-http-shared-1.0-beta-7.jar
7f52880cc000-7f52880d2000 r-xs 00033000 08:05 137841                     /usr/local/apache-maven/apache-maven-3.0.3/lib/sisu-inject-bean-2.1.1.jar
7f52880d2000-7f52880d4000 r-xs 0000b000 08:05 137840                     /usr/local/apache-maven/apache-maven-3.0.3/lib/wagon-provider-api-1.0-beta-7.jar
7f52880d4000-7f52880d6000 r-xs 00008000 08:05 137839                     /usr/local/apache-maven/apache-maven-3.0.3/lib/xercesMinimal-1.9.6.2.jar
7f52880d6000-7f52880d8000 r-xs 00026000 08:05 137837                     /usr/local/apache-maven/apache-maven-3.0.3/lib/maven-model-3.0.3.jar
7f52880d8000-7f52880e3000 r-xs 0007d000 08:05 137832                     /usr/local/apache-maven/apache-maven-3.0.3/lib/maven-core-3.0.3.jar
7f52880e3000-7f52880e6000 r-xp 00000000 08:05 3540394                    /usr/lib/jvm/java-6-sun-1.6.0.26/jre/lib/amd64/libdt_socket.so
7f52880e6000-7f52881e5000 ---p 00003000 08:05 3540394                    /usr/lib/jvm/java-6-sun-1.6.0.26/jre/lib/amd64/libdt_socket.so
7f52881e5000-7f52881e7000 rwxp 00002000 08:05 3540394                    /usr/lib/jvm/java-6-sun-1.6.0.26/jre/lib/amd64/libdt_socket.so
7f52881e7000-7f52881ea000 ---p 00000000 00:00 0 
7f52881ea000-7f52882e8000 rwxp 00000000 00:00 0 
7f52882e8000-7f52882eb000 ---p 00000000 00:00 0 
7f52882eb000-7f52883e9000 rwxp 00000000 00:00 0 
7f52883e9000-7f52883ec000 ---p 00000000 00:00 0 
7f52883ec000-7f52884ea000 rwxp 00000000 00:00 0 
7f52884ea000-7f52884eb000 ---p 00000000 00:00 0 
7f52884eb000-7f5288f28000 rwxp 00000000 00:00 0 
7f5288f28000-7f52890c0000 r-xs 03029000 08:05 661252                     /usr/lib/jvm/java-6-sun-1.6.0.26/jre/lib/rt.jar
7f52890c0000-7f52890e8000 rwxp 00000000 00:00 0 
7f52890e8000-7f52890e9000 ---p 00000000 00:00 0 
7f52890e9000-7f52891e9000 rwxp 00000000 00:00 0 
7f52891e9000-7f52891ea000 ---p 00000000 00:00 0 
7f52891ea000-7f52892ea000 rwxp 00000000 00:00 0 
7f52892ea000-7f52892eb000 ---p 00000000 00:00 0 
7f52892eb000-7f52893eb000 rwxp 00000000 00:00 0 
7f52893eb000-7f52893ec000 ---p 00000000 00:00 0 
7f52893ec000-7f52894ec000 rwxp 00000000 00:00 0 
7f52894ec000-7f52894ed000 ---p 00000000 00:00 0 
7f52894ed000-7f52895ed000 rwxp 00000000 00:00 0 
7f52895ed000-7f52895ee000 ---p 00000000 00:00 0 
7f52895ee000-7f52896ee000 rwxp 00000000 00:00 0 
7f52896ee000-7f52896ef000 ---p 00000000 00:00 0 
7f52896ef000-7f52897ef000 rwxp 00000000 00:00 0 
7f52897ef000-7f52897f0000 ---p 00000000 00:00 0 
7f52897f0000-7f528990d000 rwxp 00000000 00:00 0 
7f528990d000-7f5289919000 rwxp 00000000 00:00 0 
7f5289919000-7f5289958000 rwxp 00000000 00:00 0 
7f5289958000-7f5289d01000 rwxp 00000000 00:00 0 
7f5289d01000-7f5289d1e000 rwxp 00000000 00:00 0 
7f5289d1e000-7f5289d2a000 rwxp 00000000 00:00 0 
7f5289d2a000-7f5289d69000 rwxp 00000000 00:00 0 
7f5289d69000-7f528a112000 rwxp 00000000 00:00 0 
7f528a112000-7f528a12c000 rwxp 00000000 00:00 0 
7f528a12c000-7f528a149000 ---p 00000000 00:00 0 
7f528a149000-7f528a306000 rwxp 00000000 00:00 0 
7f528a306000-7f528a6c7000 rwxp 00000000 00:00 0 
7f528a6c7000-7f528d307000 rwxp 00000000 00:00 0 
7f528d307000-7f528d315000 r-xp 00000000 08:05 3540431                    /usr/lib/jvm/java-6-sun-1.6.0.26/jre/lib/amd64/libzip.so
7f528d315000-7f528d417000 ---p 0000e000 08:05 3540431                    /usr/lib/jvm/java-6-sun-1.6.0.26/jre/lib/amd64/libzip.so
7f528d417000-7f528d41a000 rwxp 00010000 08:05 3540431                    /usr/lib/jvm/java-6-sun-1.6.0.26/jre/lib/amd64/libzip.so
7f528d41a000-7f528d41b000 rwxp 00000000 00:00 0 
7f528d41b000-7f528d427000 r-xp 00000000 08:05 5246666                    /lib/x86_64-linux-gnu/libnss_files-2.13.so
7f528d427000-7f528d626000 ---p 0000c000 08:05 5246666                    /lib/x86_64-linux-gnu/libnss_files-2.13.so
7f528d626000-7f528d627000 r-xp 0000b000 08:05 5246666                    /lib/x86_64-linux-gnu/libnss_files-2.13.so
7f528d627000-7f528d628000 rwxp 0000c000 08:05 5246666                    /lib/x86_64-linux-gnu/libnss_files-2.13.so
7f528d628000-7f528d632000 r-xp 00000000 08:05 5246671                    /lib/x86_64-linux-gnu/libnss_nis-2.13.so
7f528d632000-7f528d832000 ---p 0000a000 08:05 5246671                    /lib/x86_64-linux-gnu/libnss_nis-2.13.so
7f528d832000-7f528d833000 r-xp 0000a000 08:05 5246671                    /lib/x86_64-linux-gnu/libnss_nis-2.13.so
7f528d833000-7f528d834000 rwxp 0000b000 08:05 5246671                    /lib/x86_64-linux-gnu/libnss_nis-2.13.so
7f528d834000-7f528d83c000 r-xp 00000000 08:05 5246656                    /lib/x86_64-linux-gnu/libnss_compat-2.13.so
7f528d83c000-7f528da3b000 ---p 00008000 08:05 5246656                    /lib/x86_64-linux-gnu/libnss_compat-2.13.so
7f528da3b000-7f528da3c000 r-xp 00007000 08:05 5246656                    /lib/x86_64-linux-gnu/libnss_compat-2.13.so
7f528da3c000-7f528da3d000 rwxp 00008000 08:05 5246656                    /lib/x86_64-linux-gnu/libnss_compat-2.13.so
7f528da3d000-7f528e237000 r-xp 00000000 08:05 20454412                   /usr/lib/locale/locale-archive
7f528e237000-7f528e23a000 r-xp 00000000 08:05 3540419                    /usr/lib/jvm/java-6-sun-1.6.0.26/jre/lib/amd64/libnpt.so
7f528e23a000-7f528e339000 ---p 00003000 08:05 3540419                    /usr/lib/jvm/java-6-sun-1.6.0.26/jre/lib/amd64/libnpt.so
7f528e339000-7f528e33a000 rwxp 00002000 08:05 3540419                    /usr/lib/jvm/java-6-sun-1.6.0.26/jre/lib/amd64/libnpt.so
7f528e33a000-7f528e370000 r-xp 00000000 08:05 3540418                    /usr/lib/jvm/java-6-sun-1.6.0.26/jre/lib/amd64/libjdwp.so
7f528e370000-7f528e46f000 ---p 00036000 08:05 3540418                    /usr/lib/jvm/java-6-sun-1.6.0.26/jre/lib/amd64/libjdwp.so
7f528e46f000-7f528e479000 rwxp 00035000 08:05 3540418                    /usr/lib/jvm/java-6-sun-1.6.0.26/jre/lib/amd64/libjdwp.so
7f528e479000-7f528e490000 r-xp 00000000 08:05 5246649                    /lib/x86_64-linux-gnu/libnsl-2.13.so
7f528e490000-7f528e68f000 ---p 00017000 08:05 5246649                    /lib/x86_64-linux-gnu/libnsl-2.13.so
7f528e68f000-7f528e690000 r-xp 00016000 08:05 5246649                    /lib/x86_64-linux-gnu/libnsl-2.13.so
7f528e690000-7f528e691000 rwxp 00017000 08:05 5246649                    /lib/x86_64-linux-gnu/libnsl-2.13.so
7f528e691000-7f528e693000 rwxp 00000000 00:00 0 
7f528e693000-7f528e6bc000 r-xp 00000000 08:05 3540430                    /usr/lib/jvm/java-6-sun-1.6.0.26/jre/lib/amd64/libjava.so
7f528e6bc000-7f528e7bb000 ---p 00029000 08:05 3540430                    /usr/lib/jvm/java-6-sun-1.6.0.26/jre/lib/amd64/libjava.so
7f528e7bb000-7f528e7c2000 rwxp 00028000 08:05 3540430                    /usr/lib/jvm/java-6-sun-1.6.0.26/jre/lib/amd64/libjava.so
7f528e7c2000-7f528e7cf000 r-xp 00000000 08:05 3540408                    /usr/lib/jvm/java-6-sun-1.6.0.26/jre/lib/amd64/libverify.so
7f528e7cf000-7f528e8ce000 ---p 0000d000 08:05 3540408                    /usr/lib/jvm/java-6-sun-1.6.0.26/jre/lib/amd64/libverify.so
7f528e8ce000-7f528e8d1000 rwxp 0000c000 08:05 3540408                    /usr/lib/jvm/java-6-sun-1.6.0.26/jre/lib/amd64/libverify.so
7f528e8d1000-7f528e8d8000 r-xp 00000000 08:05 5247604                    /lib/x86_64-linux-gnu/librt-2.13.so
7f528e8d8000-7f528ead7000 ---p 00007000 08:05 5247604                    /lib/x86_64-linux-gnu/librt-2.13.so
7f528ead7000-7f528ead8000 r-xp 00006000 08:05 5247604                    /lib/x86_64-linux-gnu/librt-2.13.so
7f528ead8000-7f528ead9000 rwxp 00007000 08:05 5247604                    /lib/x86_64-linux-gnu/librt-2.13.so
7f528ead9000-7f528eadc000 ---p 00000000 00:00 0 
7f528eadc000-7f528ebda000 rwxp 00000000 00:00 0 
7f528ebda000-7f528ec5d000 r-xp 00000000 08:05 5246643                    /lib/x86_64-linux-gnu/libm-2.13.so
7f528ec5d000-7f528ee5c000 ---p 00083000 08:05 5246643                    /lib/x86_64-linux-gnu/libm-2.13.so
7f528ee5c000-7f528ee5d000 r-xp 00082000 08:05 5246643                    /lib/x86_64-linux-gnu/libm-2.13.so
7f528ee5d000-7f528ee5e000 rwxp 00083000 08:05 5246643                    /lib/x86_64-linux-gnu/libm-2.13.so
7f528ee5e000-7f528f778000 r-xp 00000000 08:05 3540434                    /usr/lib/jvm/java-6-sun-1.6.0.26/jre/lib/amd64/server/libjvm.so
7f528f778000-7f528f87a000 ---p 0091a000 08:05 3540434                    /usr/lib/jvm/java-6-sun-1.6.0.26/jre/lib/amd64/server/libjvm.so
7f528f87a000-7f528fa2f000 rwxp 0091c000 08:05 3540434                    /usr/lib/jvm/java-6-sun-1.6.0.26/jre/lib/amd64/server/libjvm.so
7f528fa2f000-7f528fa69000 rwxp 00000000 00:00 0 
7f528fa69000-7f528fc00000 r-xp 00000000 08:05 5246591                    /lib/x86_64-linux-gnu/libc-2.13.so
7f528fc00000-7f528fdff000 ---p 00197000 08:05 5246591                    /lib/x86_64-linux-gnu/libc-2.13.so
7f528fdff000-7f528fe03000 r-xp 00196000 08:05 5246591                    /lib/x86_64-linux-gnu/libc-2.13.so
7f528fe03000-7f528fe04000 rwxp 0019a000 08:05 5246591                    /lib/x86_64-linux-gnu/libc-2.13.so
7f528fe04000-7f528fe0a000 rwxp 00000000 00:00 0 
7f528fe0a000-7f528fe0c000 r-xp 00000000 08:05 5246641                    /lib/x86_64-linux-gnu/libdl-2.13.so
7f528fe0c000-7f529000c000 ---p 00002000 08:05 5246641                    /lib/x86_64-linux-gnu/libdl-2.13.so
7f529000c000-7f529000d000 r-xp 00002000 08:05 5246641                    /lib/x86_64-linux-gnu/libdl-2.13.so
7f529000d000-7f529000e000 rwxp 00003000 08:05 5246641                    /lib/x86_64-linux-gnu/libdl-2.13.so
7f529000e000-7f5290026000 r-xp 00000000 08:05 5247599                    /lib/x86_64-linux-gnu/libpthread-2.13.so
7f5290026000-7f5290225000 ---p 00018000 08:05 5247599                    /lib/x86_64-linux-gnu/libpthread-2.13.so
7f5290225000-7f5290226000 r-xp 00017000 08:05 5247599                    /lib/x86_64-linux-gnu/libpthread-2.13.so
7f5290226000-7f5290227000 rwxp 00018000 08:05 5247599                    /lib/x86_64-linux-gnu/libpthread-2.13.so
7f5290227000-7f529022b000 rwxp 00000000 00:00 0 
7f529022b000-7f529024c000 r-xp 00000000 08:05 5246585                    /lib/x86_64-linux-gnu/ld-2.13.so
7f529024c000-7f529024d000 r-xs 00003000 08:05 137838                     /usr/local/apache-maven/apache-maven-3.0.3/lib/aether-spi-1.11.jar
7f529024d000-7f529024f000 r-xs 00000000 08:05 137836                     /usr/local/apache-maven/apache-maven-3.0.3/lib/plexus-component-annotations-1.5.5.jar
7f529024f000-7f5290251000 r-xs 00009000 08:05 137835                     /usr/local/apache-maven/apache-maven-3.0.3/lib/commons-cli-1.2.jar
7f5290251000-7f5290253000 r-xs 00002000 08:05 137834                     /usr/local/apache-maven/apache-maven-3.0.3/lib/plexus-cipher-1.4.jar
7f5290253000-7f5290255000 r-xs 0000a000 08:05 137831                     /usr/local/apache-maven/apache-maven-3.0.3/lib/maven-settings-3.0.3.jar
7f5290255000-7f5290258000 r-xs 00008000 08:05 137830                     /usr/local/apache-maven/apache-maven-3.0.3/lib/maven-settings-builder-3.0.3.jar
7f5290258000-7f529025c000 r-xs 00012000 08:05 137828                     /usr/local/apache-maven/apache-maven-3.0.3/lib/aether-api-1.11.jar
7f529025c000-7f529026b000 rwxp 00000000 00:00 0 
7f529026b000-7f529031c000 rwxp 00000000 00:00 0 
7f529031c000-7f529031f000 rwxp 00000000 00:00 0 
7f529031f000-7f5290326000 r-xp 00000000 08:05 3540405                    /usr/lib/jvm/java-6-sun-1.6.0.26/jre/lib/amd64/jli/libjli.so
7f5290326000-7f5290427000 ---p 00007000 08:05 3540405                    /usr/lib/jvm/java-6-sun-1.6.0.26/jre/lib/amd64/jli/libjli.so
7f5290427000-7f5290429000 rwxp 00008000 08:05 3540405                    /usr/lib/jvm/java-6-sun-1.6.0.26/jre/lib/amd64/jli/libjli.so
7f5290429000-7f529042a000 rwxp 00000000 00:00 0 
7f529042a000-7f529042c000 r-xs 0000c000 08:05 137833                     /usr/local/apache-maven/apache-maven-3.0.3/lib/maven-aether-provider-3.0.3.jar
7f529042c000-7f529042d000 r-xs 00003000 08:05 137829                     /usr/local/apache-maven/apache-maven-3.0.3/lib/wagon-http-lightweight-1.0-beta-7.jar
7f529042d000-7f529042f000 r-xs 0000d000 08:05 137827                     /usr/local/apache-maven/apache-maven-3.0.3/lib/plexus-interpolation-1.14.jar
7f529042f000-7f529043b000 r-xs 0006b000 08:05 137826                     /usr/local/apache-maven/apache-maven-3.0.3/lib/sisu-guice-2.9.4-no_aop.jar
7f529043b000-7f529043d000 r-xs 00013000 08:05 13111910                   /home/alle/Downloads/idea-IU-117.105/lib/idea_rt.jar
7f529043d000-7f529043f000 r-xs 0000a000 08:05 137824                     /usr/local/apache-maven/apache-maven-3.0.3/boot/plexus-classworlds-2.4.jar
7f529043f000-7f5290447000 rwxs 00000000 08:05 6422826                    /tmp/hsperfdata_alle/16264
7f5290447000-7f5290448000 rwxp 00000000 00:00 0 
7f5290448000-7f5290449000 r-xp 00000000 00:00 0 
7f5290449000-7f529044b000 rwxp 00000000 00:00 0 
7f529044b000-7f529044c000 r-xp 00020000 08:05 5246585                    /lib/x86_64-linux-gnu/ld-2.13.so
7f529044c000-7f529044e000 rwxp 00021000 08:05 5246585                    /lib/x86_64-linux-gnu/ld-2.13.so
7fff98a92000-7fff98ab3000 rwxp 00000000 00:00 0                          [stack]
7fff98acf000-7fff98ad0000 r-xp 00000000 00:00 0                          [vdso]
ffffffffff600000-ffffffffff601000 r-xp 00000000 00:00 0                  [vsyscall]

VM Arguments:
jvm_args: -agentlib:jdwp=transport=dt_socket,address=127.0.0.1:45754,suspend=y,server=n -Dclassworlds.conf=/usr/local/apache-maven/apache-maven-3.0.3/bin/m2.conf -Dmaven.home=/usr/local/apache-maven/apache-maven-3.0.3 -Dfile.encoding=UTF-8 
java_command: org.codehaus.classworlds.Launcher --no-plugin-registry --fail-fast --no-plugin-updates --strict-checksums --update-snapshots -f /home/alle/workspace/surfnet/spring-saml2/mockoleth-idp/pom.xml jetty:run
Launcher Type: SUN_STANDARD

Environment Variables:
JAVA_HOME=/usr/lib/jvm/java-6-sun/
CLASSPATH=../lib/bootstrap.jar:../lib/extensions.jar:../lib/util.jar:../lib/jdom.jar:../lib/log4j.jar:../lib/trove4j.jar:../lib/jna.jar:/usr/lib/jvm/java-6-sun//lib/tools.jar
PATH=/usr/lib/lightdm/lightdm:/usr/local/sbin:/usr/local/bin:/usr/sbin:/usr/bin:/sbin:/bin:/usr/games:/usr/local/apache-maven/apache-maven-3.0.3/bin:~/matlab2010a/bin
USERNAME=alle
LD_LIBRARY_PATH=/usr/lib/jvm/java-6-sun-1.6.0.26/jre/lib/amd64/server:/usr/lib/jvm/java-6-sun-1.6.0.26/jre/lib/amd64:/usr/lib/jvm/java-6-sun-1.6.0.26/jre/../lib/amd64:/home/alle/Downloads/idea-IU-117.105/bin:
SHELL=/bin/bash
DISPLAY=:0

Signal Handlers:
SIGSEGV: [libjvm.so+0x85f800], sa_mask[0]=0x7ffbfeff, sa_flags=0x10000004
SIGBUS: [libjvm.so+0x85f800], sa_mask[0]=0x7ffbfeff, sa_flags=0x10000004
SIGFPE: [libjvm.so+0x70e300], sa_mask[0]=0x7ffbfeff, sa_flags=0x10000004
SIGPIPE: [libjvm.so+0x70e300], sa_mask[0]=0x7ffbfeff, sa_flags=0x10000004
SIGXFSZ: [libjvm.so+0x70e300], sa_mask[0]=0x7ffbfeff, sa_flags=0x10000004
SIGILL: [libjvm.so+0x70e300], sa_mask[0]=0x7ffbfeff, sa_flags=0x10000004
SIGUSR1: SIG_DFL, sa_mask[0]=0x00000000, sa_flags=0x00000000
SIGUSR2: [libjvm.so+0x711110], sa_mask[0]=0x00000004, sa_flags=0x10000004
SIGHUP: [libjvm.so+0x710d10], sa_mask[0]=0x7ffbfeff, sa_flags=0x10000004
SIGINT: [libjvm.so+0x710d10], sa_mask[0]=0x7ffbfeff, sa_flags=0x10000004
SIGTERM: [libjvm.so+0x710d10], sa_mask[0]=0x7ffbfeff, sa_flags=0x10000004
SIGQUIT: [libjvm.so+0x710d10], sa_mask[0]=0x7ffbfeff, sa_flags=0x10000004


---------------  S Y S T E M  ---------------

OS:wheezy/sid

uname:Linux 3.0.0-17-generic #30-Ubuntu SMP Thu Mar 8 20:45:39 UTC 2012 x86_64
libc:glibc 2.13 NPTL 2.13 
rlimit: STACK 8192k, CORE 0k, NPROC 95843, NOFILE 4096, AS infinity
load average:0.48 0.30 0.21

/proc/meminfo:
MemTotal:       12285724 kB
MemFree:          941664 kB
Buffers:         1050404 kB
Cached:          4687092 kB
SwapCached:            0 kB
Active:          6087124 kB
Inactive:        4234824 kB
Active(anon):    4586964 kB
Inactive(anon):    17324 kB
Active(file):    1500160 kB
Inactive(file):  4217500 kB
Unevictable:         156 kB
Mlocked:             156 kB
SwapTotal:      12459004 kB
SwapFree:       12459004 kB
Dirty:             31352 kB
Writeback:             0 kB
AnonPages:       4584660 kB
Mapped:           373824 kB
Shmem:             19492 kB
Slab:             706040 kB
SReclaimable:     660872 kB
SUnreclaim:        45168 kB
KernelStack:        6688 kB
PageTables:        54504 kB
NFS_Unstable:          0 kB
Bounce:                0 kB
WritebackTmp:          0 kB
CommitLimit:    18601864 kB
Committed_AS:    8476276 kB
VmallocTotal:   34359738367 kB
VmallocUsed:      174232 kB
VmallocChunk:   34359553532 kB
HardwareCorrupted:     0 kB
AnonHugePages:         0 kB
HugePages_Total:       0
HugePages_Free:        0
HugePages_Rsvd:        0
HugePages_Surp:        0
Hugepagesize:       2048 kB
DirectMap4k:      212992 kB
DirectMap2M:    12328960 kB


CPU:total 8 (4 cores per cpu, 2 threads per core) family 6 model 42 stepping 7, cmov, cx8, fxsr, mmx, sse, sse2, sse3, ssse3, sse4.1, sse4.2, popcnt, ht

/proc/cpuinfo:
processor	: 0
vendor_id	: GenuineIntel
cpu family	: 6
model		: 42
model name	: Intel(R) Core(TM) i7-2720QM CPU @ 2.20GHz
stepping	: 7
cpu MHz		: 2201.000
cache size	: 6144 KB
physical id	: 0
siblings	: 8
core id		: 0
cpu cores	: 4
apicid		: 0
initial apicid	: 0
fpu		: yes
fpu_exception	: yes
cpuid level	: 13
wp		: yes
flags		: fpu vme de pse tsc msr pae mce cx8 apic sep mtrr pge mca cmov pat pse36 clflush dts acpi mmx fxsr sse sse2 ss ht tm pbe syscall nx rdtscp lm constant_tsc arch_perfmon pebs bts rep_good nopl xtopology nonstop_tsc aperfmperf pni pclmulqdq dtes64 monitor ds_cpl vmx smx est tm2 ssse3 cx16 xtpr pdcm sse4_1 sse4_2 x2apic popcnt aes xsave avx lahf_lm ida arat epb xsaveopt pln pts dts tpr_shadow vnmi flexpriority ept vpid
bogomips	: 4389.48
clflush size	: 64
cache_alignment	: 64
address sizes	: 36 bits physical, 48 bits virtual
power management:

processor	: 1
vendor_id	: GenuineIntel
cpu family	: 6
model		: 42
model name	: Intel(R) Core(TM) i7-2720QM CPU @ 2.20GHz
stepping	: 7
cpu MHz		: 2201.000
cache size	: 6144 KB
physical id	: 0
siblings	: 8
core id		: 1
cpu cores	: 4
apicid		: 2
initial apicid	: 2
fpu		: yes
fpu_exception	: yes
cpuid level	: 13
wp		: yes
flags		: fpu vme de pse tsc msr pae mce cx8 apic sep mtrr pge mca cmov pat pse36 clflush dts acpi mmx fxsr sse sse2 ss ht tm pbe syscall nx rdtscp lm constant_tsc arch_perfmon pebs bts rep_good nopl xtopology nonstop_tsc aperfmperf pni pclmulqdq dtes64 monitor ds_cpl vmx smx est tm2 ssse3 cx16 xtpr pdcm sse4_1 sse4_2 x2apic popcnt aes xsave avx lahf_lm ida arat epb xsaveopt pln pts dts tpr_shadow vnmi flexpriority ept vpid
bogomips	: 4389.83
clflush size	: 64
cache_alignment	: 64
address sizes	: 36 bits physical, 48 bits virtual
power management:

processor	: 2
vendor_id	: GenuineIntel
cpu family	: 6
model		: 42
model name	: Intel(R) Core(TM) i7-2720QM CPU @ 2.20GHz
stepping	: 7
cpu MHz		: 2201.000
cache size	: 6144 KB
physical id	: 0
siblings	: 8
core id		: 2
cpu cores	: 4
apicid		: 4
initial apicid	: 4
fpu		: yes
fpu_exception	: yes
cpuid level	: 13
wp		: yes
flags		: fpu vme de pse tsc msr pae mce cx8 apic sep mtrr pge mca cmov pat pse36 clflush dts acpi mmx fxsr sse sse2 ss ht tm pbe syscall nx rdtscp lm constant_tsc arch_perfmon pebs bts rep_good nopl xtopology nonstop_tsc aperfmperf pni pclmulqdq dtes64 monitor ds_cpl vmx smx est tm2 ssse3 cx16 xtpr pdcm sse4_1 sse4_2 x2apic popcnt aes xsave avx lahf_lm ida arat epb xsaveopt pln pts dts tpr_shadow vnmi flexpriority ept vpid
bogomips	: 4389.83
clflush size	: 64
cache_alignment	: 64
address sizes	: 36 bits physical, 48 bits virtual
power management:

processor	: 3
vendor_id	: GenuineIntel
cpu family	: 6
model		: 42
model name	: Intel(R) Core(TM) i7-2720QM CPU @ 2.20GHz
stepping	: 7
cpu MHz		: 2201.000
cache size	: 6144 KB
physical id	: 0
siblings	: 8
core id		: 3
cpu cores	: 4
apicid		: 6
initial apicid	: 6
fpu		: yes
fpu_exception	: yes
cpuid level	: 13
wp		: yes
flags		: fpu vme de pse tsc msr pae mce cx8 apic sep mtrr pge mca cmov pat pse36 clflush dts acpi mmx fxsr sse sse2 ss ht tm pbe syscall nx rdtscp lm constant_tsc arch_perfmon pebs bts rep_good nopl xtopology nonstop_tsc aperfmperf pni pclmulqdq dtes64 monitor ds_cpl vmx smx est tm2 ssse3 cx16 xtpr pdcm sse4_1 sse4_2 x2apic popcnt aes xsave avx lahf_lm ida arat epb xsaveopt pln pts dts tpr_shadow vnmi flexpriority ept vpid
bogomips	: 4389.83
clflush size	: 64
cache_alignment	: 64
address sizes	: 36 bits physical, 48 bits virtual
power management:

processor	: 4
vendor_id	: GenuineIntel
cpu family	: 6
model		: 42
model name	: Intel(R) Core(TM) i7-2720QM CPU @ 2.20GHz
stepping	: 7
cpu MHz		: 2201.000
cache size	: 6144 KB
physical id	: 0
siblings	: 8
core id		: 0
cpu cores	: 4
apicid		: 1
initial apicid	: 1
fpu		: yes
fpu_exception	: yes
cpuid level	: 13
wp		: yes
flags		: fpu vme de pse tsc msr pae mce cx8 apic sep mtrr pge mca cmov pat pse36 clflush dts acpi mmx fxsr sse sse2 ss ht tm pbe syscall nx rdtscp lm constant_tsc arch_perfmon pebs bts rep_good nopl xtopology nonstop_tsc aperfmperf pni pclmulqdq dtes64 monitor ds_cpl vmx smx est tm2 ssse3 cx16 xtpr pdcm sse4_1 sse4_2 x2apic popcnt aes xsave avx lahf_lm ida arat epb xsaveopt pln pts dts tpr_shadow vnmi flexpriority ept vpid
bogomips	: 4389.83
clflush size	: 64
cache_alignment	: 64
address sizes	: 36 bits physical, 48 bits virtual
power management:

processor	: 5
vendor_id	: GenuineIntel
cpu family	: 6
model		: 42
model name	: Intel(R) Core(TM) i7-2720QM CPU @ 2.20GHz
stepping	: 7
cpu MHz		: 2201.000
cache size	: 6144 KB
physical id	: 0
siblings	: 8
core id		: 1
cpu cores	: 4
apicid		: 3
initial apicid	: 3
fpu		: yes
fpu_exception	: yes
cpuid level	: 13
wp		: yes
flags		: fpu vme de pse tsc msr pae mce cx8 apic sep mtrr pge mca cmov pat pse36 clflush dts acpi mmx fxsr sse sse2 ss ht tm pbe syscall nx rdtscp lm constant_tsc arch_perfmon pebs bts rep_good nopl xtopology nonstop_tsc aperfmperf pni pclmulqdq dtes64 monitor ds_cpl vmx smx est tm2 ssse3 cx16 xtpr pdcm sse4_1 sse4_2 x2apic popcnt aes xsave avx lahf_lm ida arat epb xsaveopt pln pts dts tpr_shadow vnmi flexpriority ept vpid
bogomips	: 4389.83
clflush size	: 64
cache_alignment	: 64
address sizes	: 36 bits physical, 48 bits virtual
power management:

processor	: 6
vendor_id	: GenuineIntel
cpu family	: 6
model		: 42
model name	: Intel(R) Core(TM) i7-2720QM CPU @ 2.20GHz
stepping	: 7
cpu MHz		: 2201.000
cache size	: 6144 KB
physical id	: 0
siblings	: 8
core id		: 2
cpu cores	: 4
apicid		: 5
initial apicid	: 5
fpu		: yes
fpu_exception	: yes
cpuid level	: 13
wp		: yes
flags		: fpu vme de pse tsc msr pae mce cx8 apic sep mtrr pge mca cmov pat pse36 clflush dts acpi mmx fxsr sse sse2 ss ht tm pbe syscall nx rdtscp lm constant_tsc arch_perfmon pebs bts rep_good nopl xtopology nonstop_tsc aperfmperf pni pclmulqdq dtes64 monitor ds_cpl vmx smx est tm2 ssse3 cx16 xtpr pdcm sse4_1 sse4_2 x2apic popcnt aes xsave avx lahf_lm ida arat epb xsaveopt pln pts dts tpr_shadow vnmi flexpriority ept vpid
bogomips	: 4389.84
clflush size	: 64
cache_alignment	: 64
address sizes	: 36 bits physical, 48 bits virtual
power management:

processor	: 7
vendor_id	: GenuineIntel
cpu family	: 6
model		: 42
model name	: Intel(R) Core(TM) i7-2720QM CPU @ 2.20GHz
stepping	: 7
cpu MHz		: 1300.000
cache size	: 6144 KB
physical id	: 0
siblings	: 8
core id		: 3
cpu cores	: 4
apicid		: 7
initial apicid	: 7
fpu		: yes
fpu_exception	: yes
cpuid level	: 13
wp		: yes
flags		: fpu vme de pse tsc msr pae mce cx8 apic sep mtrr pge mca cmov pat pse36 clflush dts acpi mmx fxsr sse sse2 ss ht tm pbe syscall nx rdtscp lm constant_tsc arch_perfmon pebs bts rep_good nopl xtopology nonstop_tsc aperfmperf pni pclmulqdq dtes64 monitor ds_cpl vmx smx est tm2 ssse3 cx16 xtpr pdcm sse4_1 sse4_2 x2apic popcnt aes xsave avx lahf_lm ida arat epb xsaveopt pln pts dts tpr_shadow vnmi flexpriority ept vpid
bogomips	: 4389.84
clflush size	: 64
cache_alignment	: 64
address sizes	: 36 bits physical, 48 bits virtual
power management:



Memory: 4k page, physical 12285724k(941664k free), swap 12459004k(12459004k free)

vm_info: Java HotSpot(TM) 64-Bit Server VM (20.1-b02) for linux-amd64 JRE (1.6.0_26-b03), built on May  4 2011 01:13:47 by "java_re" with gcc 3.2.2 (SuSE Linux)

time: Wed Apr 11 15:39:18 2012
elapsed time: 5477 seconds

