#
# A fatal error has been detected by the Java Runtime Environment:
#
#  SIGSEGV (0xb) at pc=0x00007f31a324535f, pid=18694, tid=139851019929344
#
# JRE version: 6.0_26-b03
# Java VM: Java HotSpot(TM) 64-Bit Server VM (20.1-b02 mixed mode linux-amd64 compressed oops)
# Problematic frame:
# C  [libc.so.6+0x13a35f]  __nss_hosts_lookup+0x1a11f
#
# If you would like to submit a bug report, please visit:
#   http://java.sun.com/webapps/bugreport/crash.jsp
# The crash happened outside the Java Virtual Machine in native code.
# See problematic frame for where to report the bug.
#

---------------  T H R E A D  ---------------

Current thread (0x00007f31956b2800):  JavaThread "Timer-1" daemon [_thread_in_native, id=18755, stack(0x00007f319a4d4000,0x00007f319a5d5000)]

siginfo:si_signo=SIGSEGV: si_errno=0, si_code=1 (SEGV_MAPERR), si_addr=0x00007f3199f3a000

Registers:
RAX=0x00007f3195dd9b10, RBX=0x0000000000000000, RCX=0x0000000000008000, RDX=0x0000000000001870
RSP=0x00007f319a5d23a8, RBP=0x00007f3199f38e31, RSI=0x00007f3199f39fef, RDI=0x00007f3195ddaca0
R8 =0x00007f3195dd9b10, R9 =0x00007f31a3245350, R10=0x00007f31a2f99ff0, R11=0x00007f31a3271530
R12=0x00007f3194f69270, R13=0x0000000000002b00, R14=0x00007f318cc962e0, R15=0x0000000000000000
RIP=0x00007f31a324535f, EFLAGS=0x0000000000010202, CSGSFS=0x0000000000000033, ERR=0x0000000000000004
  TRAPNO=0x000000000000000e

Top of Stack: (sp=0x00007f319a5d23a8)
0x00007f319a5d23a8:   00007f31a09b42de 000000009a5d23d0
0x00007f319a5d23b8:   00007f318c6e36d0 00007f318cc962e0
0x00007f319a5d23c8:   0000000000000000 000000009ba3321b
0x00007f319a5d23d8:   00007f319a5d2440 000000000000002b
0x00007f319a5d23e8:   00007f31a09b4584 00007f31956b2800
0x00007f319a5d23f8:   00007f319a5d2440 00007f31956b29d0
0x00007f319a5d2408:   000000000000002b 00007f319a5d2898
0x00007f319a5d2418:   000000000000002b 0000000000000001
0x00007f319a5d2428:   00007f31a09ac757 00007f319a5d2440
0x00007f319a5d2438:   00007f318cc962e0 6e667275732f6c6e
0x00007f319a5d2448:   6f6b636f6d2f7465 6974752f6874656c
0x00007f319a5d2458:   6553656d69542f6c 6c632e6563697672
0x00007f319a5d2468:   00007f3100737361 000000073f8a7e23
0x00007f319a5d2478:   00007f319a5d24c8 000000073f8a8f88
0x00007f319a5d2488:   0000000000000000 000000073f8a7e70
0x00007f319a5d2498:   0000000000000000 00007f319a5d24c8
0x00007f319a5d24a8:   000000073f612af0 00007f31956b2800
0x00007f319a5d24b8:   0000000000000001 0000000000000000
0x00007f319a5d24c8:   00007f319505cf90 00000007c28090f0
0x00007f319a5d24d8:   00007f31a2f85530 00007f319a5d2500
0x00007f319a5d24e8:   00007f31a2730e3c 0000000000000000
0x00007f319a5d24f8:   00007f31956b2800 00007f319a5d2550
0x00007f319a5d2508:   00007f31a29ae4d6 00007f319a5d2578
0x00007f319a5d2518:   000000049d9aeb02 00007f319505cf90
0x00007f319a5d2528:   000000073f612b00 00007f31956b2800
0x00007f319a5d2538:   0000000000000004 0000000000000004
0x00007f319a5d2548:   00007f31956b2800 00007f319a5d2580
0x00007f319a5d2558:   00007f31a2c040e3 000000073f8a5ff8
0x00007f319a5d2568:   00007f31956b2800 000000073f8a5ff8
0x00007f319a5d2578:   0000000000000063 00007f319a5d25d0
0x00007f319a5d2588:   00007f31a29d421e 00007f31956b2800
0x00007f319a5d2598:   00007f319a5d2598 00007f31956b2800 

Instructions: (pc=0x00007f31a324535f)
0x00007f31a324533f:   8d 14 13 ff e2 0f 0b 66 2e 0f 1f 84 00 00 00 00
0x00007f31a324534f:   00 48 81 ea 80 00 00 00 0f 28 4e f1 0f 28 56 01
0x00007f31a324535f:   0f 28 5e 11 0f 28 66 21 0f 28 6e 31 0f 28 76 41
0x00007f31a324536f:   0f 28 7e 51 44 0f 28 46 61 44 0f 28 4e 71 48 8d 

Register to memory mapping:

RAX=0x00007f3195dd9b10 is an unknown value
RBX=0x0000000000000000 is an unknown value
RCX=0x0000000000008000 is an unknown value
RDX=0x0000000000001870 is an unknown value
RSP=0x00007f319a5d23a8 is pointing into the stack for thread: 0x00007f31956b2800
RBP=0x00007f3199f38e31 is an unknown value
RSI=0x00007f3199f39fef is an unknown value
RDI=0x00007f3195ddaca0 is an unknown value
R8 =0x00007f3195dd9b10 is an unknown value
R9 =0x00007f31a3245350: <offset 0x13a350> in /lib/x86_64-linux-gnu/libc.so.6 at 0x00007f31a310b000
R10=0x00007f31a2f99ff0: <offset 0xa99ff0> in /usr/lib/jvm/java-6-sun-1.6.0.26/jre/lib/amd64/server/libjvm.so at 0x00007f31a2500000
R11=0x00007f31a3271530: <offset 0x166530> in /lib/x86_64-linux-gnu/libc.so.6 at 0x00007f31a310b000
R12=0x00007f3194f69270 is an unknown value
R13=0x0000000000002b00 is an unknown value
R14=0x00007f318cc962e0 is an unknown value
R15=0x0000000000000000 is an unknown value


Stack: [0x00007f319a4d4000,0x00007f319a5d5000],  sp=0x00007f319a5d23a8,  free space=1016k
Native frames: (J=compiled Java code, j=interpreted, Vv=VM code, C=native code)
C  [libc.so.6+0x13a35f]  __nss_hosts_lookup+0x1a11f

Java frames: (J=compiled Java code, j=interpreted, Vv=VM code)
J  java.util.zip.ZipFile.getEntry(JLjava/lang/String;Z)J
J  java.util.jar.JarFile.getEntry(Ljava/lang/String;)Ljava/util/zip/ZipEntry;
j  sun.net.www.protocol.jar.URLJarFile.getEntry(Ljava/lang/String;)Ljava/util/zip/ZipEntry;+2
j  sun.net.www.protocol.jar.JarURLConnection.connect()V+62
j  sun.net.www.protocol.jar.JarURLConnection.getInputStream()Ljava/io/InputStream;+1
j  java.net.URL.openStream()Ljava/io/InputStream;+4
j  java.lang.ClassLoader.getResourceAsStream(Ljava/lang/String;)Ljava/io/InputStream;+11
j  org.springframework.core.io.ClassPathResource.getInputStream()Ljava/io/InputStream;+30
j  org.springframework.core.type.classreading.SimpleMetadataReader.<init>(Lorg/springframework/core/io/Resource;Ljava/lang/ClassLoader;)V+5
j  org.springframework.core.type.classreading.SimpleMetadataReaderFactory.getMetadataReader(Lorg/springframework/core/io/Resource;)Lorg/springframework/core/type/classreading/MetadataReader;+14
j  org.springframework.core.type.classreading.CachingMetadataReaderFactory.getMetadataReader(Lorg/springframework/core/io/Resource;)Lorg/springframework/core/type/classreading/MetadataReader;+40
j  org.springframework.core.type.classreading.SimpleMetadataReaderFactory.getMetadataReader(Ljava/lang/String;)Lorg/springframework/core/type/classreading/MetadataReader;+36
j  org.springframework.context.annotation.ConfigurationClassBeanDefinitionReader.checkConfigurationClassCandidate(Lorg/springframework/beans/factory/config/BeanDefinition;Lorg/springframework/core/type/classreading/MetadataReaderFactory;)Z+50
j  org.springframework.context.annotation.ConfigurationClassPostProcessor.processConfigBeanDefinitions(Lorg/springframework/beans/factory/support/BeanDefinitionRegistry;)V+47
j  org.springframework.context.annotation.ConfigurationClassPostProcessor.postProcessBeanDefinitionRegistry(Lorg/springframework/beans/factory/support/BeanDefinitionRegistry;)V+101
j  org.springframework.context.support.AbstractApplicationContext.invokeBeanFactoryPostProcessors(Lorg/springframework/beans/factory/config/ConfigurableListableBeanFactory;)V+181
j  org.springframework.context.support.AbstractApplicationContext.refresh()V+28
j  org.springframework.web.context.ContextLoader.createWebApplicationContext(Ljavax/servlet/ServletContext;Lorg/springframework/context/ApplicationContext;)Lorg/springframework/web/context/WebApplicationContext;+229
j  org.springframework.web.context.ContextLoader.initWebApplicationContext(Ljavax/servlet/ServletContext;)Lorg/springframework/web/context/WebApplicationContext;+69
j  org.springframework.web.context.ContextLoaderListener.contextInitialized(Ljavax/servlet/ServletContextEvent;)V+28
j  org.mortbay.jetty.handler.ContextHandler.startContext()V+62
j  org.mortbay.jetty.servlet.Context.startContext()V+1
j  org.mortbay.jetty.webapp.WebAppContext.startContext()V+123
j  org.mortbay.jetty.handler.ContextHandler.doStart()V+140
j  org.mortbay.jetty.webapp.WebAppContext.doStart()V+217
j  org.mortbay.jetty.plugin.Jetty6PluginWebAppContext.doStart()V+6
j  org.mortbay.component.AbstractLifeCycle.start()V+31
j  org.mortbay.jetty.plugin.AbstractJettyRunMojo.restartWebApp(Z)V+186
j  org.mortbay.jetty.plugin.AbstractJettyRunMojo$1.filesChanged(Ljava/util/List;)V+25
j  org.mortbay.util.Scanner.reportBulkChanges(Ljava/util/List;)V+38
j  org.mortbay.util.Scanner.reportDifferences(Ljava/util/Map;Ljava/util/Map;)V+345
j  org.mortbay.util.Scanner.scan()V+13
j  org.mortbay.util.Scanner$1.run()V+4
j  java.util.TimerThread.mainLoop()V+221
j  java.util.TimerThread.run()V+1
v  ~StubRoutines::call_stub

---------------  P R O C E S S  ---------------

Java Threads: ( => current thread )
  0x00007f319515b000 JavaThread "Timer-2" daemon [_thread_blocked, id=18994, stack(0x00007f319ae39000,0x00007f319af3a000)]
  0x00007f3194f4f800 JavaThread "124597925@qtp-588932657-2" [_thread_blocked, id=18757, stack(0x00007f319a10c000,0x00007f319a20d000)]
=>0x00007f31956b2800 JavaThread "Timer-1" daemon [_thread_in_native, id=18755, stack(0x00007f319a4d4000,0x00007f319a5d5000)]
  0x00007f318c40c800 JavaThread "1485411482@qtp-588932657-1 - Acceptor0 SslSocketConnector@0.0.0.0:8443" [_thread_in_native, id=18753, stack(0x00007f319a2d2000,0x00007f319a3d3000)]
  0x00007f318c7e1800 JavaThread "93763411@qtp-588932657-0 - Acceptor0 SelectChannelConnector@0.0.0.0:8080" [_thread_in_native, id=18752, stack(0x00007f319a3d3000,0x00007f319a4d4000)]
  0x00007f319423f000 JavaThread "com.google.inject.internal.util.$Finalizer" daemon [_thread_blocked, id=18717, stack(0x00007f319af3a000,0x00007f319b03b000)]
  0x00007f3194009800 JavaThread "Low Memory Detector" daemon [_thread_blocked, id=18715, stack(0x00007f319b17f000,0x00007f319b280000)]
  0x00007f3194007000 JavaThread "C2 CompilerThread1" daemon [_thread_in_native, id=18714, stack(0x00007f319b280000,0x00007f319b381000)]
  0x00007f3194004000 JavaThread "C2 CompilerThread0" daemon [_thread_blocked, id=18713, stack(0x00007f319b381000,0x00007f319b482000)]
  0x00000000418ad800 JavaThread "JDWP Command Reader" daemon [_thread_in_native, id=18711, stack(0x00007f319b482000,0x00007f319b583000)]
  0x00007f3194002000 JavaThread "JDWP Event Helper Thread" daemon [_thread_blocked, id=18710, stack(0x00007f319b583000,0x00007f319b684000)]
  0x00000000418aa800 JavaThread "JDWP Transport Listener: dt_socket" daemon [_thread_blocked, id=18708, stack(0x00007f319b684000,0x00007f319b785000)]
  0x000000004189f000 JavaThread "Signal Dispatcher" daemon [_thread_blocked, id=18707, stack(0x00007f319b889000,0x00007f319b98a000)]
  0x0000000041883000 JavaThread "Finalizer" daemon [_thread_blocked, id=18706, stack(0x00007f319b98a000,0x00007f319ba8b000)]
  0x000000004187b800 JavaThread "Reference Handler" daemon [_thread_blocked, id=18705, stack(0x00007f319ba8b000,0x00007f319bb8c000)]
  0x000000004180f800 JavaThread "main" [_thread_blocked, id=18695, stack(0x00007f31a217b000,0x00007f31a227c000)]

Other Threads:
  0x0000000041875000 VMThread [stack: 0x00007f319bb8c000,0x00007f319bc8d000] [id=18704]
  0x00007f3194014800 WatcherThread [stack: 0x00007f319b07e000,0x00007f319b17f000] [id=18716]

VM state:not at safepoint (normal execution)

VM Mutex/Monitor currently owned by a thread: None

Heap
 PSYoungGen      total 55680K, used 21664K [0x00000007c1800000, 0x00000007c5d60000, 0x0000000800000000)
  eden space 42880K, 39% used [0x00000007c1800000,0x00000007c28731f0,0x00000007c41e0000)
  from space 12800K, 37% used [0x00000007c50e0000,0x00000007c5595020,0x00000007c5d60000)
  to   space 14080K, 0% used [0x00000007c41e0000,0x00000007c41e0000,0x00000007c4fa0000)
 PSOldGen        total 128000K, used 10030K [0x0000000744800000, 0x000000074c500000, 0x00000007c1800000)
  object space 128000K, 7% used [0x0000000744800000,0x00000007451cbb90,0x000000074c500000)
 PSPermGen       total 51008K, used 50953K [0x000000073f600000, 0x00000007427d0000, 0x0000000744800000)
  object space 51008K, 99% used [0x000000073f600000,0x00000007427c2528,0x00000007427d0000)

Code Cache  [0x00007f319d9a9000, 0x00007f319dd39000, 0x00007f31a09a9000)
 total_blobs=1055 nmethods=743 adapters=273 free_code_cache=46742912 largest_free_block=26560

Dynamic libraries:
40000000-40009000 r-xp 00000000 08:05 3540296                            /usr/lib/jvm/java-6-sun-1.6.0.26/jre/bin/java
40108000-4010a000 rwxp 00008000 08:05 3540296                            /usr/lib/jvm/java-6-sun-1.6.0.26/jre/bin/java
41804000-45314000 rwxp 00000000 00:00 0                                  [heap]
73f600000-7427d0000 rwxp 00000000 00:00 0 
7427d0000-744800000 rwxp 00000000 00:00 0 
744800000-74c500000 rwxp 00000000 00:00 0 
74c500000-7c1800000 rwxp 00000000 00:00 0 
7c1800000-7c5d60000 rwxp 00000000 00:00 0 
7c5d60000-7c60e0000 ---p 00000000 00:00 0 
7c60e0000-800000000 rwxp 00000000 00:00 0 
7f318c000000-7f318e2e4000 rwxp 00000000 00:00 0 
7f318e2e4000-7f3190000000 ---p 00000000 00:00 0 
7f3194000000-7f319617e000 rwxp 00000000 00:00 0 
7f319617e000-7f3198000000 ---p 00000000 00:00 0 
7f3199d79000-7f3199d7b000 r-xs 0000d000 fd:01 1394225                    /home/alle/.m2/repository/commons-codec/commons-codec/1.4/commons-codec-1.4.jar
7f3199d7b000-7f3199d7c000 r-xs 00001000 fd:01 1827046                    /home/alle/.m2/repository/org/slf4j/slf4j-simple/1.6.4/slf4j-simple-1.6.4.jar
7f3199d7c000-7f3199d7e000 r-xs 00005000 fd:01 205491                     /home/alle/.m2/repository/org/slf4j/slf4j-api/1.6.4/slf4j-api-1.6.4.jar
7f3199d7e000-7f3199d88000 r-xs 0005c000 fd:01 1393345                    /home/alle/.m2/repository/javax/servlet/jstl/1.2/jstl-1.2.jar
7f3199d88000-7f3199d92000 r-xs 00055000 fd:01 2015281                    /home/alle/.m2/repository/org/springframework/spring-jdbc/3.0.6.RELEASE/spring-jdbc-3.0.6.RELEASE.jar
7f3199d92000-7f3199d95000 r-xs 00011000 fd:01 2031981                    /home/alle/.m2/repository/org/springframework/security/spring-security-acl/3.0.6.RELEASE/spring-security-acl-3.0.6.RELEASE.jar
7f3199d95000-7f3199d96000 r-xs 00004000 fd:01 2031978                    /home/alle/.m2/repository/org/springframework/security/spring-security-taglibs/3.0.6.RELEASE/spring-security-taglibs-3.0.6.RELEASE.jar
7f3199d96000-7f3199d99000 r-xs 0002b000 fd:01 2031975                    /home/alle/.m2/repository/org/springframework/security/spring-security-config/3.0.6.RELEASE/spring-security-config-3.0.6.RELEASE.jar
7f3199d99000-7f3199da0000 r-xs 00035000 fd:01 2031972                    /home/alle/.m2/repository/org/springframework/security/spring-security-web/3.0.6.RELEASE/spring-security-web-3.0.6.RELEASE.jar
7f3199da0000-7f3199db6000 r-xs 00178000 fd:01 336252                     /home/alle/.m2/repository/org/aspectj/aspectjweaver/1.6.8/aspectjweaver-1.6.8.jar
7f3199db6000-7f3199dbb000 r-xs 00018000 fd:01 336249                     /home/alle/.m2/repository/org/aspectj/aspectjrt/1.6.8/aspectjrt-1.6.8.jar
7f3199dbb000-7f3199dc4000 r-xs 00046000 fd:01 1982568                    /home/alle/.m2/repository/org/springframework/spring-aop/3.0.6.RELEASE/spring-aop-3.0.6.RELEASE.jar
7f3199dc4000-7f3199dcb000 r-xs 00032000 fd:01 2015276                    /home/alle/.m2/repository/org/springframework/spring-tx/3.0.6.RELEASE/spring-tx-3.0.6.RELEASE.jar
7f3199dcb000-7f3199dd5000 r-xs 00043000 fd:01 2031969                    /home/alle/.m2/repository/org/springframework/security/spring-security-core/3.0.6.RELEASE/spring-security-core-3.0.6.RELEASE.jar
7f3199dd5000-7f3199ddb000 r-xs 0002d000 fd:01 1778019                    /home/alle/.m2/repository/org/springframework/spring-test/3.0.6.RELEASE/spring-test-3.0.6.RELEASE.jar
7f3199ddb000-7f3199ddc000 r-xs 00004000 fd:01 2031718                    /home/alle/.m2/repository/org/codehaus/jackson/jackson-jaxrs/1.9.5/jackson-jaxrs-1.9.5.jar
7f3199ddc000-7f3199de0000 r-xs 00034000 fd:01 2031721                    /home/alle/.m2/repository/org/codehaus/jackson/jackson-core-asl/1.9.5/jackson-core-asl-1.9.5.jar
7f3199de0000-7f3199def000 r-xs 000b0000 fd:01 2031724                    /home/alle/.m2/repository/org/codehaus/jackson/jackson-mapper-asl/1.9.5/jackson-mapper-asl-1.9.5.jar
7f3199def000-7f3199df1000 r-xs 00000000 fd:01 1458191                    /home/alle/.m2/repository/aopalliance/aopalliance/1.0/aopalliance-1.0.jar
7f3199df1000-7f3199dfb000 r-xs 00058000 fd:01 2015473                    /home/alle/.m2/repository/org/springframework/spring-web/3.0.6.RELEASE/spring-web-3.0.6.RELEASE.jar
7f3199dfb000-7f3199dff000 r-xs 00026000 fd:01 336365                     /home/alle/.m2/repository/org/springframework/spring-expression/3.0.6.RELEASE/spring-expression-3.0.6.RELEASE.jar
7f3199dff000-7f3199e01000 r-xs 0000d000 fd:01 1491004                    /home/alle/.m2/repository/commons-logging/commons-logging/1.1.1/commons-logging-1.1.1.jar
7f3199e01000-7f3199e0a000 r-xs 00055000 fd:01 336359                     /home/alle/.m2/repository/org/springframework/spring-core/3.0.6.RELEASE/spring-core-3.0.6.RELEASE.jar
7f3199e0a000-7f3199e0d000 r-xs 00016000 fd:01 205759                     /home/alle/.m2/repository/org/springframework/spring-context-support/3.0.6.RELEASE/spring-context-support-3.0.6.RELEASE.jar
7f3199e0d000-7f3199e1e000 r-xs 00093000 fd:01 336362                     /home/alle/.m2/repository/org/springframework/spring-context/3.0.6.RELEASE/spring-context-3.0.6.RELEASE.jar
7f3199e1e000-7f3199e29000 r-xs 0007d000 fd:01 336356                     /home/alle/.m2/repository/org/springframework/spring-beans/3.0.6.RELEASE/spring-beans-3.0.6.RELEASE.jar
7f3199e29000-7f3199e2a000 r-xs 0000c000 fd:01 336134                     /home/alle/.m2/repository/org/springframework/spring-asm/3.0.6.RELEASE/spring-asm-3.0.6.RELEASE.jar
7f3199e2a000-7f3199e33000 r-xs 0005e000 fd:01 2031937                    /home/alle/.m2/repository/org/springframework/spring-webmvc/3.0.6.RELEASE/spring-webmvc-3.0.6.RELEASE.jar
7f3199e33000-7f3199e36000 r-xs 00041000 fd:01 1458199                    /home/alle/.m2/repository/xalan/serializer/2.7.1/serializer-2.7.1.jar
7f3199e36000-7f3199e5b000 r-xs 002e3000 fd:01 1458205                    /home/alle/.m2/repository/xalan/xalan/2.7.1/xalan-2.7.1.jar
7f3199e5b000-7f3199e5d000 r-xs 00013000 fd:01 1393800                    /home/alle/.m2/repository/xml-resolver/xml-resolver/1.2/xml-resolver-1.2.jar
7f3199e5d000-7f3199e76000 r-xs 00134000 fd:01 1394322                    /home/alle/.m2/repository/xerces/xercesImpl/2.10.0/xercesImpl-2.10.0.jar
7f3199e76000-7f3199e7c000 r-xs 00054000 fd:01 1843563                    /home/alle/.m2/repository/org/owasp/esapi/esapi/2.0GA/esapi-2.0GA.jar
7f3199e7c000-7f3199e84000 r-xs 00058000 fd:01 1393223                    /home/alle/.m2/repository/velocity/velocity/1.5/velocity-1.5.jar
7f3199e84000-7f3199e91000 r-xs 0007c000 fd:01 1499172                    /home/alle/.m2/repository/commons-collections/commons-collections/3.1/commons-collections-3.1.jar
7f3199e91000-7f3199e97000 r-xs 00045000 fd:01 1393155                    /home/alle/.m2/repository/commons-httpclient/commons-httpclient/3.1/commons-httpclient-3.1.jar
7f3199e97000-7f3199e98000 r-xs 00000000 fd:01 1394321                    /home/alle/.m2/repository/net/jcip/jcip-annotations/1.0/jcip-annotations-1.0.jar
7f3199e98000-7f3199e9d000 r-xs 0003b000 fd:01 1394315                    /home/alle/.m2/repository/ca/juliusdavies/not-yet-commons-ssl/0.3.9/not-yet-commons-ssl-0.3.9.jar
7f3199e9d000-7f3199ea8000 r-xs 00063000 fd:01 1843562                    /home/alle/.m2/repository/org/apache/santuario/xmlsec/1.4.4/xmlsec-1.4.4.jar
7f3199ea8000-7f3199ecd000 r-xs 00172000 fd:01 1581469                    /home/alle/.m2/repository/org/bouncycastle/bcprov-jdk15/1.45/bcprov-jdk15-1.45.jar
7f3199ecd000-7f3199edc000 r-xs 00076000 fd:01 1393896                    /home/alle/.m2/repository/joda-time/joda-time/1.6.2/joda-time-1.6.2.jar
7f3199edc000-7f3199ede000 r-xs 00000000 fd:01 1843575                    /home/alle/.m2/repository/org/slf4j/jul-to-slf4j/1.6.1/jul-to-slf4j-1.6.1.jar
7f3199ede000-7f3199ee0000 r-xs 00002000 fd:01 1843571                    /home/alle/.m2/repository/org/slf4j/log4j-over-slf4j/1.6.1/log4j-over-slf4j-1.6.1.jar
7f3199ee0000-7f3199ee2000 r-xs 00003000 fd:01 164875                     /home/alle/.m2/repository/org/slf4j/jcl-over-slf4j/1.6.1/jcl-over-slf4j-1.6.1.jar
7f3199ee2000-7f3199ef1000 r-xs 00087000 fd:01 1843580                    /home/alle/.m2/repository/org/opensaml/xmltooling/1.3.2/xmltooling-1.3.2.jar
7f3199ef1000-7f3199f04000 r-xs 00078000 fd:01 1843572                    /home/alle/.m2/repository/org/opensaml/openws/1.4.2/openws-1.4.2.jar
7f3199f04000-7f3199f2c000 r-xs 00123000 fd:01 1843564                    /home/alle/.m2/repository/org/opensaml/opensaml/2.5.1/opensaml-2.5.1.jar
7f3199f2c000-7f3199f35000 r-xs 0002d000 fd:01 1394316                    /home/alle/.m2/repository/xml-apis/xml-apis/1.4.01/xml-apis-1.4.01.jar
7f3199f35000-7f3199f38000 r-xs 00018000 fd:01 1393103                    /home/alle/.m2/repository/commons-io/commons-io/1.4/commons-io-1.4.jar
7f3199f38000-7f3199f3a000 r-xs 00004000 fd:01 1778032                    /home/alle/.m2/repository/org/surfnet/coin/mockoleth-common/2.2.0-SNAPSHOT/mockoleth-common-2.2.0-SNAPSHOT.jar
7f319a10a000-7f319a10c000 r-xs 00004000 fd:01 1778032                    /home/alle/.m2/repository/org/surfnet/coin/mockoleth-common/2.2.0-SNAPSHOT/mockoleth-common-2.2.0-SNAPSHOT.jar
7f319a10c000-7f319a10f000 ---p 00000000 00:00 0 
7f319a10f000-7f319a20d000 rwxp 00000000 00:00 0 
7f319a20d000-7f319a21c000 r-xs 00667000 08:05 661211                     /usr/lib/jvm/java-6-sun-1.6.0.26/jre/lib/charsets.jar
7f319a21c000-7f319a22b000 r-xs 00667000 08:05 661211                     /usr/lib/jvm/java-6-sun-1.6.0.26/jre/lib/charsets.jar
7f319a22b000-7f319a22e000 r-xs 00027000 08:05 3540268                    /usr/lib/jvm/java-6-sun-1.6.0.26/jre/lib/ext/sunjce_provider.jar
7f319a22e000-7f319a231000 r-xs 00013000 08:05 661210                     /usr/lib/jvm/java-6-sun-1.6.0.26/jre/lib/jce.jar
7f319a231000-7f319a238000 r-xs 00094000 08:05 661209                     /usr/lib/jvm/java-6-sun-1.6.0.26/jre/lib/jsse.jar
7f319a238000-7f319a23a000 r-xs 00003000 fd:01 1613921                    /home/alle/.m2/repository/org/mortbay/jetty/start/6.1.26/start-6.1.26.jar
7f319a23a000-7f319a23b000 r-xs 00002000 fd:01 1785989                    /home/alle/.m2/repository/org/apache/geronimo/specs/geronimo-annotation_1.0_spec/1.0/geronimo-annotation_1.0_spec-1.0.jar
7f319a23b000-7f319a23d000 r-xs 00002000 fd:01 1614129                    /home/alle/.m2/repository/org/mortbay/jetty/jetty-annotations/6.1.26/jetty-annotations-6.1.26.jar
7f319a23d000-7f319a24c000 r-xs 000ee000 fd:01 1499178                    /home/alle/.m2/repository/ant/ant/1.6.5/ant-1.6.5.jar
7f319a24c000-7f319a25a000 r-xs 0018b000 fd:01 1597576                    /home/alle/.m2/repository/org/eclipse/jdt/core/compiler/ecj/3.5.1/ecj-3.5.1.jar
7f319a25a000-7f319a26b000 r-xs 000ea000 fd:01 1613971                    /home/alle/.m2/repository/org/mortbay/jetty/jsp-2.1-glassfish/2.1.v20091210/jsp-2.1-glassfish-2.1.v20091210.jar
7f319a26b000-7f319a26f000 r-xs 0001e000 fd:01 1613903                    /home/alle/.m2/repository/org/mortbay/jetty/jsp-api-2.1-glassfish/2.1.v20091210/jsp-api-2.1-glassfish-2.1.v20091210.jar
7f319a26f000-7f319a292000 r-xs 00344000 fd:01 1597569                    /home/alle/.m2/repository/org/eclipse/jdt/core/3.1.1/core-3.1.1.jar
7f319a292000-7f319a294000 r-xs 00000000 fd:01 1614025                    /home/alle/.m2/repository/org/mortbay/jetty/jsp-2.1-jetty/6.1.26/jsp-2.1-jetty-6.1.26.jar
7f319a294000-7f319a296000 r-xs 00007000 fd:01 1614053                    /home/alle/.m2/repository/org/mortbay/jetty/jetty-management/6.1.26/jetty-management-6.1.26.jar
7f319a296000-7f319a29c000 r-xs 00059000 fd:01 1393594                    /home/alle/.m2/repository/javax/mail/mail/1.4/mail-1.4.jar
7f319a29c000-7f319a29d000 r-xs 00006000 fd:01 1614105                    /home/alle/.m2/repository/org/mortbay/jetty/jetty-naming/6.1.26/jetty-naming-6.1.26.jar
7f319a29d000-7f319a29f000 r-xs 00002000 fd:01 1490964                    /home/alle/.m2/repository/geronimo-spec/geronimo-spec-jta/1.0.1B-rc4/geronimo-spec-jta-1.0.1B-rc4.jar
7f319a29f000-7f319a2a1000 r-xs 0000d000 fd:01 1614156                    /home/alle/.m2/repository/org/mortbay/jetty/jetty-plus/6.1.26/jetty-plus-6.1.26.jar
7f319a2a1000-7f319a2a3000 r-xs 00004000 fd:01 1949758                    /home/alle/.m2/repository/org/apache/maven/maven-plugin-tools-api/2.0/maven-plugin-tools-api-2.0.jar
7f319a2a3000-7f319a2a6000 r-xs 0001b000 fd:01 1450020                    /home/alle/.m2/repository/junit/junit/3.8.2/junit-3.8.2.jar
7f319a2a6000-7f319a2a9000 r-xs 00027000 fd:01 1573157                    /home/alle/.m2/repository/org/codehaus/plexus/plexus-utils/1.1/plexus-utils-1.1.jar
7f319a2a9000-7f319a2ab000 r-xs 0001f000 fd:01 1613980                    /home/alle/.m2/repository/org/mortbay/jetty/servlet-api/2.5-20081211/servlet-api-2.5-20081211.jar
7f319a2ab000-7f319a2af000 r-xs 00028000 fd:01 1614178                    /home/alle/.m2/repository/org/mortbay/jetty/jetty-util/6.1.26/jetty-util-6.1.26.jar
7f319a2af000-7f319a2b6000 r-xs 0007d000 fd:01 1613941                    /home/alle/.m2/repository/org/mortbay/jetty/jetty/6.1.26/jetty-6.1.26.jar
7f319a2b6000-7f319a2b8000 r-xs 0000a000 fd:01 1614076                    /home/alle/.m2/repository/org/mortbay/jetty/maven-jetty-plugin/6.1.26/maven-jetty-plugin-6.1.26.jar
7f319a2b8000-7f319a2ba000 r-xs 00002000 fd:01 1573099                    /home/alle/.m2/repository/org/codehaus/plexus/plexus-compiler-javac/1.8.1/plexus-compiler-javac-1.8.1.jar
7f319a2ba000-7f319a2bc000 r-xs 00000000 fd:01 1581258                    /home/alle/.m2/repository/org/codehaus/plexus/plexus-compiler-manager/1.8.1/plexus-compiler-manager-1.8.1.jar
7f319a2bc000-7f319a2bd000 r-xs 00004000 fd:01 1573012                    /home/alle/.m2/repository/org/codehaus/plexus/plexus-compiler-api/1.8.1/plexus-compiler-api-1.8.1.jar
7f319a2bd000-7f319a2bf000 r-xs 00006000 fd:01 131935                     /home/alle/.m2/repository/org/apache/maven/plugins/maven-compiler-plugin/2.3.2/maven-compiler-plugin-2.3.2.jar
7f319a2bf000-7f319a2c1000 r-xs 0000d000 fd:01 1581199                    /home/alle/.m2/repository/org/codehaus/plexus/plexus-interpolation/1.13/plexus-interpolation-1.13.jar
7f319a2c1000-7f319a2c2000 r-xs 00001000 fd:01 1614250                    /home/alle/.m2/repository/org/sonatype/plexus/plexus-build-api/0.0.4/plexus-build-api-0.0.4.jar
7f319a2c2000-7f319a2c4000 r-xs 00007000 fd:01 132495                     /home/alle/.m2/repository/org/apache/maven/shared/maven-filtering/1.0-beta-4/maven-filtering-1.0-beta-4.jar
7f319a2c4000-7f319a2c8000 r-xs 00033000 fd:01 1573222                    /home/alle/.m2/repository/org/codehaus/plexus/plexus-utils/2.0.5/plexus-utils-2.0.5.jar
7f319a2c8000-7f319a2cb000 r-xs 0001b000 fd:01 1450002                    /home/alle/.m2/repository/junit/junit/3.8.1/junit-3.8.1.jar
7f319a2cb000-7f319a2cd000 r-xs 00002000 fd:01 1581089                    /home/alle/.m2/repository/org/codehaus/plexus/plexus-interactivity-api/1.0-alpha-4/plexus-interactivity-api-1.0-alpha-4.jar
7f319a2cd000-7f319a2cf000 r-xs 00006000 fd:01 1393073                    /home/alle/.m2/repository/commons-cli/commons-cli/1.0/commons-cli-1.0.jar
7f319a2cf000-7f319a2d0000 r-xs 00001000 fd:01 131706                     /home/alle/.m2/repository/org/apache/maven/doxia/doxia-sink-api/1.0-alpha-7/doxia-sink-api-1.0-alpha-7.jar
7f319a2d0000-7f319a2d1000 r-xs 00002000 fd:01 131539                     /home/alle/.m2/repository/org/apache/maven/reporting/maven-reporting-api/2.0.6/maven-reporting-api-2.0.6.jar
7f319a2d1000-7f319a2d2000 r-xs 00005000 fd:01 132137                     /home/alle/.m2/repository/org/apache/maven/plugins/maven-resources-plugin/2.4.3/maven-resources-plugin-2.4.3.jar
7f319a2d2000-7f319a2d5000 ---p 00000000 00:00 0 
7f319a2d5000-7f319a3d3000 rwxp 00000000 00:00 0 
7f319a3d3000-7f319a3d6000 ---p 00000000 00:00 0 
7f319a3d6000-7f319a4d4000 rwxp 00000000 00:00 0 
7f319a4d4000-7f319a4d7000 ---p 00000000 00:00 0 
7f319a4d7000-7f319a5d5000 rwxp 00000000 00:00 0 
7f319a5d5000-7f319a5ec000 r-xp 00000000 08:05 5247602                    /lib/x86_64-linux-gnu/libresolv-2.13.so
7f319a5ec000-7f319a7ec000 ---p 00017000 08:05 5247602                    /lib/x86_64-linux-gnu/libresolv-2.13.so
7f319a7ec000-7f319a7ed000 r-xp 00017000 08:05 5247602                    /lib/x86_64-linux-gnu/libresolv-2.13.so
7f319a7ed000-7f319a7ee000 rwxp 00018000 08:05 5247602                    /lib/x86_64-linux-gnu/libresolv-2.13.so
7f319a7ee000-7f319a7f0000 rwxp 00000000 00:00 0 
7f319a7f0000-7f319a7f6000 r-xp 00000000 08:05 5246662                    /lib/x86_64-linux-gnu/libnss_dns-2.13.so
7f319a7f6000-7f319a9f5000 ---p 00006000 08:05 5246662                    /lib/x86_64-linux-gnu/libnss_dns-2.13.so
7f319a9f5000-7f319a9f6000 r-xp 00005000 08:05 5246662                    /lib/x86_64-linux-gnu/libnss_dns-2.13.so
7f319a9f6000-7f319a9f7000 rwxp 00006000 08:05 5246662                    /lib/x86_64-linux-gnu/libnss_dns-2.13.so
7f319a9f7000-7f319a9f9000 r-xp 00000000 08:05 5242948                    /lib/libnss_mdns4_minimal.so.2
7f319a9f9000-7f319abf8000 ---p 00002000 08:05 5242948                    /lib/libnss_mdns4_minimal.so.2
7f319abf8000-7f319abf9000 r-xp 00001000 08:05 5242948                    /lib/libnss_mdns4_minimal.so.2
7f319abf9000-7f319abfa000 rwxp 00002000 08:05 5242948                    /lib/libnss_mdns4_minimal.so.2
7f319abfa000-7f319abfb000 r-xs 00001000 fd:01 1777992                    /home/alle/.m2/repository/org/codehaus/mojo/keytool-api-1.6/1.1/keytool-api-1.6-1.1.jar
7f319abfb000-7f319ac00000 r-xs 00041000 fd:01 1450141                    /home/alle/.m2/repository/commons-lang/commons-lang/2.6/commons-lang-2.6.jar
7f319ac00000-7f319ac03000 r-xs 0002f000 fd:01 1573190                    /home/alle/.m2/repository/org/codehaus/plexus/plexus-utils/1.4.9/plexus-utils-1.4.9.jar
7f319ac03000-7f319ac05000 r-xs 00006000 fd:01 1777991                    /home/alle/.m2/repository/org/codehaus/mojo/keytool-api/1.1/keytool-api-1.1.jar
7f319ac05000-7f319ac06000 r-xs 00004000 fd:01 1777977                    /home/alle/.m2/repository/org/codehaus/mojo/keytool-maven-plugin/1.1/keytool-maven-plugin-1.1.jar
7f319ac06000-7f319ac08000 r-xs 00026000 fd:01 1581073                    /home/alle/.m2/repository/org/codehaus/plexus/plexus-utils/1.0.4/plexus-utils-1.0.4.jar
7f319ac08000-7f319ac0a000 r-xs 00008000 fd:01 1491012                    /home/alle/.m2/repository/commons-logging/commons-logging/1.0.4/commons-logging-1.0.4.jar
7f319ac0a000-7f319ac0b000 r-xs 00005000 fd:01 1458285                    /home/alle/.m2/repository/de/zeigermann/xml/xml-im-exporter/1.1/xml-im-exporter-1.1.jar
7f319ac0b000-7f319ac0e000 r-xs 00023000 fd:01 1393033                    /home/alle/.m2/repository/jdom/jdom/1.0/jdom-1.0.jar
7f319ac0e000-7f319ac13000 r-xs 00033000 fd:01 1393149                    /home/alle/.m2/repository/commons-httpclient/commons-httpclient/2.0.2/commons-httpclient-2.0.2.jar
7f319ac13000-7f319ac17000 r-xs 00027000 fd:01 1393867                    /home/alle/.m2/repository/slide/slide-webdavlib/2.1/slide-webdavlib-2.1.jar
7f319ac17000-7f319ac19000 r-xs 00003000 fd:01 1949830                    /home/alle/.m2/repository/org/apache/maven/wagon/wagon-webdav/1.0-beta-2/wagon-webdav-1.0-beta-2.jar
7f319ac19000-7f319ac20000 r-xp 00000000 08:05 3540396                    /usr/lib/jvm/java-6-sun-1.6.0.26/jre/lib/amd64/libnio.so
7f319ac20000-7f319ad1f000 ---p 00007000 08:05 3540396                    /usr/lib/jvm/java-6-sun-1.6.0.26/jre/lib/amd64/libnio.so
7f319ad1f000-7f319ad21000 rwxp 00006000 08:05 3540396                    /usr/lib/jvm/java-6-sun-1.6.0.26/jre/lib/amd64/libnio.so
7f319ad21000-7f319ad34000 r-xp 00000000 08:05 3540409                    /usr/lib/jvm/java-6-sun-1.6.0.26/jre/lib/amd64/libnet.so
7f319ad34000-7f319ae35000 ---p 00013000 08:05 3540409                    /usr/lib/jvm/java-6-sun-1.6.0.26/jre/lib/amd64/libnet.so
7f319ae35000-7f319ae38000 rwxp 00014000 08:05 3540409                    /usr/lib/jvm/java-6-sun-1.6.0.26/jre/lib/amd64/libnet.so
7f319ae38000-7f319ae39000 r-xp 00000000 00:00 0 
7f319ae39000-7f319ae3c000 ---p 00000000 00:00 0 
7f319ae3c000-7f319af3a000 rwxp 00000000 00:00 0 
7f319af3a000-7f319af3d000 ---p 00000000 00:00 0 
7f319af3d000-7f319b03b000 rwxp 00000000 00:00 0 
7f319b03b000-7f319b040000 r-xs 00020000 08:05 137856                     /usr/local/apache-maven/apache-maven-3.0.3/lib/maven-model-builder-3.0.3.jar
7f319b040000-7f319b041000 r-xs 00002000 08:05 137855                     /usr/local/apache-maven/apache-maven-3.0.3/lib/wagon-file-1.0-beta-7.jar
7f319b041000-7f319b042000 r-xs 00006000 08:05 137854                     /usr/local/apache-maven/apache-maven-3.0.3/lib/plexus-sec-dispatcher-1.3.jar
7f319b042000-7f319b046000 r-xs 00033000 08:05 137853                     /usr/local/apache-maven/apache-maven-3.0.3/lib/plexus-utils-2.0.6.jar
7f319b046000-7f319b049000 r-xs 00019000 08:05 137852                     /usr/local/apache-maven/apache-maven-3.0.3/lib/nekohtml-1.9.6.2.jar
7f319b049000-7f319b04b000 r-xs 0000b000 08:05 137851                     /usr/local/apache-maven/apache-maven-3.0.3/lib/maven-artifact-3.0.3.jar
7f319b04b000-7f319b051000 r-xs 0003f000 08:05 137850                     /usr/local/apache-maven/apache-maven-3.0.3/lib/maven-compat-3.0.3.jar
7f319b051000-7f319b053000 r-xs 0000b000 08:05 137849                     /usr/local/apache-maven/apache-maven-3.0.3/lib/maven-plugin-api-3.0.3.jar
7f319b053000-7f319b054000 r-xs 0000a000 08:05 137848                     /usr/local/apache-maven/apache-maven-3.0.3/lib/maven-embedder-3.0.3.jar
7f319b054000-7f319b058000 r-xs 0001a000 08:05 137847                     /usr/local/apache-maven/apache-maven-3.0.3/lib/aether-util-1.11.jar
7f319b058000-7f319b05a000 r-xs 00006000 08:05 137846                     /usr/local/apache-maven/apache-maven-3.0.3/lib/maven-repository-metadata-3.0.3.jar
7f319b05a000-7f319b060000 r-xs 0002a000 08:05 137845                     /usr/local/apache-maven/apache-maven-3.0.3/lib/sisu-inject-plexus-2.1.1.jar
7f319b060000-7f319b062000 r-xs 00006000 08:05 137844                     /usr/local/apache-maven/apache-maven-3.0.3/lib/aether-connector-wagon-1.11.jar
7f319b062000-7f319b065000 r-xs 0001c000 08:05 137843                     /usr/local/apache-maven/apache-maven-3.0.3/lib/aether-impl-1.11.jar
7f319b065000-7f319b067000 r-xs 00005000 08:05 137842                     /usr/local/apache-maven/apache-maven-3.0.3/lib/wagon-http-shared-1.0-beta-7.jar
7f319b067000-7f319b06d000 r-xs 00033000 08:05 137841                     /usr/local/apache-maven/apache-maven-3.0.3/lib/sisu-inject-bean-2.1.1.jar
7f319b06d000-7f319b06f000 r-xs 0000b000 08:05 137840                     /usr/local/apache-maven/apache-maven-3.0.3/lib/wagon-provider-api-1.0-beta-7.jar
7f319b06f000-7f319b071000 r-xs 00008000 08:05 137839                     /usr/local/apache-maven/apache-maven-3.0.3/lib/xercesMinimal-1.9.6.2.jar
7f319b071000-7f319b073000 r-xs 00026000 08:05 137837                     /usr/local/apache-maven/apache-maven-3.0.3/lib/maven-model-3.0.3.jar
7f319b073000-7f319b07e000 r-xs 0007d000 08:05 137832                     /usr/local/apache-maven/apache-maven-3.0.3/lib/maven-core-3.0.3.jar
7f319b07e000-7f319b07f000 ---p 00000000 00:00 0 
7f319b07f000-7f319b17f000 rwxp 00000000 00:00 0 
7f319b17f000-7f319b182000 ---p 00000000 00:00 0 
7f319b182000-7f319b280000 rwxp 00000000 00:00 0 
7f319b280000-7f319b283000 ---p 00000000 00:00 0 
7f319b283000-7f319b381000 rwxp 00000000 00:00 0 
7f319b381000-7f319b384000 ---p 00000000 00:00 0 
7f319b384000-7f319b482000 rwxp 00000000 00:00 0 
7f319b482000-7f319b485000 ---p 00000000 00:00 0 
7f319b485000-7f319b583000 rwxp 00000000 00:00 0 
7f319b583000-7f319b586000 ---p 00000000 00:00 0 
7f319b586000-7f319b684000 rwxp 00000000 00:00 0 
7f319b684000-7f319b687000 ---p 00000000 00:00 0 
7f319b687000-7f319b785000 rwxp 00000000 00:00 0 
7f319b785000-7f319b788000 r-xp 00000000 08:05 3540394                    /usr/lib/jvm/java-6-sun-1.6.0.26/jre/lib/amd64/libdt_socket.so
7f319b788000-7f319b887000 ---p 00003000 08:05 3540394                    /usr/lib/jvm/java-6-sun-1.6.0.26/jre/lib/amd64/libdt_socket.so
7f319b887000-7f319b889000 rwxp 00002000 08:05 3540394                    /usr/lib/jvm/java-6-sun-1.6.0.26/jre/lib/amd64/libdt_socket.so
7f319b889000-7f319b88c000 ---p 00000000 00:00 0 
7f319b88c000-7f319b98a000 rwxp 00000000 00:00 0 
7f319b98a000-7f319b98d000 ---p 00000000 00:00 0 
7f319b98d000-7f319ba8b000 rwxp 00000000 00:00 0 
7f319ba8b000-7f319ba8e000 ---p 00000000 00:00 0 
7f319ba8e000-7f319bb8c000 rwxp 00000000 00:00 0 
7f319bb8c000-7f319bb8d000 ---p 00000000 00:00 0 
7f319bb8d000-7f319c5ca000 rwxp 00000000 00:00 0 
7f319c5ca000-7f319c762000 r-xs 03029000 08:05 661252                     /usr/lib/jvm/java-6-sun-1.6.0.26/jre/lib/rt.jar
7f319c762000-7f319c78a000 rwxp 00000000 00:00 0 
7f319c78a000-7f319c78b000 ---p 00000000 00:00 0 
7f319c78b000-7f319c88b000 rwxp 00000000 00:00 0 
7f319c88b000-7f319c88c000 ---p 00000000 00:00 0 
7f319c88c000-7f319c98c000 rwxp 00000000 00:00 0 
7f319c98c000-7f319c98d000 ---p 00000000 00:00 0 
7f319c98d000-7f319ca8d000 rwxp 00000000 00:00 0 
7f319ca8d000-7f319ca8e000 ---p 00000000 00:00 0 
7f319ca8e000-7f319cb8e000 rwxp 00000000 00:00 0 
7f319cb8e000-7f319cb8f000 ---p 00000000 00:00 0 
7f319cb8f000-7f319cc8f000 rwxp 00000000 00:00 0 
7f319cc8f000-7f319cc90000 ---p 00000000 00:00 0 
7f319cc90000-7f319cd90000 rwxp 00000000 00:00 0 
7f319cd90000-7f319cd91000 ---p 00000000 00:00 0 
7f319cd91000-7f319ce91000 rwxp 00000000 00:00 0 
7f319ce91000-7f319ce92000 ---p 00000000 00:00 0 
7f319ce92000-7f319cfab000 rwxp 00000000 00:00 0 
7f319cfab000-7f319cfbb000 rwxp 00000000 00:00 0 
7f319cfbb000-7f319cffa000 rwxp 00000000 00:00 0 
7f319cffa000-7f319d3a3000 rwxp 00000000 00:00 0 
7f319d3a3000-7f319d3bc000 rwxp 00000000 00:00 0 
7f319d3bc000-7f319d3cc000 rwxp 00000000 00:00 0 
7f319d3cc000-7f319d40b000 rwxp 00000000 00:00 0 
7f319d40b000-7f319d7b4000 rwxp 00000000 00:00 0 
7f319d7b4000-7f319d7d7000 rwxp 00000000 00:00 0 
7f319d7d7000-7f319d7d9000 ---p 00000000 00:00 0 
7f319d7d9000-7f319d9a8000 rwxp 00000000 00:00 0 
7f319d9a8000-7f319dd39000 rwxp 00000000 00:00 0 
7f319dd39000-7f31a09a9000 rwxp 00000000 00:00 0 
7f31a09a9000-7f31a09b7000 r-xp 00000000 08:05 3540431                    /usr/lib/jvm/java-6-sun-1.6.0.26/jre/lib/amd64/libzip.so
7f31a09b7000-7f31a0ab9000 ---p 0000e000 08:05 3540431                    /usr/lib/jvm/java-6-sun-1.6.0.26/jre/lib/amd64/libzip.so
7f31a0ab9000-7f31a0abc000 rwxp 00010000 08:05 3540431                    /usr/lib/jvm/java-6-sun-1.6.0.26/jre/lib/amd64/libzip.so
7f31a0abc000-7f31a0abd000 rwxp 00000000 00:00 0 
7f31a0abd000-7f31a0ac9000 r-xp 00000000 08:05 5246666                    /lib/x86_64-linux-gnu/libnss_files-2.13.so
7f31a0ac9000-7f31a0cc8000 ---p 0000c000 08:05 5246666                    /lib/x86_64-linux-gnu/libnss_files-2.13.so
7f31a0cc8000-7f31a0cc9000 r-xp 0000b000 08:05 5246666                    /lib/x86_64-linux-gnu/libnss_files-2.13.so
7f31a0cc9000-7f31a0cca000 rwxp 0000c000 08:05 5246666                    /lib/x86_64-linux-gnu/libnss_files-2.13.so
7f31a0cca000-7f31a0cd4000 r-xp 00000000 08:05 5246671                    /lib/x86_64-linux-gnu/libnss_nis-2.13.so
7f31a0cd4000-7f31a0ed4000 ---p 0000a000 08:05 5246671                    /lib/x86_64-linux-gnu/libnss_nis-2.13.so
7f31a0ed4000-7f31a0ed5000 r-xp 0000a000 08:05 5246671                    /lib/x86_64-linux-gnu/libnss_nis-2.13.so
7f31a0ed5000-7f31a0ed6000 rwxp 0000b000 08:05 5246671                    /lib/x86_64-linux-gnu/libnss_nis-2.13.so
7f31a0ed6000-7f31a0ede000 r-xp 00000000 08:05 5246656                    /lib/x86_64-linux-gnu/libnss_compat-2.13.so
7f31a0ede000-7f31a10dd000 ---p 00008000 08:05 5246656                    /lib/x86_64-linux-gnu/libnss_compat-2.13.so
7f31a10dd000-7f31a10de000 r-xp 00007000 08:05 5246656                    /lib/x86_64-linux-gnu/libnss_compat-2.13.so
7f31a10de000-7f31a10df000 rwxp 00008000 08:05 5246656                    /lib/x86_64-linux-gnu/libnss_compat-2.13.so
7f31a10df000-7f31a18d9000 r-xp 00000000 08:05 20454412                   /usr/lib/locale/locale-archive
7f31a18d9000-7f31a18dc000 r-xp 00000000 08:05 3540419                    /usr/lib/jvm/java-6-sun-1.6.0.26/jre/lib/amd64/libnpt.so
7f31a18dc000-7f31a19db000 ---p 00003000 08:05 3540419                    /usr/lib/jvm/java-6-sun-1.6.0.26/jre/lib/amd64/libnpt.so
7f31a19db000-7f31a19dc000 rwxp 00002000 08:05 3540419                    /usr/lib/jvm/java-6-sun-1.6.0.26/jre/lib/amd64/libnpt.so
7f31a19dc000-7f31a1a12000 r-xp 00000000 08:05 3540418                    /usr/lib/jvm/java-6-sun-1.6.0.26/jre/lib/amd64/libjdwp.so
7f31a1a12000-7f31a1b11000 ---p 00036000 08:05 3540418                    /usr/lib/jvm/java-6-sun-1.6.0.26/jre/lib/amd64/libjdwp.so
7f31a1b11000-7f31a1b1b000 rwxp 00035000 08:05 3540418                    /usr/lib/jvm/java-6-sun-1.6.0.26/jre/lib/amd64/libjdwp.so
7f31a1b1b000-7f31a1b32000 r-xp 00000000 08:05 5246649                    /lib/x86_64-linux-gnu/libnsl-2.13.so
7f31a1b32000-7f31a1d31000 ---p 00017000 08:05 5246649                    /lib/x86_64-linux-gnu/libnsl-2.13.so
7f31a1d31000-7f31a1d32000 r-xp 00016000 08:05 5246649                    /lib/x86_64-linux-gnu/libnsl-2.13.so
7f31a1d32000-7f31a1d33000 rwxp 00017000 08:05 5246649                    /lib/x86_64-linux-gnu/libnsl-2.13.so
7f31a1d33000-7f31a1d35000 rwxp 00000000 00:00 0 
7f31a1d35000-7f31a1d5e000 r-xp 00000000 08:05 3540430                    /usr/lib/jvm/java-6-sun-1.6.0.26/jre/lib/amd64/libjava.so
7f31a1d5e000-7f31a1e5d000 ---p 00029000 08:05 3540430                    /usr/lib/jvm/java-6-sun-1.6.0.26/jre/lib/amd64/libjava.so
7f31a1e5d000-7f31a1e64000 rwxp 00028000 08:05 3540430                    /usr/lib/jvm/java-6-sun-1.6.0.26/jre/lib/amd64/libjava.so
7f31a1e64000-7f31a1e71000 r-xp 00000000 08:05 3540408                    /usr/lib/jvm/java-6-sun-1.6.0.26/jre/lib/amd64/libverify.so
7f31a1e71000-7f31a1f70000 ---p 0000d000 08:05 3540408                    /usr/lib/jvm/java-6-sun-1.6.0.26/jre/lib/amd64/libverify.so
7f31a1f70000-7f31a1f73000 rwxp 0000c000 08:05 3540408                    /usr/lib/jvm/java-6-sun-1.6.0.26/jre/lib/amd64/libverify.so
7f31a1f73000-7f31a1f7a000 r-xp 00000000 08:05 5247604                    /lib/x86_64-linux-gnu/librt-2.13.so
7f31a1f7a000-7f31a2179000 ---p 00007000 08:05 5247604                    /lib/x86_64-linux-gnu/librt-2.13.so
7f31a2179000-7f31a217a000 r-xp 00006000 08:05 5247604                    /lib/x86_64-linux-gnu/librt-2.13.so
7f31a217a000-7f31a217b000 rwxp 00007000 08:05 5247604                    /lib/x86_64-linux-gnu/librt-2.13.so
7f31a217b000-7f31a217e000 ---p 00000000 00:00 0 
7f31a217e000-7f31a227c000 rwxp 00000000 00:00 0 
7f31a227c000-7f31a22ff000 r-xp 00000000 08:05 5246643                    /lib/x86_64-linux-gnu/libm-2.13.so
7f31a22ff000-7f31a24fe000 ---p 00083000 08:05 5246643                    /lib/x86_64-linux-gnu/libm-2.13.so
7f31a24fe000-7f31a24ff000 r-xp 00082000 08:05 5246643                    /lib/x86_64-linux-gnu/libm-2.13.so
7f31a24ff000-7f31a2500000 rwxp 00083000 08:05 5246643                    /lib/x86_64-linux-gnu/libm-2.13.so
7f31a2500000-7f31a2e1a000 r-xp 00000000 08:05 3540434                    /usr/lib/jvm/java-6-sun-1.6.0.26/jre/lib/amd64/server/libjvm.so
7f31a2e1a000-7f31a2f1c000 ---p 0091a000 08:05 3540434                    /usr/lib/jvm/java-6-sun-1.6.0.26/jre/lib/amd64/server/libjvm.so
7f31a2f1c000-7f31a30d1000 rwxp 0091c000 08:05 3540434                    /usr/lib/jvm/java-6-sun-1.6.0.26/jre/lib/amd64/server/libjvm.so
7f31a30d1000-7f31a310b000 rwxp 00000000 00:00 0 
7f31a310b000-7f31a32a2000 r-xp 00000000 08:05 5246591                    /lib/x86_64-linux-gnu/libc-2.13.so
7f31a32a2000-7f31a34a1000 ---p 00197000 08:05 5246591                    /lib/x86_64-linux-gnu/libc-2.13.so
7f31a34a1000-7f31a34a5000 r-xp 00196000 08:05 5246591                    /lib/x86_64-linux-gnu/libc-2.13.so
7f31a34a5000-7f31a34a6000 rwxp 0019a000 08:05 5246591                    /lib/x86_64-linux-gnu/libc-2.13.so
7f31a34a6000-7f31a34ac000 rwxp 00000000 00:00 0 
7f31a34ac000-7f31a34ae000 r-xp 00000000 08:05 5246641                    /lib/x86_64-linux-gnu/libdl-2.13.so
7f31a34ae000-7f31a36ae000 ---p 00002000 08:05 5246641                    /lib/x86_64-linux-gnu/libdl-2.13.so
7f31a36ae000-7f31a36af000 r-xp 00002000 08:05 5246641                    /lib/x86_64-linux-gnu/libdl-2.13.so
7f31a36af000-7f31a36b0000 rwxp 00003000 08:05 5246641                    /lib/x86_64-linux-gnu/libdl-2.13.so
7f31a36b0000-7f31a36c8000 r-xp 00000000 08:05 5247599                    /lib/x86_64-linux-gnu/libpthread-2.13.so
7f31a36c8000-7f31a38c7000 ---p 00018000 08:05 5247599                    /lib/x86_64-linux-gnu/libpthread-2.13.so
7f31a38c7000-7f31a38c8000 r-xp 00017000 08:05 5247599                    /lib/x86_64-linux-gnu/libpthread-2.13.so
7f31a38c8000-7f31a38c9000 rwxp 00018000 08:05 5247599                    /lib/x86_64-linux-gnu/libpthread-2.13.so
7f31a38c9000-7f31a38cd000 rwxp 00000000 00:00 0 
7f31a38cd000-7f31a38ee000 r-xp 00000000 08:05 5246585                    /lib/x86_64-linux-gnu/ld-2.13.so
7f31a38ee000-7f31a38ef000 r-xs 00003000 08:05 137838                     /usr/local/apache-maven/apache-maven-3.0.3/lib/aether-spi-1.11.jar
7f31a38ef000-7f31a38f1000 r-xs 00000000 08:05 137836                     /usr/local/apache-maven/apache-maven-3.0.3/lib/plexus-component-annotations-1.5.5.jar
7f31a38f1000-7f31a38f3000 r-xs 00009000 08:05 137835                     /usr/local/apache-maven/apache-maven-3.0.3/lib/commons-cli-1.2.jar
7f31a38f3000-7f31a38f5000 r-xs 00002000 08:05 137834                     /usr/local/apache-maven/apache-maven-3.0.3/lib/plexus-cipher-1.4.jar
7f31a38f5000-7f31a38f7000 r-xs 0000a000 08:05 137831                     /usr/local/apache-maven/apache-maven-3.0.3/lib/maven-settings-3.0.3.jar
7f31a38f7000-7f31a38fa000 r-xs 00008000 08:05 137830                     /usr/local/apache-maven/apache-maven-3.0.3/lib/maven-settings-builder-3.0.3.jar
7f31a38fa000-7f31a38fe000 r-xs 00012000 08:05 137828                     /usr/local/apache-maven/apache-maven-3.0.3/lib/aether-api-1.11.jar
7f31a38fe000-7f31a390d000 rwxp 00000000 00:00 0 
7f31a390d000-7f31a39be000 rwxp 00000000 00:00 0 
7f31a39be000-7f31a39c1000 rwxp 00000000 00:00 0 
7f31a39c1000-7f31a39c8000 r-xp 00000000 08:05 3540405                    /usr/lib/jvm/java-6-sun-1.6.0.26/jre/lib/amd64/jli/libjli.so
7f31a39c8000-7f31a3ac9000 ---p 00007000 08:05 3540405                    /usr/lib/jvm/java-6-sun-1.6.0.26/jre/lib/amd64/jli/libjli.so
7f31a3ac9000-7f31a3acb000 rwxp 00008000 08:05 3540405                    /usr/lib/jvm/java-6-sun-1.6.0.26/jre/lib/amd64/jli/libjli.so
7f31a3acb000-7f31a3acc000 rwxp 00000000 00:00 0 
7f31a3acc000-7f31a3ace000 r-xs 0000c000 08:05 137833                     /usr/local/apache-maven/apache-maven-3.0.3/lib/maven-aether-provider-3.0.3.jar
7f31a3ace000-7f31a3acf000 r-xs 00003000 08:05 137829                     /usr/local/apache-maven/apache-maven-3.0.3/lib/wagon-http-lightweight-1.0-beta-7.jar
7f31a3acf000-7f31a3ad1000 r-xs 0000d000 08:05 137827                     /usr/local/apache-maven/apache-maven-3.0.3/lib/plexus-interpolation-1.14.jar
7f31a3ad1000-7f31a3add000 r-xs 0006b000 08:05 137826                     /usr/local/apache-maven/apache-maven-3.0.3/lib/sisu-guice-2.9.4-no_aop.jar
7f31a3add000-7f31a3adf000 r-xs 00013000 08:05 13111910                   /home/alle/Downloads/idea-IU-117.105/lib/idea_rt.jar
7f31a3adf000-7f31a3ae1000 r-xs 0000a000 08:05 137824                     /usr/local/apache-maven/apache-maven-3.0.3/boot/plexus-classworlds-2.4.jar
7f31a3ae1000-7f31a3ae9000 rwxs 00000000 08:05 6422825                    /tmp/hsperfdata_alle/18694
7f31a3ae9000-7f31a3aea000 rwxp 00000000 00:00 0 
7f31a3aea000-7f31a3aeb000 r-xp 00000000 00:00 0 
7f31a3aeb000-7f31a3aed000 rwxp 00000000 00:00 0 
7f31a3aed000-7f31a3aee000 r-xp 00020000 08:05 5246585                    /lib/x86_64-linux-gnu/ld-2.13.so
7f31a3aee000-7f31a3af0000 rwxp 00021000 08:05 5246585                    /lib/x86_64-linux-gnu/ld-2.13.so
7fffd14df000-7fffd1500000 rwxp 00000000 00:00 0                          [stack]
7fffd15ff000-7fffd1600000 r-xp 00000000 00:00 0                          [vdso]
ffffffffff600000-ffffffffff601000 r-xp 00000000 00:00 0                  [vsyscall]

VM Arguments:
jvm_args: -agentlib:jdwp=transport=dt_socket,address=127.0.0.1:50890,suspend=y,server=n -Dclassworlds.conf=/usr/local/apache-maven/apache-maven-3.0.3/bin/m2.conf -Dmaven.home=/usr/local/apache-maven/apache-maven-3.0.3 -Dfile.encoding=UTF-8 
java_command: org.codehaus.classworlds.Launcher --no-plugin-registry --fail-fast --no-plugin-updates --strict-checksums --update-snapshots -f /home/alle/workspace/surfnet/spring-saml2/mockoleth-idp/pom.xml jetty:run
Launcher Type: SUN_STANDARD

Environment Variables:
JAVA_HOME=/usr/lib/jvm/java-6-sun/
CLASSPATH=../lib/bootstrap.jar:../lib/extensions.jar:../lib/util.jar:../lib/jdom.jar:../lib/log4j.jar:../lib/trove4j.jar:../lib/jna.jar:/usr/lib/jvm/java-6-sun//lib/tools.jar
PATH=/usr/lib/lightdm/lightdm:/usr/local/sbin:/usr/local/bin:/usr/sbin:/usr/bin:/sbin:/bin:/usr/games:/usr/local/apache-maven/apache-maven-3.0.3/bin:~/matlab2010a/bin
USERNAME=alle
LD_LIBRARY_PATH=/usr/lib/jvm/java-6-sun-1.6.0.26/jre/lib/amd64/server:/usr/lib/jvm/java-6-sun-1.6.0.26/jre/lib/amd64:/usr/lib/jvm/java-6-sun-1.6.0.26/jre/../lib/amd64:/home/alle/Downloads/idea-IU-117.105/bin:
SHELL=/bin/bash
DISPLAY=:0

Signal Handlers:
SIGSEGV: [libjvm.so+0x85f800], sa_mask[0]=0x7ffbfeff, sa_flags=0x10000004
SIGBUS: [libjvm.so+0x85f800], sa_mask[0]=0x7ffbfeff, sa_flags=0x10000004
SIGFPE: [libjvm.so+0x70e300], sa_mask[0]=0x7ffbfeff, sa_flags=0x10000004
SIGPIPE: [libjvm.so+0x70e300], sa_mask[0]=0x7ffbfeff, sa_flags=0x10000004
SIGXFSZ: [libjvm.so+0x70e300], sa_mask[0]=0x7ffbfeff, sa_flags=0x10000004
SIGILL: [libjvm.so+0x70e300], sa_mask[0]=0x7ffbfeff, sa_flags=0x10000004
SIGUSR1: SIG_DFL, sa_mask[0]=0x00000000, sa_flags=0x00000000
SIGUSR2: [libjvm.so+0x711110], sa_mask[0]=0x00000004, sa_flags=0x10000004
SIGHUP: [libjvm.so+0x710d10], sa_mask[0]=0x7ffbfeff, sa_flags=0x10000004
SIGINT: [libjvm.so+0x710d10], sa_mask[0]=0x7ffbfeff, sa_flags=0x10000004
SIGTERM: [libjvm.so+0x710d10], sa_mask[0]=0x7ffbfeff, sa_flags=0x10000004
SIGQUIT: [libjvm.so+0x710d10], sa_mask[0]=0x7ffbfeff, sa_flags=0x10000004


---------------  S Y S T E M  ---------------

OS:wheezy/sid

uname:Linux 3.0.0-17-generic #30-Ubuntu SMP Thu Mar 8 20:45:39 UTC 2012 x86_64
libc:glibc 2.13 NPTL 2.13 
rlimit: STACK 8192k, CORE 0k, NPROC 95843, NOFILE 4096, AS infinity
load average:0.10 0.21 0.21

/proc/meminfo:
MemTotal:       12285724 kB
MemFree:         1096788 kB
Buffers:         1051764 kB
Cached:          4774020 kB
SwapCached:            0 kB
Active:          5888424 kB
Inactive:        4278428 kB
Active(anon):    4343188 kB
Inactive(anon):    14572 kB
Active(file):    1545236 kB
Inactive(file):  4263856 kB
Unevictable:         156 kB
Mlocked:             156 kB
SwapTotal:      12459004 kB
SwapFree:       12459004 kB
Dirty:             37812 kB
Writeback:             0 kB
AnonPages:       4341304 kB
Mapped:           373580 kB
Shmem:             16740 kB
Slab:             708132 kB
SReclaimable:     663024 kB
SUnreclaim:        45108 kB
KernelStack:        6440 kB
PageTables:        53780 kB
NFS_Unstable:          0 kB
Bounce:                0 kB
WritebackTmp:          0 kB
CommitLimit:    18601864 kB
Committed_AS:    8131808 kB
VmallocTotal:   34359738367 kB
VmallocUsed:      174232 kB
VmallocChunk:   34359553532 kB
HardwareCorrupted:     0 kB
AnonHugePages:         0 kB
HugePages_Total:       0
HugePages_Free:        0
HugePages_Rsvd:        0
HugePages_Surp:        0
Hugepagesize:       2048 kB
DirectMap4k:      212992 kB
DirectMap2M:    12328960 kB


CPU:total 8 (4 cores per cpu, 2 threads per core) family 6 model 42 stepping 7, cmov, cx8, fxsr, mmx, sse, sse2, sse3, ssse3, sse4.1, sse4.2, popcnt, ht

/proc/cpuinfo:
processor	: 0
vendor_id	: GenuineIntel
cpu family	: 6
model		: 42
model name	: Intel(R) Core(TM) i7-2720QM CPU @ 2.20GHz
stepping	: 7
cpu MHz		: 2201.000
cache size	: 6144 KB
physical id	: 0
siblings	: 8
core id		: 0
cpu cores	: 4
apicid		: 0
initial apicid	: 0
fpu		: yes
fpu_exception	: yes
cpuid level	: 13
wp		: yes
flags		: fpu vme de pse tsc msr pae mce cx8 apic sep mtrr pge mca cmov pat pse36 clflush dts acpi mmx fxsr sse sse2 ss ht tm pbe syscall nx rdtscp lm constant_tsc arch_perfmon pebs bts rep_good nopl xtopology nonstop_tsc aperfmperf pni pclmulqdq dtes64 monitor ds_cpl vmx smx est tm2 ssse3 cx16 xtpr pdcm sse4_1 sse4_2 x2apic popcnt aes xsave avx lahf_lm ida arat epb xsaveopt pln pts dts tpr_shadow vnmi flexpriority ept vpid
bogomips	: 4389.48
clflush size	: 64
cache_alignment	: 64
address sizes	: 36 bits physical, 48 bits virtual
power management:

processor	: 1
vendor_id	: GenuineIntel
cpu family	: 6
model		: 42
model name	: Intel(R) Core(TM) i7-2720QM CPU @ 2.20GHz
stepping	: 7
cpu MHz		: 800.000
cache size	: 6144 KB
physical id	: 0
siblings	: 8
core id		: 1
cpu cores	: 4
apicid		: 2
initial apicid	: 2
fpu		: yes
fpu_exception	: yes
cpuid level	: 13
wp		: yes
flags		: fpu vme de pse tsc msr pae mce cx8 apic sep mtrr pge mca cmov pat pse36 clflush dts acpi mmx fxsr sse sse2 ss ht tm pbe syscall nx rdtscp lm constant_tsc arch_perfmon pebs bts rep_good nopl xtopology nonstop_tsc aperfmperf pni pclmulqdq dtes64 monitor ds_cpl vmx smx est tm2 ssse3 cx16 xtpr pdcm sse4_1 sse4_2 x2apic popcnt aes xsave avx lahf_lm ida arat epb xsaveopt pln pts dts tpr_shadow vnmi flexpriority ept vpid
bogomips	: 4389.83
clflush size	: 64
cache_alignment	: 64
address sizes	: 36 bits physical, 48 bits virtual
power management:

processor	: 2
vendor_id	: GenuineIntel
cpu family	: 6
model		: 42
model name	: Intel(R) Core(TM) i7-2720QM CPU @ 2.20GHz
stepping	: 7
cpu MHz		: 2201.000
cache size	: 6144 KB
physical id	: 0
siblings	: 8
core id		: 2
cpu cores	: 4
apicid		: 4
initial apicid	: 4
fpu		: yes
fpu_exception	: yes
cpuid level	: 13
wp		: yes
flags		: fpu vme de pse tsc msr pae mce cx8 apic sep mtrr pge mca cmov pat pse36 clflush dts acpi mmx fxsr sse sse2 ss ht tm pbe syscall nx rdtscp lm constant_tsc arch_perfmon pebs bts rep_good nopl xtopology nonstop_tsc aperfmperf pni pclmulqdq dtes64 monitor ds_cpl vmx smx est tm2 ssse3 cx16 xtpr pdcm sse4_1 sse4_2 x2apic popcnt aes xsave avx lahf_lm ida arat epb xsaveopt pln pts dts tpr_shadow vnmi flexpriority ept vpid
bogomips	: 4389.83
clflush size	: 64
cache_alignment	: 64
address sizes	: 36 bits physical, 48 bits virtual
power management:

processor	: 3
vendor_id	: GenuineIntel
cpu family	: 6
model		: 42
model name	: Intel(R) Core(TM) i7-2720QM CPU @ 2.20GHz
stepping	: 7
cpu MHz		: 2201.000
cache size	: 6144 KB
physical id	: 0
siblings	: 8
core id		: 3
cpu cores	: 4
apicid		: 6
initial apicid	: 6
fpu		: yes
fpu_exception	: yes
cpuid level	: 13
wp		: yes
flags		: fpu vme de pse tsc msr pae mce cx8 apic sep mtrr pge mca cmov pat pse36 clflush dts acpi mmx fxsr sse sse2 ss ht tm pbe syscall nx rdtscp lm constant_tsc arch_perfmon pebs bts rep_good nopl xtopology nonstop_tsc aperfmperf pni pclmulqdq dtes64 monitor ds_cpl vmx smx est tm2 ssse3 cx16 xtpr pdcm sse4_1 sse4_2 x2apic popcnt aes xsave avx lahf_lm ida arat epb xsaveopt pln pts dts tpr_shadow vnmi flexpriority ept vpid
bogomips	: 4389.83
clflush size	: 64
cache_alignment	: 64
address sizes	: 36 bits physical, 48 bits virtual
power management:

processor	: 4
vendor_id	: GenuineIntel
cpu family	: 6
model		: 42
model name	: Intel(R) Core(TM) i7-2720QM CPU @ 2.20GHz
stepping	: 7
cpu MHz		: 2201.000
cache size	: 6144 KB
physical id	: 0
siblings	: 8
core id		: 0
cpu cores	: 4
apicid		: 1
initial apicid	: 1
fpu		: yes
fpu_exception	: yes
cpuid level	: 13
wp		: yes
flags		: fpu vme de pse tsc msr pae mce cx8 apic sep mtrr pge mca cmov pat pse36 clflush dts acpi mmx fxsr sse sse2 ss ht tm pbe syscall nx rdtscp lm constant_tsc arch_perfmon pebs bts rep_good nopl xtopology nonstop_tsc aperfmperf pni pclmulqdq dtes64 monitor ds_cpl vmx smx est tm2 ssse3 cx16 xtpr pdcm sse4_1 sse4_2 x2apic popcnt aes xsave avx lahf_lm ida arat epb xsaveopt pln pts dts tpr_shadow vnmi flexpriority ept vpid
bogomips	: 4389.83
clflush size	: 64
cache_alignment	: 64
address sizes	: 36 bits physical, 48 bits virtual
power management:

processor	: 5
vendor_id	: GenuineIntel
cpu family	: 6
model		: 42
model name	: Intel(R) Core(TM) i7-2720QM CPU @ 2.20GHz
stepping	: 7
cpu MHz		: 800.000
cache size	: 6144 KB
physical id	: 0
siblings	: 8
core id		: 1
cpu cores	: 4
apicid		: 3
initial apicid	: 3
fpu		: yes
fpu_exception	: yes
cpuid level	: 13
wp		: yes
flags		: fpu vme de pse tsc msr pae mce cx8 apic sep mtrr pge mca cmov pat pse36 clflush dts acpi mmx fxsr sse sse2 ss ht tm pbe syscall nx rdtscp lm constant_tsc arch_perfmon pebs bts rep_good nopl xtopology nonstop_tsc aperfmperf pni pclmulqdq dtes64 monitor ds_cpl vmx smx est tm2 ssse3 cx16 xtpr pdcm sse4_1 sse4_2 x2apic popcnt aes xsave avx lahf_lm ida arat epb xsaveopt pln pts dts tpr_shadow vnmi flexpriority ept vpid
bogomips	: 4389.83
clflush size	: 64
cache_alignment	: 64
address sizes	: 36 bits physical, 48 bits virtual
power management:

processor	: 6
vendor_id	: GenuineIntel
cpu family	: 6
model		: 42
model name	: Intel(R) Core(TM) i7-2720QM CPU @ 2.20GHz
stepping	: 7
cpu MHz		: 2201.000
cache size	: 6144 KB
physical id	: 0
siblings	: 8
core id		: 2
cpu cores	: 4
apicid		: 5
initial apicid	: 5
fpu		: yes
fpu_exception	: yes
cpuid level	: 13
wp		: yes
flags		: fpu vme de pse tsc msr pae mce cx8 apic sep mtrr pge mca cmov pat pse36 clflush dts acpi mmx fxsr sse sse2 ss ht tm pbe syscall nx rdtscp lm constant_tsc arch_perfmon pebs bts rep_good nopl xtopology nonstop_tsc aperfmperf pni pclmulqdq dtes64 monitor ds_cpl vmx smx est tm2 ssse3 cx16 xtpr pdcm sse4_1 sse4_2 x2apic popcnt aes xsave avx lahf_lm ida arat epb xsaveopt pln pts dts tpr_shadow vnmi flexpriority ept vpid
bogomips	: 4389.84
clflush size	: 64
cache_alignment	: 64
address sizes	: 36 bits physical, 48 bits virtual
power management:

processor	: 7
vendor_id	: GenuineIntel
cpu family	: 6
model		: 42
model name	: Intel(R) Core(TM) i7-2720QM CPU @ 2.20GHz
stepping	: 7
cpu MHz		: 800.000
cache size	: 6144 KB
physical id	: 0
siblings	: 8
core id		: 3
cpu cores	: 4
apicid		: 7
initial apicid	: 7
fpu		: yes
fpu_exception	: yes
cpuid level	: 13
wp		: yes
flags		: fpu vme de pse tsc msr pae mce cx8 apic sep mtrr pge mca cmov pat pse36 clflush dts acpi mmx fxsr sse sse2 ss ht tm pbe syscall nx rdtscp lm constant_tsc arch_perfmon pebs bts rep_good nopl xtopology nonstop_tsc aperfmperf pni pclmulqdq dtes64 monitor ds_cpl vmx smx est tm2 ssse3 cx16 xtpr pdcm sse4_1 sse4_2 x2apic popcnt aes xsave avx lahf_lm ida arat epb xsaveopt pln pts dts tpr_shadow vnmi flexpriority ept vpid
bogomips	: 4389.84
clflush size	: 64
cache_alignment	: 64
address sizes	: 36 bits physical, 48 bits virtual
power management:



Memory: 4k page, physical 12285724k(1096788k free), swap 12459004k(12459004k free)

vm_info: Java HotSpot(TM) 64-Bit Server VM (20.1-b02) for linux-amd64 JRE (1.6.0_26-b03), built on May  4 2011 01:13:47 by "java_re" with gcc 3.2.2 (SuSE Linux)

time: Wed Apr 11 15:45:19 2012
elapsed time: 229 seconds

