#
# A fatal error has been detected by the Java Runtime Environment:
#
#  SIGSEGV (0xb) at pc=0x00007f75dbc395e3, pid=16217, tid=140143954904832
#
# JRE version: 6.0_26-b03
# Java VM: Java HotSpot(TM) 64-Bit Server VM (20.1-b02 mixed mode linux-amd64 compressed oops)
# Problematic frame:
# C  [libc.so.6+0x1395e3]  __nss_hosts_lookup+0x193a3
#
# If you would like to submit a bug report, please visit:
#   http://java.sun.com/webapps/bugreport/crash.jsp
# The crash happened outside the Java Virtual Machine in native code.
# See problematic frame for where to report the bug.
#

---------------  T H R E A D  ---------------

Current thread (0x00007f75d0e5c800):  JavaThread "Timer-1" daemon [_thread_in_native, id=16256, stack(0x00007f75ce964000,0x00007f75cea65000)]

siginfo:si_signo=SIGSEGV: si_errno=0, si_code=2 (SEGV_ACCERR), si_addr=0x00007f75cee3a000

Registers:
RAX=0x00007f75d03c07b0, RBX=0x0000000000002000, RCX=0x0000000000008000, RDX=0x0000000000004b77
RSP=0x00007f75cea60798, RBP=0x00007f75cee38b18, RSI=0x00007f75cee39fd6, RDI=0x00007f75d03c1c40
R8 =0x00007f75d03c07b0, R9 =0x00007f75dbc395d0, R10=0x00007f75db98eff0, R11=0x00007f75dbc66530
R12=0x00007f75d0cbe2e0, R13=0x0000000000006107, R14=0x0000000041f2de00, R15=0x0000000000000005
RIP=0x00007f75dbc395e3, EFLAGS=0x0000000000010206, CSGSFS=0x0000000000000033, ERR=0x0000000000000004
  TRAPNO=0x000000000000000e

Top of Stack: (sp=0x00007f75cea60798)
0x00007f75cea60798:   00007f75d93a92de 00000000cea607c0
0x00007f75cea607a8:   0000000041f2d8d0 0000000041f2de00
0x00007f75cea607b8:   0000000000000000 00000000ae985da4
0x00007f75cea607c8:   00007f75cea60830 000000000000003b
0x00007f75cea607d8:   00007f75d93a9584 00007f75d0e5c800
0x00007f75cea607e8:   00007f75cea60830 00007f75d0e5c9d0
0x00007f75cea607f8:   000000000000003b 00007f75cea60c88
0x00007f75cea60808:   000000000000003b 0000000000000001
0x00007f75cea60818:   00007f75d93a1757 00007f75cea60830
0x00007f75cea60828:   0000000041f2de00 6e667275732f6c6e
0x00007f75cea60838:   6f6b636f6d2f7465 6d61732f6874656c
0x00007f75cea60848:   74616e6769532f6c 7275636553657275
0x00007f75cea60858:   63696c6f50797469 6c632e656c755279
0x00007f75cea60868:   0000000700737361 00007f75cea608c0
0x00007f75cea60878:   000000073f8a8f88 0000000000000000
0x00007f75cea60888:   000000073f8a7e70 0000000000000000
0x00007f75cea60898:   00007f75cea608c0 00007f75cea60908
0x00007f75cea608a8:   000000073f612af0 00007f75d0e5c800
0x00007f75cea608b8:   0000000000000001 0000000000000000
0x00007f75cea608c8:   00007f75d0cc1cf0 00000007c2ab5ff0
0x00007f75cea608d8:   00007f75db97a530 00007f75cea60900
0x00007f75cea608e8:   00007f75db125e3c 0000000000000000
0x00007f75cea608f8:   00007f75d0e5c800 00007f75cea60950
0x00007f75cea60908:   00007f75db3a34d6 00007f75d63a3b02
0x00007f75cea60918:   00000004c2ab5798 00007f75d0cc1cf0
0x00007f75cea60928:   000000073f612b00 00007f75d0e5c800
0x00007f75cea60938:   0000000000000004 0000000000000004
0x00007f75cea60948:   00007f75d0e5c800 00007f75cea60980
0x00007f75cea60958:   00007f75db5f90e3 000000073f8a5ff8
0x00007f75cea60968:   00007f75d0e5c800 000000073f8a5ff8
0x00007f75cea60978:   0000000000000063 00007f75cea609d0
0x00007f75cea60988:   00007f75db3c921e 00007f75d0e5c800 

Instructions: (pc=0x00007f75dbc395e3)
0x00007f75dbc395c3:   e2 0f 0b 66 2e 0f 1f 84 00 00 00 00 00 48 81 ea
0x00007f75dbc395d3:   80 00 00 00 0f 28 4e fa 0f 28 56 0a 0f 28 5e 1a
0x00007f75dbc395e3:   0f 28 66 2a 0f 28 6e 3a 0f 28 76 4a 0f 28 7e 5a
0x00007f75dbc395f3:   44 0f 28 46 6a 44 0f 28 4e 7a 48 8d b6 80 00 00 

Register to memory mapping:

RAX=0x00007f75d03c07b0 is an unknown value
RBX=0x0000000000002000 is an unknown value
RCX=0x0000000000008000 is an unknown value
RDX=0x0000000000004b77 is an unknown value
RSP=0x00007f75cea60798 is pointing into the stack for thread: 0x00007f75d0e5c800
RBP=0x00007f75cee38b18 is an unknown value
RSI=0x00007f75cee39fd6 is an unknown value
RDI=0x00007f75d03c1c40 is an unknown value
R8 =0x00007f75d03c07b0 is an unknown value
R9 =0x00007f75dbc395d0: <offset 0x1395d0> in /lib/x86_64-linux-gnu/libc.so.6 at 0x00007f75dbb00000
R10=0x00007f75db98eff0: <offset 0xa99ff0> in /usr/lib/jvm/java-6-sun-1.6.0.26/jre/lib/amd64/server/libjvm.so at 0x00007f75daef5000
R11=0x00007f75dbc66530: <offset 0x166530> in /lib/x86_64-linux-gnu/libc.so.6 at 0x00007f75dbb00000
R12=0x00007f75d0cbe2e0 is an unknown value
R13=0x0000000000006107 is an unknown value
R14=0x0000000041f2de00 is an unknown value
R15=0x0000000000000005 is an unknown value


Stack: [0x00007f75ce964000,0x00007f75cea65000],  sp=0x00007f75cea60798,  free space=1009k
Native frames: (J=compiled Java code, j=interpreted, Vv=VM code, C=native code)
C  [libc.so.6+0x1395e3]  __nss_hosts_lookup+0x193a3

Java frames: (J=compiled Java code, j=interpreted, Vv=VM code)
J  java.util.zip.ZipFile.getEntry(JLjava/lang/String;Z)J
J  java.util.jar.JarFile.getEntry(Ljava/lang/String;)Ljava/util/zip/ZipEntry;
j  sun.net.www.protocol.jar.URLJarFile.getEntry(Ljava/lang/String;)Ljava/util/zip/ZipEntry;+2
j  sun.net.www.protocol.jar.JarURLConnection.connect()V+62
j  sun.net.www.protocol.jar.JarURLConnection.getInputStream()Ljava/io/InputStream;+1
j  java.net.URL.openStream()Ljava/io/InputStream;+4
j  java.lang.ClassLoader.getResourceAsStream(Ljava/lang/String;)Ljava/io/InputStream;+11
j  java.lang.Class.getResourceAsStream(Ljava/lang/String;)Ljava/io/InputStream;+22
j  org.springframework.core.LocalVariableTableParameterNameDiscoverer.inspectClass(Ljava/lang/Class;)Ljava/util/Map;+5
j  org.springframework.core.LocalVariableTableParameterNameDiscoverer.getParameterNames(Ljava/lang/reflect/Constructor;)[Ljava/lang/String;+25
j  org.springframework.beans.factory.support.ConstructorResolver.autowireConstructor(Ljava/lang/String;Lorg/springframework/beans/factory/support/RootBeanDefinition;[Ljava/lang/reflect/Constructor;[Ljava/lang/Object;)Lorg/springframework/beans/BeanWrapper;+399
j  org.springframework.beans.factory.support.AbstractAutowireCapableBeanFactory.autowireConstructor(Ljava/lang/String;Lorg/springframework/beans/factory/support/RootBeanDefinition;[Ljava/lang/reflect/Constructor;[Ljava/lang/Object;)Lorg/springframework/beans/BeanWrapper;+13
j  org.springframework.beans.factory.support.AbstractAutowireCapableBeanFactory.createBeanInstance(Ljava/lang/String;Lorg/springframework/beans/factory/support/RootBeanDefinition;[Ljava/lang/Object;)Lorg/springframework/beans/BeanWrapper;+196
j  org.springframework.beans.factory.support.AbstractAutowireCapableBeanFactory.doCreateBean(Ljava/lang/String;Lorg/springframework/beans/factory/support/RootBeanDefinition;[Ljava/lang/Object;)Ljava/lang/Object;+34
j  org.springframework.beans.factory.support.AbstractAutowireCapableBeanFactory.createBean(Ljava/lang/String;Lorg/springframework/beans/factory/support/RootBeanDefinition;[Ljava/lang/Object;)Ljava/lang/Object;+122
j  org.springframework.beans.factory.support.AbstractBeanFactory$1.getObject()Ljava/lang/Object;+16
j  org.springframework.beans.factory.support.DefaultSingletonBeanRegistry.getSingleton(Ljava/lang/String;Lorg/springframework/beans/factory/ObjectFactory;)Ljava/lang/Object;+126
j  org.springframework.beans.factory.support.AbstractBeanFactory.doGetBean(Ljava/lang/String;Ljava/lang/Class;[Ljava/lang/Object;Z)Ljava/lang/Object;+307
j  org.springframework.beans.factory.support.AbstractBeanFactory.getBean(Ljava/lang/String;)Ljava/lang/Object;+5
j  org.springframework.beans.factory.support.BeanDefinitionValueResolver.resolveReference(Ljava/lang/Object;Lorg/springframework/beans/factory/config/RuntimeBeanReference;)Ljava/lang/Object;+94
j  org.springframework.beans.factory.support.BeanDefinitionValueResolver.resolveValueIfNecessary(Ljava/lang/Object;Ljava/lang/Object;)Ljava/lang/Object;+15
j  org.springframework.beans.factory.support.BeanDefinitionValueResolver.resolveManagedList(Ljava/lang/Object;Ljava/util/List;)Ljava/util/List;+43
j  org.springframework.beans.factory.support.BeanDefinitionValueResolver.resolveValueIfNecessary(Ljava/lang/Object;Ljava/lang/Object;)Ljava/lang/Object;+266
j  org.springframework.beans.factory.support.ConstructorResolver.resolveConstructorArguments(Ljava/lang/String;Lorg/springframework/beans/factory/support/RootBeanDefinition;Lorg/springframework/beans/BeanWrapper;Lorg/springframework/beans/factory/config/ConstructorArgumentValues;Lorg/springframework/beans/factory/config/ConstructorArgumentValues;)I+292
j  org.springframework.beans.factory.support.ConstructorResolver.autowireConstructor(Ljava/lang/String;Lorg/springframework/beans/factory/support/RootBeanDefinition;[Ljava/lang/reflect/Constructor;[Ljava/lang/Object;)Lorg/springframework/beans/BeanWrapper;+187
j  org.springframework.beans.factory.support.AbstractAutowireCapableBeanFactory.autowireConstructor(Ljava/lang/String;Lorg/springframework/beans/factory/support/RootBeanDefinition;[Ljava/lang/reflect/Constructor;[Ljava/lang/Object;)Lorg/springframework/beans/BeanWrapper;+13
j  org.springframework.beans.factory.support.AbstractAutowireCapableBeanFactory.createBeanInstance(Ljava/lang/String;Lorg/springframework/beans/factory/support/RootBeanDefinition;[Ljava/lang/Object;)Lorg/springframework/beans/BeanWrapper;+196
j  org.springframework.beans.factory.support.AbstractAutowireCapableBeanFactory.doCreateBean(Ljava/lang/String;Lorg/springframework/beans/factory/support/RootBeanDefinition;[Ljava/lang/Object;)Ljava/lang/Object;+34
j  org.springframework.beans.factory.support.AbstractAutowireCapableBeanFactory.createBean(Ljava/lang/String;Lorg/springframework/beans/factory/support/RootBeanDefinition;[Ljava/lang/Object;)Ljava/lang/Object;+122
j  org.springframework.beans.factory.support.AbstractBeanFactory$1.getObject()Ljava/lang/Object;+16
j  org.springframework.beans.factory.support.DefaultSingletonBeanRegistry.getSingleton(Ljava/lang/String;Lorg/springframework/beans/factory/ObjectFactory;)Ljava/lang/Object;+126
j  org.springframework.beans.factory.support.AbstractBeanFactory.doGetBean(Ljava/lang/String;Ljava/lang/Class;[Ljava/lang/Object;Z)Ljava/lang/Object;+307
j  org.springframework.beans.factory.support.AbstractBeanFactory.getBean(Ljava/lang/String;)Ljava/lang/Object;+5
j  org.springframework.beans.factory.support.BeanDefinitionValueResolver.resolveReference(Ljava/lang/Object;Lorg/springframework/beans/factory/config/RuntimeBeanReference;)Ljava/lang/Object;+94
j  org.springframework.beans.factory.support.BeanDefinitionValueResolver.resolveValueIfNecessary(Ljava/lang/Object;Ljava/lang/Object;)Ljava/lang/Object;+15
j  org.springframework.beans.factory.support.ConstructorResolver.resolveConstructorArguments(Ljava/lang/String;Lorg/springframework/beans/factory/support/RootBeanDefinition;Lorg/springframework/beans/BeanWrapper;Lorg/springframework/beans/factory/config/ConstructorArgumentValues;Lorg/springframework/beans/factory/config/ConstructorArgumentValues;)I+292
j  org.springframework.beans.factory.support.ConstructorResolver.autowireConstructor(Ljava/lang/String;Lorg/springframework/beans/factory/support/RootBeanDefinition;[Ljava/lang/reflect/Constructor;[Ljava/lang/Object;)Lorg/springframework/beans/BeanWrapper;+187
j  org.springframework.beans.factory.support.AbstractAutowireCapableBeanFactory.autowireConstructor(Ljava/lang/String;Lorg/springframework/beans/factory/support/RootBeanDefinition;[Ljava/lang/reflect/Constructor;[Ljava/lang/Object;)Lorg/springframework/beans/BeanWrapper;+13
j  org.springframework.beans.factory.support.AbstractAutowireCapableBeanFactory.createBeanInstance(Ljava/lang/String;Lorg/springframework/beans/factory/support/RootBeanDefinition;[Ljava/lang/Object;)Lorg/springframework/beans/BeanWrapper;+196
j  org.springframework.beans.factory.support.AbstractAutowireCapableBeanFactory.doCreateBean(Ljava/lang/String;Lorg/springframework/beans/factory/support/RootBeanDefinition;[Ljava/lang/Object;)Ljava/lang/Object;+34
j  org.springframework.beans.factory.support.AbstractAutowireCapableBeanFactory.createBean(Ljava/lang/String;Lorg/springframework/beans/factory/support/RootBeanDefinition;[Ljava/lang/Object;)Ljava/lang/Object;+122
j  org.springframework.beans.factory.support.AbstractBeanFactory$1.getObject()Ljava/lang/Object;+16
j  org.springframework.beans.factory.support.DefaultSingletonBeanRegistry.getSingleton(Ljava/lang/String;Lorg/springframework/beans/factory/ObjectFactory;)Ljava/lang/Object;+126
j  org.springframework.beans.factory.support.AbstractBeanFactory.doGetBean(Ljava/lang/String;Ljava/lang/Class;[Ljava/lang/Object;Z)Ljava/lang/Object;+307
j  org.springframework.beans.factory.support.AbstractBeanFactory.getBean(Ljava/lang/String;)Ljava/lang/Object;+5
j  org.springframework.beans.factory.support.BeanDefinitionValueResolver.resolveReference(Ljava/lang/Object;Lorg/springframework/beans/factory/config/RuntimeBeanReference;)Ljava/lang/Object;+94
j  org.springframework.beans.factory.support.BeanDefinitionValueResolver.resolveValueIfNecessary(Ljava/lang/Object;Ljava/lang/Object;)Ljava/lang/Object;+15
j  org.springframework.beans.factory.support.ConstructorResolver.resolveConstructorArguments(Ljava/lang/String;Lorg/springframework/beans/factory/support/RootBeanDefinition;Lorg/springframework/beans/BeanWrapper;Lorg/springframework/beans/factory/config/ConstructorArgumentValues;Lorg/springframework/beans/factory/config/ConstructorArgumentValues;)I+292
j  org.springframework.beans.factory.support.ConstructorResolver.autowireConstructor(Ljava/lang/String;Lorg/springframework/beans/factory/support/RootBeanDefinition;[Ljava/lang/reflect/Constructor;[Ljava/lang/Object;)Lorg/springframework/beans/BeanWrapper;+187
j  org.springframework.beans.factory.support.AbstractAutowireCapableBeanFactory.autowireConstructor(Ljava/lang/String;Lorg/springframework/beans/factory/support/RootBeanDefinition;[Ljava/lang/reflect/Constructor;[Ljava/lang/Object;)Lorg/springframework/beans/BeanWrapper;+13
j  org.springframework.beans.factory.support.AbstractAutowireCapableBeanFactory.createBeanInstance(Ljava/lang/String;Lorg/springframework/beans/factory/support/RootBeanDefinition;[Ljava/lang/Object;)Lorg/springframework/beans/BeanWrapper;+196
j  org.springframework.beans.factory.support.AbstractAutowireCapableBeanFactory.doCreateBean(Ljava/lang/String;Lorg/springframework/beans/factory/support/RootBeanDefinition;[Ljava/lang/Object;)Ljava/lang/Object;+34
j  org.springframework.beans.factory.support.AbstractAutowireCapableBeanFactory.createBean(Ljava/lang/String;Lorg/springframework/beans/factory/support/RootBeanDefinition;[Ljava/lang/Object;)Ljava/lang/Object;+122
j  org.springframework.beans.factory.support.AbstractBeanFactory$1.getObject()Ljava/lang/Object;+16
j  org.springframework.beans.factory.support.DefaultSingletonBeanRegistry.getSingleton(Ljava/lang/String;Lorg/springframework/beans/factory/ObjectFactory;)Ljava/lang/Object;+126
j  org.springframework.beans.factory.support.AbstractBeanFactory.doGetBean(Ljava/lang/String;Ljava/lang/Class;[Ljava/lang/Object;Z)Ljava/lang/Object;+307
j  org.springframework.beans.factory.support.AbstractBeanFactory.getBean(Ljava/lang/String;)Ljava/lang/Object;+5
j  org.springframework.beans.factory.support.DefaultListableBeanFactory.preInstantiateSingletons()V+230
j  org.springframework.context.support.AbstractApplicationContext.finishBeanFactoryInitialization(Lorg/springframework/beans/factory/config/ConfigurableListableBeanFactory;)V+62
j  org.springframework.context.support.AbstractApplicationContext.refresh()V+54
j  org.springframework.web.context.ContextLoader.createWebApplicationContext(Ljavax/servlet/ServletContext;Lorg/springframework/context/ApplicationContext;)Lorg/springframework/web/context/WebApplicationContext;+229
j  org.springframework.web.context.ContextLoader.initWebApplicationContext(Ljavax/servlet/ServletContext;)Lorg/springframework/web/context/WebApplicationContext;+69
j  org.springframework.web.context.ContextLoaderListener.contextInitialized(Ljavax/servlet/ServletContextEvent;)V+28
j  org.mortbay.jetty.handler.ContextHandler.startContext()V+62
j  org.mortbay.jetty.servlet.Context.startContext()V+1
j  org.mortbay.jetty.webapp.WebAppContext.startContext()V+123
j  org.mortbay.jetty.handler.ContextHandler.doStart()V+140
j  org.mortbay.jetty.webapp.WebAppContext.doStart()V+217
j  org.mortbay.jetty.plugin.Jetty6PluginWebAppContext.doStart()V+6
j  org.mortbay.component.AbstractLifeCycle.start()V+31
j  org.mortbay.jetty.plugin.AbstractJettyRunMojo.restartWebApp(Z)V+186
j  org.mortbay.jetty.plugin.AbstractJettyRunMojo$1.filesChanged(Ljava/util/List;)V+25
j  org.mortbay.util.Scanner.reportBulkChanges(Ljava/util/List;)V+38
j  org.mortbay.util.Scanner.reportDifferences(Ljava/util/Map;Ljava/util/Map;)V+345
j  org.mortbay.util.Scanner.scan()V+13
j  org.mortbay.util.Scanner$1.run()V+4
j  java.util.TimerThread.mainLoop()V+221
j  java.util.TimerThread.run()V+1
v  ~StubRoutines::call_stub

---------------  P R O C E S S  ---------------

Java Threads: ( => current thread )
  0x00007f75d0757000 JavaThread "Timer-2" daemon [_thread_blocked, id=18276, stack(0x00007f75ceb73000,0x00007f75cec74000)]
=>0x00007f75d0e5c800 JavaThread "Timer-1" daemon [_thread_in_native, id=16256, stack(0x00007f75ce964000,0x00007f75cea65000)]
  0x00007f75d00c9800 JavaThread "StopJettyPluginMonitor" daemon [_thread_in_native, id=16255, stack(0x00007f75cea65000,0x00007f75ceb66000)]
  0x0000000041e14000 JavaThread "1958381295@qtp-1532515231-1 - Acceptor0 SelectChannelConnector@0.0.0.0:9090" [_thread_in_native, id=16253, stack(0x00007f75cee3a000,0x00007f75cef3b000)]
  0x00000000417c7800 JavaThread "1908148255@qtp-1532515231-0" [_thread_blocked, id=16252, stack(0x00007f75cf7f8000,0x00007f75cf8f9000)]
  0x00007f75d0163800 JavaThread "com.google.inject.internal.util.$Finalizer" daemon [_thread_blocked, id=16240, stack(0x00007f75cf8f9000,0x00007f75cf9fa000)]
  0x00007f75d0006800 JavaThread "Low Memory Detector" daemon [_thread_blocked, id=16238, stack(0x00007f75cfafb000,0x00007f75cfbfc000)]
  0x00007f75d0003800 JavaThread "C2 CompilerThread1" daemon [_thread_in_native, id=16237, stack(0x00007f75cfbfc000,0x00007f75cfcfd000)]
  0x000000004108a000 JavaThread "C2 CompilerThread0" daemon [_thread_blocked, id=16236, stack(0x00007f75cfcfd000,0x00007f75cfdfe000)]
  0x00007f75d0001000 JavaThread "JDWP Command Reader" daemon [_thread_in_native, id=16235, stack(0x00007f75cfdfe000,0x00007f75cfeff000)]
  0x000000004107d000 JavaThread "JDWP Event Helper Thread" daemon [_thread_blocked, id=16233, stack(0x00007f75cfeff000,0x00007f75d0000000)]
  0x0000000041079800 JavaThread "JDWP Transport Listener: dt_socket" daemon [_thread_blocked, id=16231, stack(0x00007f75d4079000,0x00007f75d417a000)]
  0x000000004106e000 JavaThread "Signal Dispatcher" daemon [_thread_blocked, id=16230, stack(0x00007f75d427e000,0x00007f75d437f000)]
  0x0000000041052000 JavaThread "Finalizer" daemon [_thread_blocked, id=16229, stack(0x00007f75d437f000,0x00007f75d4480000)]
  0x000000004104a800 JavaThread "Reference Handler" daemon [_thread_blocked, id=16228, stack(0x00007f75d4480000,0x00007f75d4581000)]
  0x0000000040fde800 JavaThread "main" [_thread_blocked, id=16218, stack(0x00007f75dab70000,0x00007f75dac71000)]

Other Threads:
  0x0000000041044000 VMThread [stack: 0x00007f75d4581000,0x00007f75d4682000] [id=16227]
  0x00007f75d0019800 WatcherThread [stack: 0x00007f75cf9fa000,0x00007f75cfafb000] [id=16239]

VM state:not at safepoint (normal execution)

VM Mutex/Monitor currently owned by a thread: None

Heap
 PSYoungGen      total 34304K, used 22677K [0x00000007c1800000, 0x00000007c48c0000, 0x0000000800000000)
  eden space 31104K, 62% used [0x00000007c1800000,0x00000007c2b09380,0x00000007c3660000)
  from space 3200K, 99% used [0x00000007c36f0000,0x00000007c3a0c3c0,0x00000007c3a10000)
  to   space 9408K, 0% used [0x00000007c3f90000,0x00000007c3f90000,0x00000007c48c0000)
 PSOldGen        total 128000K, used 16831K [0x0000000744800000, 0x000000074c500000, 0x00000007c1800000)
  object space 128000K, 13% used [0x0000000744800000,0x000000074586fe70,0x000000074c500000)
 PSPermGen       total 63296K, used 63110K [0x000000073f600000, 0x00000007433d0000, 0x0000000744800000)
  object space 63296K, 99% used [0x000000073f600000,0x00000007433a1aa8,0x00000007433d0000)

Code Cache  [0x00007f75d639e000, 0x00007f75d67fe000, 0x00007f75d939e000)
 total_blobs=1294 nmethods=948 adapters=307 free_code_cache=45860608 largest_free_block=10304

Dynamic libraries:
40000000-40009000 r-xp 00000000 08:05 3540296                            /usr/lib/jvm/java-6-sun-1.6.0.26/jre/bin/java
40108000-4010a000 rwxp 00008000 08:05 3540296                            /usr/lib/jvm/java-6-sun-1.6.0.26/jre/bin/java
40fd3000-4473d000 rwxp 00000000 00:00 0                                  [heap]
73f600000-7433d0000 rwxp 00000000 00:00 0 
7433d0000-744800000 rwxp 00000000 00:00 0 
744800000-74c500000 rwxp 00000000 00:00 0 
74c500000-7c1800000 rwxp 00000000 00:00 0 
7c1800000-7c48c0000 rwxp 00000000 00:00 0 
7c48c0000-7c8f20000 ---p 00000000 00:00 0 
7c8f20000-800000000 rwxp 00000000 00:00 0 
7f75c8000000-7f75c8d57000 rwxp 00000000 00:00 0 
7f75c8d57000-7f75cc000000 ---p 00000000 00:00 0 
7f75ce8c7000-7f75ce8d6000 r-xs 00667000 08:05 661211                     /usr/lib/jvm/java-6-sun-1.6.0.26/jre/lib/charsets.jar
7f75ce8d6000-7f75ce8e5000 r-xs 00667000 08:05 661211                     /usr/lib/jvm/java-6-sun-1.6.0.26/jre/lib/charsets.jar
7f75ce962000-7f75ce964000 r-xs 00004000 fd:01 1778032                    /home/alle/.m2/repository/org/surfnet/coin/mockoleth-common/2.2.0-SNAPSHOT/mockoleth-common-2.2.0-SNAPSHOT.jar
7f75ce964000-7f75ce967000 ---p 00000000 00:00 0 
7f75ce967000-7f75cea65000 rwxp 00000000 00:00 0 
7f75cea65000-7f75cea68000 ---p 00000000 00:00 0 
7f75cea68000-7f75ceb66000 rwxp 00000000 00:00 0 
7f75ceb66000-7f75ceb69000 r-xs 00027000 08:05 3540268                    /usr/lib/jvm/java-6-sun-1.6.0.26/jre/lib/ext/sunjce_provider.jar
7f75ceb69000-7f75ceb70000 r-xs 00094000 08:05 661209                     /usr/lib/jvm/java-6-sun-1.6.0.26/jre/lib/jsse.jar
7f75ceb70000-7f75ceb73000 r-xs 00013000 08:05 661210                     /usr/lib/jvm/java-6-sun-1.6.0.26/jre/lib/jce.jar
7f75ceb73000-7f75ceb76000 ---p 00000000 00:00 0 
7f75ceb76000-7f75cec74000 rwxp 00000000 00:00 0 
7f75cec74000-7f75cec75000 r-xs 00001000 fd:01 1827046                    /home/alle/.m2/repository/org/slf4j/slf4j-simple/1.6.4/slf4j-simple-1.6.4.jar
7f75cec75000-7f75cec77000 r-xs 00005000 fd:01 205491                     /home/alle/.m2/repository/org/slf4j/slf4j-api/1.6.4/slf4j-api-1.6.4.jar
7f75cec77000-7f75cec81000 r-xs 0005c000 fd:01 1393345                    /home/alle/.m2/repository/javax/servlet/jstl/1.2/jstl-1.2.jar
7f75cec81000-7f75cec8b000 r-xs 00055000 fd:01 2015281                    /home/alle/.m2/repository/org/springframework/spring-jdbc/3.0.6.RELEASE/spring-jdbc-3.0.6.RELEASE.jar
7f75cec8b000-7f75cec8e000 r-xs 00011000 fd:01 2031981                    /home/alle/.m2/repository/org/springframework/security/spring-security-acl/3.0.6.RELEASE/spring-security-acl-3.0.6.RELEASE.jar
7f75cec8e000-7f75cec8f000 r-xs 00004000 fd:01 2031978                    /home/alle/.m2/repository/org/springframework/security/spring-security-taglibs/3.0.6.RELEASE/spring-security-taglibs-3.0.6.RELEASE.jar
7f75cec8f000-7f75cec92000 r-xs 0002b000 fd:01 2031975                    /home/alle/.m2/repository/org/springframework/security/spring-security-config/3.0.6.RELEASE/spring-security-config-3.0.6.RELEASE.jar
7f75cec92000-7f75cec99000 r-xs 00035000 fd:01 2031972                    /home/alle/.m2/repository/org/springframework/security/spring-security-web/3.0.6.RELEASE/spring-security-web-3.0.6.RELEASE.jar
7f75cec99000-7f75cecaf000 r-xs 00178000 fd:01 336252                     /home/alle/.m2/repository/org/aspectj/aspectjweaver/1.6.8/aspectjweaver-1.6.8.jar
7f75cecaf000-7f75cecb4000 r-xs 00018000 fd:01 336249                     /home/alle/.m2/repository/org/aspectj/aspectjrt/1.6.8/aspectjrt-1.6.8.jar
7f75cecb4000-7f75cecbd000 r-xs 00046000 fd:01 1982568                    /home/alle/.m2/repository/org/springframework/spring-aop/3.0.6.RELEASE/spring-aop-3.0.6.RELEASE.jar
7f75cecbd000-7f75cecc4000 r-xs 00032000 fd:01 2015276                    /home/alle/.m2/repository/org/springframework/spring-tx/3.0.6.RELEASE/spring-tx-3.0.6.RELEASE.jar
7f75cecc4000-7f75cecce000 r-xs 00043000 fd:01 2031969                    /home/alle/.m2/repository/org/springframework/security/spring-security-core/3.0.6.RELEASE/spring-security-core-3.0.6.RELEASE.jar
7f75cecce000-7f75cecd4000 r-xs 0002d000 fd:01 1778019                    /home/alle/.m2/repository/org/springframework/spring-test/3.0.6.RELEASE/spring-test-3.0.6.RELEASE.jar
7f75cecd4000-7f75cecd5000 r-xs 00004000 fd:01 2031718                    /home/alle/.m2/repository/org/codehaus/jackson/jackson-jaxrs/1.9.5/jackson-jaxrs-1.9.5.jar
7f75cecd5000-7f75cecd9000 r-xs 00034000 fd:01 2031721                    /home/alle/.m2/repository/org/codehaus/jackson/jackson-core-asl/1.9.5/jackson-core-asl-1.9.5.jar
7f75cecd9000-7f75cece8000 r-xs 000b0000 fd:01 2031724                    /home/alle/.m2/repository/org/codehaus/jackson/jackson-mapper-asl/1.9.5/jackson-mapper-asl-1.9.5.jar
7f75cece8000-7f75cecea000 r-xs 00000000 fd:01 1458191                    /home/alle/.m2/repository/aopalliance/aopalliance/1.0/aopalliance-1.0.jar
7f75cecea000-7f75cecf4000 r-xs 00058000 fd:01 2015473                    /home/alle/.m2/repository/org/springframework/spring-web/3.0.6.RELEASE/spring-web-3.0.6.RELEASE.jar
7f75cecf4000-7f75cecf8000 r-xs 00026000 fd:01 336365                     /home/alle/.m2/repository/org/springframework/spring-expression/3.0.6.RELEASE/spring-expression-3.0.6.RELEASE.jar
7f75cecf8000-7f75cecfa000 r-xs 0000d000 fd:01 1491004                    /home/alle/.m2/repository/commons-logging/commons-logging/1.1.1/commons-logging-1.1.1.jar
7f75cecfa000-7f75ced03000 r-xs 00055000 fd:01 336359                     /home/alle/.m2/repository/org/springframework/spring-core/3.0.6.RELEASE/spring-core-3.0.6.RELEASE.jar
7f75ced03000-7f75ced06000 r-xs 00016000 fd:01 205759                     /home/alle/.m2/repository/org/springframework/spring-context-support/3.0.6.RELEASE/spring-context-support-3.0.6.RELEASE.jar
7f75ced06000-7f75ced17000 r-xs 00093000 fd:01 336362                     /home/alle/.m2/repository/org/springframework/spring-context/3.0.6.RELEASE/spring-context-3.0.6.RELEASE.jar
7f75ced17000-7f75ced22000 r-xs 0007d000 fd:01 336356                     /home/alle/.m2/repository/org/springframework/spring-beans/3.0.6.RELEASE/spring-beans-3.0.6.RELEASE.jar
7f75ced22000-7f75ced23000 r-xs 0000c000 fd:01 336134                     /home/alle/.m2/repository/org/springframework/spring-asm/3.0.6.RELEASE/spring-asm-3.0.6.RELEASE.jar
7f75ced23000-7f75ced2c000 r-xs 0005e000 fd:01 2031937                    /home/alle/.m2/repository/org/springframework/spring-webmvc/3.0.6.RELEASE/spring-webmvc-3.0.6.RELEASE.jar
7f75ced2c000-7f75ced2f000 r-xs 00041000 fd:01 1458199                    /home/alle/.m2/repository/xalan/serializer/2.7.1/serializer-2.7.1.jar
7f75ced2f000-7f75ced54000 r-xs 002e3000 fd:01 1458205                    /home/alle/.m2/repository/xalan/xalan/2.7.1/xalan-2.7.1.jar
7f75ced54000-7f75ced56000 r-xs 00013000 fd:01 1393800                    /home/alle/.m2/repository/xml-resolver/xml-resolver/1.2/xml-resolver-1.2.jar
7f75ced56000-7f75ced6f000 r-xs 00134000 fd:01 1394322                    /home/alle/.m2/repository/xerces/xercesImpl/2.10.0/xercesImpl-2.10.0.jar
7f75ced6f000-7f75ced75000 r-xs 00054000 fd:01 1843563                    /home/alle/.m2/repository/org/owasp/esapi/esapi/2.0GA/esapi-2.0GA.jar
7f75ced75000-7f75ced7d000 r-xs 00058000 fd:01 1393223                    /home/alle/.m2/repository/velocity/velocity/1.5/velocity-1.5.jar
7f75ced7d000-7f75ced82000 r-xs 00041000 fd:01 1450141                    /home/alle/.m2/repository/commons-lang/commons-lang/2.6/commons-lang-2.6.jar
7f75ced82000-7f75ced8f000 r-xs 0007c000 fd:01 1499172                    /home/alle/.m2/repository/commons-collections/commons-collections/3.1/commons-collections-3.1.jar
7f75ced8f000-7f75ced95000 r-xs 00045000 fd:01 1393155                    /home/alle/.m2/repository/commons-httpclient/commons-httpclient/3.1/commons-httpclient-3.1.jar
7f75ced95000-7f75ced97000 r-xs 0000d000 fd:01 1394225                    /home/alle/.m2/repository/commons-codec/commons-codec/1.4/commons-codec-1.4.jar
7f75ced97000-7f75ced98000 r-xs 00000000 fd:01 1394321                    /home/alle/.m2/repository/net/jcip/jcip-annotations/1.0/jcip-annotations-1.0.jar
7f75ced98000-7f75ced9d000 r-xs 0003b000 fd:01 1394315                    /home/alle/.m2/repository/ca/juliusdavies/not-yet-commons-ssl/0.3.9/not-yet-commons-ssl-0.3.9.jar
7f75ced9d000-7f75ceda8000 r-xs 00063000 fd:01 1843562                    /home/alle/.m2/repository/org/apache/santuario/xmlsec/1.4.4/xmlsec-1.4.4.jar
7f75ceda8000-7f75cedcd000 r-xs 00172000 fd:01 1581469                    /home/alle/.m2/repository/org/bouncycastle/bcprov-jdk15/1.45/bcprov-jdk15-1.45.jar
7f75cedcd000-7f75ceddc000 r-xs 00076000 fd:01 1393896                    /home/alle/.m2/repository/joda-time/joda-time/1.6.2/joda-time-1.6.2.jar
7f75ceddc000-7f75cedde000 r-xs 00000000 fd:01 1843575                    /home/alle/.m2/repository/org/slf4j/jul-to-slf4j/1.6.1/jul-to-slf4j-1.6.1.jar
7f75cedde000-7f75cede0000 r-xs 00002000 fd:01 1843571                    /home/alle/.m2/repository/org/slf4j/log4j-over-slf4j/1.6.1/log4j-over-slf4j-1.6.1.jar
7f75cede0000-7f75cede2000 r-xs 00003000 fd:01 164875                     /home/alle/.m2/repository/org/slf4j/jcl-over-slf4j/1.6.1/jcl-over-slf4j-1.6.1.jar
7f75cede2000-7f75cedf1000 r-xs 00087000 fd:01 1843580                    /home/alle/.m2/repository/org/opensaml/xmltooling/1.3.2/xmltooling-1.3.2.jar
7f75cedf1000-7f75cee04000 r-xs 00078000 fd:01 1843572                    /home/alle/.m2/repository/org/opensaml/openws/1.4.2/openws-1.4.2.jar
7f75cee04000-7f75cee2c000 r-xs 00123000 fd:01 1843564                    /home/alle/.m2/repository/org/opensaml/opensaml/2.5.1/opensaml-2.5.1.jar
7f75cee2c000-7f75cee35000 r-xs 0002d000 fd:01 1394316                    /home/alle/.m2/repository/xml-apis/xml-apis/1.4.01/xml-apis-1.4.01.jar
7f75cee35000-7f75cee38000 r-xs 00018000 fd:01 1393103                    /home/alle/.m2/repository/commons-io/commons-io/1.4/commons-io-1.4.jar
7f75cee38000-7f75cee3a000 r-xs 00004000 fd:01 1778032                    /home/alle/.m2/repository/org/surfnet/coin/mockoleth-common/2.2.0-SNAPSHOT/mockoleth-common-2.2.0-SNAPSHOT.jar
7f75cee3a000-7f75cee3d000 ---p 00000000 00:00 0 
7f75cee3d000-7f75cef3b000 rwxp 00000000 00:00 0 
7f75cef3b000-7f75cef3d000 r-xs 00003000 fd:01 1613921                    /home/alle/.m2/repository/org/mortbay/jetty/start/6.1.26/start-6.1.26.jar
7f75cef3d000-7f75cef3e000 r-xs 00002000 fd:01 1785989                    /home/alle/.m2/repository/org/apache/geronimo/specs/geronimo-annotation_1.0_spec/1.0/geronimo-annotation_1.0_spec-1.0.jar
7f75cef3e000-7f75cef40000 r-xs 00002000 fd:01 1614129                    /home/alle/.m2/repository/org/mortbay/jetty/jetty-annotations/6.1.26/jetty-annotations-6.1.26.jar
7f75cef40000-7f75cef4f000 r-xs 000ee000 fd:01 1499178                    /home/alle/.m2/repository/ant/ant/1.6.5/ant-1.6.5.jar
7f75cef4f000-7f75cef5d000 r-xs 0018b000 fd:01 1597576                    /home/alle/.m2/repository/org/eclipse/jdt/core/compiler/ecj/3.5.1/ecj-3.5.1.jar
7f75cef5d000-7f75cef6e000 r-xs 000ea000 fd:01 1613971                    /home/alle/.m2/repository/org/mortbay/jetty/jsp-2.1-glassfish/2.1.v20091210/jsp-2.1-glassfish-2.1.v20091210.jar
7f75cef6e000-7f75cef72000 r-xs 0001e000 fd:01 1613903                    /home/alle/.m2/repository/org/mortbay/jetty/jsp-api-2.1-glassfish/2.1.v20091210/jsp-api-2.1-glassfish-2.1.v20091210.jar
7f75cef72000-7f75cef95000 r-xs 00344000 fd:01 1597569                    /home/alle/.m2/repository/org/eclipse/jdt/core/3.1.1/core-3.1.1.jar
7f75cef95000-7f75cef97000 r-xs 00000000 fd:01 1614025                    /home/alle/.m2/repository/org/mortbay/jetty/jsp-2.1-jetty/6.1.26/jsp-2.1-jetty-6.1.26.jar
7f75cef97000-7f75cef99000 r-xs 00007000 fd:01 1614053                    /home/alle/.m2/repository/org/mortbay/jetty/jetty-management/6.1.26/jetty-management-6.1.26.jar
7f75cef99000-7f75cef9f000 r-xs 00059000 fd:01 1393594                    /home/alle/.m2/repository/javax/mail/mail/1.4/mail-1.4.jar
7f75cef9f000-7f75cefa0000 r-xs 00006000 fd:01 1614105                    /home/alle/.m2/repository/org/mortbay/jetty/jetty-naming/6.1.26/jetty-naming-6.1.26.jar
7f75cefa0000-7f75cefa2000 r-xs 00002000 fd:01 1490964                    /home/alle/.m2/repository/geronimo-spec/geronimo-spec-jta/1.0.1B-rc4/geronimo-spec-jta-1.0.1B-rc4.jar
7f75cefa2000-7f75cefa4000 r-xs 0000d000 fd:01 1614156                    /home/alle/.m2/repository/org/mortbay/jetty/jetty-plus/6.1.26/jetty-plus-6.1.26.jar
7f75cefa4000-7f75cefa6000 r-xs 00004000 fd:01 1949758                    /home/alle/.m2/repository/org/apache/maven/maven-plugin-tools-api/2.0/maven-plugin-tools-api-2.0.jar
7f75cefa6000-7f75cefa9000 r-xs 0001b000 fd:01 1450020                    /home/alle/.m2/repository/junit/junit/3.8.2/junit-3.8.2.jar
7f75cefa9000-7f75cefad000 r-xs 00028000 fd:01 1614178                    /home/alle/.m2/repository/org/mortbay/jetty/jetty-util/6.1.26/jetty-util-6.1.26.jar
7f75cefad000-7f75cefb4000 r-xs 0007d000 fd:01 1613941                    /home/alle/.m2/repository/org/mortbay/jetty/jetty/6.1.26/jetty-6.1.26.jar
7f75cefb4000-7f75cefcb000 r-xp 00000000 08:05 5247602                    /lib/x86_64-linux-gnu/libresolv-2.13.so
7f75cefcb000-7f75cf1cb000 ---p 00017000 08:05 5247602                    /lib/x86_64-linux-gnu/libresolv-2.13.so
7f75cf1cb000-7f75cf1cc000 r-xp 00017000 08:05 5247602                    /lib/x86_64-linux-gnu/libresolv-2.13.so
7f75cf1cc000-7f75cf1cd000 rwxp 00018000 08:05 5247602                    /lib/x86_64-linux-gnu/libresolv-2.13.so
7f75cf1cd000-7f75cf1cf000 rwxp 00000000 00:00 0 
7f75cf1cf000-7f75cf1d5000 r-xp 00000000 08:05 5246662                    /lib/x86_64-linux-gnu/libnss_dns-2.13.so
7f75cf1d5000-7f75cf3d4000 ---p 00006000 08:05 5246662                    /lib/x86_64-linux-gnu/libnss_dns-2.13.so
7f75cf3d4000-7f75cf3d5000 r-xp 00005000 08:05 5246662                    /lib/x86_64-linux-gnu/libnss_dns-2.13.so
7f75cf3d5000-7f75cf3d6000 rwxp 00006000 08:05 5246662                    /lib/x86_64-linux-gnu/libnss_dns-2.13.so
7f75cf3d6000-7f75cf3d8000 r-xp 00000000 08:05 5242948                    /lib/libnss_mdns4_minimal.so.2
7f75cf3d8000-7f75cf5d7000 ---p 00002000 08:05 5242948                    /lib/libnss_mdns4_minimal.so.2
7f75cf5d7000-7f75cf5d8000 r-xp 00001000 08:05 5242948                    /lib/libnss_mdns4_minimal.so.2
7f75cf5d8000-7f75cf5d9000 rwxp 00002000 08:05 5242948                    /lib/libnss_mdns4_minimal.so.2
7f75cf5d9000-7f75cf5e0000 r-xp 00000000 08:05 3540396                    /usr/lib/jvm/java-6-sun-1.6.0.26/jre/lib/amd64/libnio.so
7f75cf5e0000-7f75cf6df000 ---p 00007000 08:05 3540396                    /usr/lib/jvm/java-6-sun-1.6.0.26/jre/lib/amd64/libnio.so
7f75cf6df000-7f75cf6e1000 rwxp 00006000 08:05 3540396                    /usr/lib/jvm/java-6-sun-1.6.0.26/jre/lib/amd64/libnio.so
7f75cf6e1000-7f75cf6f4000 r-xp 00000000 08:05 3540409                    /usr/lib/jvm/java-6-sun-1.6.0.26/jre/lib/amd64/libnet.so
7f75cf6f4000-7f75cf7f5000 ---p 00013000 08:05 3540409                    /usr/lib/jvm/java-6-sun-1.6.0.26/jre/lib/amd64/libnet.so
7f75cf7f5000-7f75cf7f8000 rwxp 00014000 08:05 3540409                    /usr/lib/jvm/java-6-sun-1.6.0.26/jre/lib/amd64/libnet.so
7f75cf7f8000-7f75cf7fb000 ---p 00000000 00:00 0 
7f75cf7fb000-7f75cf8f9000 rwxp 00000000 00:00 0 
7f75cf8f9000-7f75cf8fc000 ---p 00000000 00:00 0 
7f75cf8fc000-7f75cf9fa000 rwxp 00000000 00:00 0 
7f75cf9fa000-7f75cf9fb000 ---p 00000000 00:00 0 
7f75cf9fb000-7f75cfafb000 rwxp 00000000 00:00 0 
7f75cfafb000-7f75cfafe000 ---p 00000000 00:00 0 
7f75cfafe000-7f75cfbfc000 rwxp 00000000 00:00 0 
7f75cfbfc000-7f75cfbff000 ---p 00000000 00:00 0 
7f75cfbff000-7f75cfcfd000 rwxp 00000000 00:00 0 
7f75cfcfd000-7f75cfd00000 ---p 00000000 00:00 0 
7f75cfd00000-7f75cfdfe000 rwxp 00000000 00:00 0 
7f75cfdfe000-7f75cfe01000 ---p 00000000 00:00 0 
7f75cfe01000-7f75cfeff000 rwxp 00000000 00:00 0 
7f75cfeff000-7f75cff02000 ---p 00000000 00:00 0 
7f75cff02000-7f75d0000000 rwxp 00000000 00:00 0 
7f75d0000000-7f75d1e52000 rwxp 00000000 00:00 0 
7f75d1e52000-7f75d4000000 ---p 00000000 00:00 0 
7f75d4001000-7f75d4004000 r-xs 00027000 fd:01 1573157                    /home/alle/.m2/repository/org/codehaus/plexus/plexus-utils/1.1/plexus-utils-1.1.jar
7f75d4004000-7f75d4006000 r-xs 0001f000 fd:01 1613980                    /home/alle/.m2/repository/org/mortbay/jetty/servlet-api/2.5-20081211/servlet-api-2.5-20081211.jar
7f75d4006000-7f75d4008000 r-xs 0000a000 fd:01 1614076                    /home/alle/.m2/repository/org/mortbay/jetty/maven-jetty-plugin/6.1.26/maven-jetty-plugin-6.1.26.jar
7f75d4008000-7f75d400a000 r-xs 00002000 fd:01 1573099                    /home/alle/.m2/repository/org/codehaus/plexus/plexus-compiler-javac/1.8.1/plexus-compiler-javac-1.8.1.jar
7f75d400a000-7f75d400c000 r-xs 00000000 fd:01 1581258                    /home/alle/.m2/repository/org/codehaus/plexus/plexus-compiler-manager/1.8.1/plexus-compiler-manager-1.8.1.jar
7f75d400c000-7f75d400d000 r-xs 00004000 fd:01 1573012                    /home/alle/.m2/repository/org/codehaus/plexus/plexus-compiler-api/1.8.1/plexus-compiler-api-1.8.1.jar
7f75d400d000-7f75d400f000 r-xs 00006000 fd:01 131935                     /home/alle/.m2/repository/org/apache/maven/plugins/maven-compiler-plugin/2.3.2/maven-compiler-plugin-2.3.2.jar
7f75d400f000-7f75d4011000 r-xs 0000d000 fd:01 1581199                    /home/alle/.m2/repository/org/codehaus/plexus/plexus-interpolation/1.13/plexus-interpolation-1.13.jar
7f75d4011000-7f75d4012000 r-xs 00001000 fd:01 1614250                    /home/alle/.m2/repository/org/sonatype/plexus/plexus-build-api/0.0.4/plexus-build-api-0.0.4.jar
7f75d4012000-7f75d4014000 r-xs 00007000 fd:01 132495                     /home/alle/.m2/repository/org/apache/maven/shared/maven-filtering/1.0-beta-4/maven-filtering-1.0-beta-4.jar
7f75d4014000-7f75d4018000 r-xs 00033000 fd:01 1573222                    /home/alle/.m2/repository/org/codehaus/plexus/plexus-utils/2.0.5/plexus-utils-2.0.5.jar
7f75d4018000-7f75d401b000 r-xs 0001b000 fd:01 1450002                    /home/alle/.m2/repository/junit/junit/3.8.1/junit-3.8.1.jar
7f75d401b000-7f75d401d000 r-xs 00002000 fd:01 1581089                    /home/alle/.m2/repository/org/codehaus/plexus/plexus-interactivity-api/1.0-alpha-4/plexus-interactivity-api-1.0-alpha-4.jar
7f75d401d000-7f75d401f000 r-xs 00006000 fd:01 1393073                    /home/alle/.m2/repository/commons-cli/commons-cli/1.0/commons-cli-1.0.jar
7f75d401f000-7f75d4020000 r-xs 00001000 fd:01 131706                     /home/alle/.m2/repository/org/apache/maven/doxia/doxia-sink-api/1.0-alpha-7/doxia-sink-api-1.0-alpha-7.jar
7f75d4020000-7f75d4021000 r-xs 00002000 fd:01 131539                     /home/alle/.m2/repository/org/apache/maven/reporting/maven-reporting-api/2.0.6/maven-reporting-api-2.0.6.jar
7f75d4021000-7f75d4022000 r-xs 00005000 fd:01 132137                     /home/alle/.m2/repository/org/apache/maven/plugins/maven-resources-plugin/2.4.3/maven-resources-plugin-2.4.3.jar
7f75d4022000-7f75d4024000 r-xs 00026000 fd:01 1581073                    /home/alle/.m2/repository/org/codehaus/plexus/plexus-utils/1.0.4/plexus-utils-1.0.4.jar
7f75d4024000-7f75d4026000 r-xs 00008000 fd:01 1491012                    /home/alle/.m2/repository/commons-logging/commons-logging/1.0.4/commons-logging-1.0.4.jar
7f75d4026000-7f75d4027000 r-xs 00005000 fd:01 1458285                    /home/alle/.m2/repository/de/zeigermann/xml/xml-im-exporter/1.1/xml-im-exporter-1.1.jar
7f75d4027000-7f75d402a000 r-xs 00023000 fd:01 1393033                    /home/alle/.m2/repository/jdom/jdom/1.0/jdom-1.0.jar
7f75d402a000-7f75d402f000 r-xs 00033000 fd:01 1393149                    /home/alle/.m2/repository/commons-httpclient/commons-httpclient/2.0.2/commons-httpclient-2.0.2.jar
7f75d402f000-7f75d4033000 r-xs 00027000 fd:01 1393867                    /home/alle/.m2/repository/slide/slide-webdavlib/2.1/slide-webdavlib-2.1.jar
7f75d4033000-7f75d4035000 r-xs 00003000 fd:01 1949830                    /home/alle/.m2/repository/org/apache/maven/wagon/wagon-webdav/1.0-beta-2/wagon-webdav-1.0-beta-2.jar
7f75d4035000-7f75d4036000 r-xp 00000000 00:00 0 
7f75d4036000-7f75d403b000 r-xs 00020000 08:05 137856                     /usr/local/apache-maven/apache-maven-3.0.3/lib/maven-model-builder-3.0.3.jar
7f75d403b000-7f75d403c000 r-xs 00002000 08:05 137855                     /usr/local/apache-maven/apache-maven-3.0.3/lib/wagon-file-1.0-beta-7.jar
7f75d403c000-7f75d403d000 r-xs 00006000 08:05 137854                     /usr/local/apache-maven/apache-maven-3.0.3/lib/plexus-sec-dispatcher-1.3.jar
7f75d403d000-7f75d4041000 r-xs 00033000 08:05 137853                     /usr/local/apache-maven/apache-maven-3.0.3/lib/plexus-utils-2.0.6.jar
7f75d4041000-7f75d4044000 r-xs 00019000 08:05 137852                     /usr/local/apache-maven/apache-maven-3.0.3/lib/nekohtml-1.9.6.2.jar
7f75d4044000-7f75d4046000 r-xs 0000b000 08:05 137851                     /usr/local/apache-maven/apache-maven-3.0.3/lib/maven-artifact-3.0.3.jar
7f75d4046000-7f75d404c000 r-xs 0003f000 08:05 137850                     /usr/local/apache-maven/apache-maven-3.0.3/lib/maven-compat-3.0.3.jar
7f75d404c000-7f75d404e000 r-xs 0000b000 08:05 137849                     /usr/local/apache-maven/apache-maven-3.0.3/lib/maven-plugin-api-3.0.3.jar
7f75d404e000-7f75d404f000 r-xs 0000a000 08:05 137848                     /usr/local/apache-maven/apache-maven-3.0.3/lib/maven-embedder-3.0.3.jar
7f75d404f000-7f75d4053000 r-xs 0001a000 08:05 137847                     /usr/local/apache-maven/apache-maven-3.0.3/lib/aether-util-1.11.jar
7f75d4053000-7f75d4055000 r-xs 00006000 08:05 137846                     /usr/local/apache-maven/apache-maven-3.0.3/lib/maven-repository-metadata-3.0.3.jar
7f75d4055000-7f75d405b000 r-xs 0002a000 08:05 137845                     /usr/local/apache-maven/apache-maven-3.0.3/lib/sisu-inject-plexus-2.1.1.jar
7f75d405b000-7f75d405d000 r-xs 00006000 08:05 137844                     /usr/local/apache-maven/apache-maven-3.0.3/lib/aether-connector-wagon-1.11.jar
7f75d405d000-7f75d4060000 r-xs 0001c000 08:05 137843                     /usr/local/apache-maven/apache-maven-3.0.3/lib/aether-impl-1.11.jar
7f75d4060000-7f75d4062000 r-xs 00005000 08:05 137842                     /usr/local/apache-maven/apache-maven-3.0.3/lib/wagon-http-shared-1.0-beta-7.jar
7f75d4062000-7f75d4068000 r-xs 00033000 08:05 137841                     /usr/local/apache-maven/apache-maven-3.0.3/lib/sisu-inject-bean-2.1.1.jar
7f75d4068000-7f75d406a000 r-xs 0000b000 08:05 137840                     /usr/local/apache-maven/apache-maven-3.0.3/lib/wagon-provider-api-1.0-beta-7.jar
7f75d406a000-7f75d406c000 r-xs 00008000 08:05 137839                     /usr/local/apache-maven/apache-maven-3.0.3/lib/xercesMinimal-1.9.6.2.jar
7f75d406c000-7f75d406e000 r-xs 00026000 08:05 137837                     /usr/local/apache-maven/apache-maven-3.0.3/lib/maven-model-3.0.3.jar
7f75d406e000-7f75d4079000 r-xs 0007d000 08:05 137832                     /usr/local/apache-maven/apache-maven-3.0.3/lib/maven-core-3.0.3.jar
7f75d4079000-7f75d407c000 ---p 00000000 00:00 0 
7f75d407c000-7f75d417a000 rwxp 00000000 00:00 0 
7f75d417a000-7f75d417d000 r-xp 00000000 08:05 3540394                    /usr/lib/jvm/java-6-sun-1.6.0.26/jre/lib/amd64/libdt_socket.so
7f75d417d000-7f75d427c000 ---p 00003000 08:05 3540394                    /usr/lib/jvm/java-6-sun-1.6.0.26/jre/lib/amd64/libdt_socket.so
7f75d427c000-7f75d427e000 rwxp 00002000 08:05 3540394                    /usr/lib/jvm/java-6-sun-1.6.0.26/jre/lib/amd64/libdt_socket.so
7f75d427e000-7f75d4281000 ---p 00000000 00:00 0 
7f75d4281000-7f75d437f000 rwxp 00000000 00:00 0 
7f75d437f000-7f75d4382000 ---p 00000000 00:00 0 
7f75d4382000-7f75d4480000 rwxp 00000000 00:00 0 
7f75d4480000-7f75d4483000 ---p 00000000 00:00 0 
7f75d4483000-7f75d4581000 rwxp 00000000 00:00 0 
7f75d4581000-7f75d4582000 ---p 00000000 00:00 0 
7f75d4582000-7f75d4fbf000 rwxp 00000000 00:00 0 
7f75d4fbf000-7f75d5157000 r-xs 03029000 08:05 661252                     /usr/lib/jvm/java-6-sun-1.6.0.26/jre/lib/rt.jar
7f75d5157000-7f75d517f000 rwxp 00000000 00:00 0 
7f75d517f000-7f75d5180000 ---p 00000000 00:00 0 
7f75d5180000-7f75d5280000 rwxp 00000000 00:00 0 
7f75d5280000-7f75d5281000 ---p 00000000 00:00 0 
7f75d5281000-7f75d5381000 rwxp 00000000 00:00 0 
7f75d5381000-7f75d5382000 ---p 00000000 00:00 0 
7f75d5382000-7f75d5482000 rwxp 00000000 00:00 0 
7f75d5482000-7f75d5483000 ---p 00000000 00:00 0 
7f75d5483000-7f75d5583000 rwxp 00000000 00:00 0 
7f75d5583000-7f75d5584000 ---p 00000000 00:00 0 
7f75d5584000-7f75d5684000 rwxp 00000000 00:00 0 
7f75d5684000-7f75d5685000 ---p 00000000 00:00 0 
7f75d5685000-7f75d5785000 rwxp 00000000 00:00 0 
7f75d5785000-7f75d5786000 ---p 00000000 00:00 0 
7f75d5786000-7f75d5886000 rwxp 00000000 00:00 0 
7f75d5886000-7f75d5887000 ---p 00000000 00:00 0 
7f75d5887000-7f75d59a6000 rwxp 00000000 00:00 0 
7f75d59a6000-7f75d59b0000 rwxp 00000000 00:00 0 
7f75d59b0000-7f75d59ef000 rwxp 00000000 00:00 0 
7f75d59ef000-7f75d5d98000 rwxp 00000000 00:00 0 
7f75d5d98000-7f75d5db7000 rwxp 00000000 00:00 0 
7f75d5db7000-7f75d5dc1000 rwxp 00000000 00:00 0 
7f75d5dc1000-7f75d5e00000 rwxp 00000000 00:00 0 
7f75d5e00000-7f75d61a9000 rwxp 00000000 00:00 0 
7f75d61a9000-7f75d61c2000 rwxp 00000000 00:00 0 
7f75d61c2000-7f75d61e5000 ---p 00000000 00:00 0 
7f75d61e5000-7f75d639d000 rwxp 00000000 00:00 0 
7f75d639d000-7f75d67fe000 rwxp 00000000 00:00 0 
7f75d67fe000-7f75d939e000 rwxp 00000000 00:00 0 
7f75d939e000-7f75d93ac000 r-xp 00000000 08:05 3540431                    /usr/lib/jvm/java-6-sun-1.6.0.26/jre/lib/amd64/libzip.so
7f75d93ac000-7f75d94ae000 ---p 0000e000 08:05 3540431                    /usr/lib/jvm/java-6-sun-1.6.0.26/jre/lib/amd64/libzip.so
7f75d94ae000-7f75d94b1000 rwxp 00010000 08:05 3540431                    /usr/lib/jvm/java-6-sun-1.6.0.26/jre/lib/amd64/libzip.so
7f75d94b1000-7f75d94b2000 rwxp 00000000 00:00 0 
7f75d94b2000-7f75d94be000 r-xp 00000000 08:05 5246666                    /lib/x86_64-linux-gnu/libnss_files-2.13.so
7f75d94be000-7f75d96bd000 ---p 0000c000 08:05 5246666                    /lib/x86_64-linux-gnu/libnss_files-2.13.so
7f75d96bd000-7f75d96be000 r-xp 0000b000 08:05 5246666                    /lib/x86_64-linux-gnu/libnss_files-2.13.so
7f75d96be000-7f75d96bf000 rwxp 0000c000 08:05 5246666                    /lib/x86_64-linux-gnu/libnss_files-2.13.so
7f75d96bf000-7f75d96c9000 r-xp 00000000 08:05 5246671                    /lib/x86_64-linux-gnu/libnss_nis-2.13.so
7f75d96c9000-7f75d98c9000 ---p 0000a000 08:05 5246671                    /lib/x86_64-linux-gnu/libnss_nis-2.13.so
7f75d98c9000-7f75d98ca000 r-xp 0000a000 08:05 5246671                    /lib/x86_64-linux-gnu/libnss_nis-2.13.so
7f75d98ca000-7f75d98cb000 rwxp 0000b000 08:05 5246671                    /lib/x86_64-linux-gnu/libnss_nis-2.13.so
7f75d98cb000-7f75d98d3000 r-xp 00000000 08:05 5246656                    /lib/x86_64-linux-gnu/libnss_compat-2.13.so
7f75d98d3000-7f75d9ad2000 ---p 00008000 08:05 5246656                    /lib/x86_64-linux-gnu/libnss_compat-2.13.so
7f75d9ad2000-7f75d9ad3000 r-xp 00007000 08:05 5246656                    /lib/x86_64-linux-gnu/libnss_compat-2.13.so
7f75d9ad3000-7f75d9ad4000 rwxp 00008000 08:05 5246656                    /lib/x86_64-linux-gnu/libnss_compat-2.13.so
7f75d9ad4000-7f75da2ce000 r-xp 00000000 08:05 20454412                   /usr/lib/locale/locale-archive
7f75da2ce000-7f75da2d1000 r-xp 00000000 08:05 3540419                    /usr/lib/jvm/java-6-sun-1.6.0.26/jre/lib/amd64/libnpt.so
7f75da2d1000-7f75da3d0000 ---p 00003000 08:05 3540419                    /usr/lib/jvm/java-6-sun-1.6.0.26/jre/lib/amd64/libnpt.so
7f75da3d0000-7f75da3d1000 rwxp 00002000 08:05 3540419                    /usr/lib/jvm/java-6-sun-1.6.0.26/jre/lib/amd64/libnpt.so
7f75da3d1000-7f75da407000 r-xp 00000000 08:05 3540418                    /usr/lib/jvm/java-6-sun-1.6.0.26/jre/lib/amd64/libjdwp.so
7f75da407000-7f75da506000 ---p 00036000 08:05 3540418                    /usr/lib/jvm/java-6-sun-1.6.0.26/jre/lib/amd64/libjdwp.so
7f75da506000-7f75da510000 rwxp 00035000 08:05 3540418                    /usr/lib/jvm/java-6-sun-1.6.0.26/jre/lib/amd64/libjdwp.so
7f75da510000-7f75da527000 r-xp 00000000 08:05 5246649                    /lib/x86_64-linux-gnu/libnsl-2.13.so
7f75da527000-7f75da726000 ---p 00017000 08:05 5246649                    /lib/x86_64-linux-gnu/libnsl-2.13.so
7f75da726000-7f75da727000 r-xp 00016000 08:05 5246649                    /lib/x86_64-linux-gnu/libnsl-2.13.so
7f75da727000-7f75da728000 rwxp 00017000 08:05 5246649                    /lib/x86_64-linux-gnu/libnsl-2.13.so
7f75da728000-7f75da72a000 rwxp 00000000 00:00 0 
7f75da72a000-7f75da753000 r-xp 00000000 08:05 3540430                    /usr/lib/jvm/java-6-sun-1.6.0.26/jre/lib/amd64/libjava.so
7f75da753000-7f75da852000 ---p 00029000 08:05 3540430                    /usr/lib/jvm/java-6-sun-1.6.0.26/jre/lib/amd64/libjava.so
7f75da852000-7f75da859000 rwxp 00028000 08:05 3540430                    /usr/lib/jvm/java-6-sun-1.6.0.26/jre/lib/amd64/libjava.so
7f75da859000-7f75da866000 r-xp 00000000 08:05 3540408                    /usr/lib/jvm/java-6-sun-1.6.0.26/jre/lib/amd64/libverify.so
7f75da866000-7f75da965000 ---p 0000d000 08:05 3540408                    /usr/lib/jvm/java-6-sun-1.6.0.26/jre/lib/amd64/libverify.so
7f75da965000-7f75da968000 rwxp 0000c000 08:05 3540408                    /usr/lib/jvm/java-6-sun-1.6.0.26/jre/lib/amd64/libverify.so
7f75da968000-7f75da96f000 r-xp 00000000 08:05 5247604                    /lib/x86_64-linux-gnu/librt-2.13.so
7f75da96f000-7f75dab6e000 ---p 00007000 08:05 5247604                    /lib/x86_64-linux-gnu/librt-2.13.so
7f75dab6e000-7f75dab6f000 r-xp 00006000 08:05 5247604                    /lib/x86_64-linux-gnu/librt-2.13.so
7f75dab6f000-7f75dab70000 rwxp 00007000 08:05 5247604                    /lib/x86_64-linux-gnu/librt-2.13.so
7f75dab70000-7f75dab73000 ---p 00000000 00:00 0 
7f75dab73000-7f75dac71000 rwxp 00000000 00:00 0 
7f75dac71000-7f75dacf4000 r-xp 00000000 08:05 5246643                    /lib/x86_64-linux-gnu/libm-2.13.so
7f75dacf4000-7f75daef3000 ---p 00083000 08:05 5246643                    /lib/x86_64-linux-gnu/libm-2.13.so
7f75daef3000-7f75daef4000 r-xp 00082000 08:05 5246643                    /lib/x86_64-linux-gnu/libm-2.13.so
7f75daef4000-7f75daef5000 rwxp 00083000 08:05 5246643                    /lib/x86_64-linux-gnu/libm-2.13.so
7f75daef5000-7f75db80f000 r-xp 00000000 08:05 3540434                    /usr/lib/jvm/java-6-sun-1.6.0.26/jre/lib/amd64/server/libjvm.so
7f75db80f000-7f75db911000 ---p 0091a000 08:05 3540434                    /usr/lib/jvm/java-6-sun-1.6.0.26/jre/lib/amd64/server/libjvm.so
7f75db911000-7f75dbac6000 rwxp 0091c000 08:05 3540434                    /usr/lib/jvm/java-6-sun-1.6.0.26/jre/lib/amd64/server/libjvm.so
7f75dbac6000-7f75dbb00000 rwxp 00000000 00:00 0 
7f75dbb00000-7f75dbc97000 r-xp 00000000 08:05 5246591                    /lib/x86_64-linux-gnu/libc-2.13.so
7f75dbc97000-7f75dbe96000 ---p 00197000 08:05 5246591                    /lib/x86_64-linux-gnu/libc-2.13.so
7f75dbe96000-7f75dbe9a000 r-xp 00196000 08:05 5246591                    /lib/x86_64-linux-gnu/libc-2.13.so
7f75dbe9a000-7f75dbe9b000 rwxp 0019a000 08:05 5246591                    /lib/x86_64-linux-gnu/libc-2.13.so
7f75dbe9b000-7f75dbea1000 rwxp 00000000 00:00 0 
7f75dbea1000-7f75dbea3000 r-xp 00000000 08:05 5246641                    /lib/x86_64-linux-gnu/libdl-2.13.so
7f75dbea3000-7f75dc0a3000 ---p 00002000 08:05 5246641                    /lib/x86_64-linux-gnu/libdl-2.13.so
7f75dc0a3000-7f75dc0a4000 r-xp 00002000 08:05 5246641                    /lib/x86_64-linux-gnu/libdl-2.13.so
7f75dc0a4000-7f75dc0a5000 rwxp 00003000 08:05 5246641                    /lib/x86_64-linux-gnu/libdl-2.13.so
7f75dc0a5000-7f75dc0bd000 r-xp 00000000 08:05 5247599                    /lib/x86_64-linux-gnu/libpthread-2.13.so
7f75dc0bd000-7f75dc2bc000 ---p 00018000 08:05 5247599                    /lib/x86_64-linux-gnu/libpthread-2.13.so
7f75dc2bc000-7f75dc2bd000 r-xp 00017000 08:05 5247599                    /lib/x86_64-linux-gnu/libpthread-2.13.so
7f75dc2bd000-7f75dc2be000 rwxp 00018000 08:05 5247599                    /lib/x86_64-linux-gnu/libpthread-2.13.so
7f75dc2be000-7f75dc2c2000 rwxp 00000000 00:00 0 
7f75dc2c2000-7f75dc2e3000 r-xp 00000000 08:05 5246585                    /lib/x86_64-linux-gnu/ld-2.13.so
7f75dc2e3000-7f75dc2e4000 r-xs 00003000 08:05 137838                     /usr/local/apache-maven/apache-maven-3.0.3/lib/aether-spi-1.11.jar
7f75dc2e4000-7f75dc2e6000 r-xs 00000000 08:05 137836                     /usr/local/apache-maven/apache-maven-3.0.3/lib/plexus-component-annotations-1.5.5.jar
7f75dc2e6000-7f75dc2e8000 r-xs 00009000 08:05 137835                     /usr/local/apache-maven/apache-maven-3.0.3/lib/commons-cli-1.2.jar
7f75dc2e8000-7f75dc2ea000 r-xs 00002000 08:05 137834                     /usr/local/apache-maven/apache-maven-3.0.3/lib/plexus-cipher-1.4.jar
7f75dc2ea000-7f75dc2ec000 r-xs 0000a000 08:05 137831                     /usr/local/apache-maven/apache-maven-3.0.3/lib/maven-settings-3.0.3.jar
7f75dc2ec000-7f75dc2ef000 r-xs 00008000 08:05 137830                     /usr/local/apache-maven/apache-maven-3.0.3/lib/maven-settings-builder-3.0.3.jar
7f75dc2ef000-7f75dc2f3000 r-xs 00012000 08:05 137828                     /usr/local/apache-maven/apache-maven-3.0.3/lib/aether-api-1.11.jar
7f75dc2f3000-7f75dc305000 rwxp 00000000 00:00 0 
7f75dc305000-7f75dc3b3000 rwxp 00000000 00:00 0 
7f75dc3b3000-7f75dc3b6000 rwxp 00000000 00:00 0 
7f75dc3b6000-7f75dc3bd000 r-xp 00000000 08:05 3540405                    /usr/lib/jvm/java-6-sun-1.6.0.26/jre/lib/amd64/jli/libjli.so
7f75dc3bd000-7f75dc4be000 ---p 00007000 08:05 3540405                    /usr/lib/jvm/java-6-sun-1.6.0.26/jre/lib/amd64/jli/libjli.so
7f75dc4be000-7f75dc4c0000 rwxp 00008000 08:05 3540405                    /usr/lib/jvm/java-6-sun-1.6.0.26/jre/lib/amd64/jli/libjli.so
7f75dc4c0000-7f75dc4c1000 rwxp 00000000 00:00 0 
7f75dc4c1000-7f75dc4c3000 r-xs 0000c000 08:05 137833                     /usr/local/apache-maven/apache-maven-3.0.3/lib/maven-aether-provider-3.0.3.jar
7f75dc4c3000-7f75dc4c4000 r-xs 00003000 08:05 137829                     /usr/local/apache-maven/apache-maven-3.0.3/lib/wagon-http-lightweight-1.0-beta-7.jar
7f75dc4c4000-7f75dc4c6000 r-xs 0000d000 08:05 137827                     /usr/local/apache-maven/apache-maven-3.0.3/lib/plexus-interpolation-1.14.jar
7f75dc4c6000-7f75dc4d2000 r-xs 0006b000 08:05 137826                     /usr/local/apache-maven/apache-maven-3.0.3/lib/sisu-guice-2.9.4-no_aop.jar
7f75dc4d2000-7f75dc4d4000 r-xs 00013000 08:05 13111910                   /home/alle/Downloads/idea-IU-117.105/lib/idea_rt.jar
7f75dc4d4000-7f75dc4d6000 r-xs 0000a000 08:05 137824                     /usr/local/apache-maven/apache-maven-3.0.3/boot/plexus-classworlds-2.4.jar
7f75dc4d6000-7f75dc4de000 rwxs 00000000 08:05 6422825                    /tmp/hsperfdata_alle/16217
7f75dc4de000-7f75dc4df000 rwxp 00000000 00:00 0 
7f75dc4df000-7f75dc4e0000 r-xp 00000000 00:00 0 
7f75dc4e0000-7f75dc4e2000 rwxp 00000000 00:00 0 
7f75dc4e2000-7f75dc4e3000 r-xp 00020000 08:05 5246585                    /lib/x86_64-linux-gnu/ld-2.13.so
7f75dc4e3000-7f75dc4e5000 rwxp 00021000 08:05 5246585                    /lib/x86_64-linux-gnu/ld-2.13.so
7fff23e41000-7fff23e62000 rwxp 00000000 00:00 0                          [stack]
7fff23f2b000-7fff23f2c000 r-xp 00000000 00:00 0                          [vdso]
ffffffffff600000-ffffffffff601000 r-xp 00000000 00:00 0                  [vsyscall]

VM Arguments:
jvm_args: -agentlib:jdwp=transport=dt_socket,address=127.0.0.1:40175,suspend=y,server=n -Dclassworlds.conf=/usr/local/apache-maven/apache-maven-3.0.3/bin/m2.conf -Dmaven.home=/usr/local/apache-maven/apache-maven-3.0.3 -Dfile.encoding=UTF-8 
java_command: org.codehaus.classworlds.Launcher --no-plugin-registry --fail-fast --no-plugin-updates --strict-checksums --update-snapshots -f /home/alle/workspace/surfnet/spring-saml2/mockoleth-sp/pom.xml jetty:run
Launcher Type: SUN_STANDARD

Environment Variables:
JAVA_HOME=/usr/lib/jvm/java-6-sun/
CLASSPATH=../lib/bootstrap.jar:../lib/extensions.jar:../lib/util.jar:../lib/jdom.jar:../lib/log4j.jar:../lib/trove4j.jar:../lib/jna.jar:/usr/lib/jvm/java-6-sun//lib/tools.jar
PATH=/usr/lib/lightdm/lightdm:/usr/local/sbin:/usr/local/bin:/usr/sbin:/usr/bin:/sbin:/bin:/usr/games:/usr/local/apache-maven/apache-maven-3.0.3/bin:~/matlab2010a/bin
USERNAME=alle
LD_LIBRARY_PATH=/usr/lib/jvm/java-6-sun-1.6.0.26/jre/lib/amd64/server:/usr/lib/jvm/java-6-sun-1.6.0.26/jre/lib/amd64:/usr/lib/jvm/java-6-sun-1.6.0.26/jre/../lib/amd64:/home/alle/Downloads/idea-IU-117.105/bin:
SHELL=/bin/bash
DISPLAY=:0

Signal Handlers:
SIGSEGV: [libjvm.so+0x85f800], sa_mask[0]=0x7ffbfeff, sa_flags=0x10000004
SIGBUS: [libjvm.so+0x85f800], sa_mask[0]=0x7ffbfeff, sa_flags=0x10000004
SIGFPE: [libjvm.so+0x70e300], sa_mask[0]=0x7ffbfeff, sa_flags=0x10000004
SIGPIPE: [libjvm.so+0x70e300], sa_mask[0]=0x7ffbfeff, sa_flags=0x10000004
SIGXFSZ: [libjvm.so+0x70e300], sa_mask[0]=0x7ffbfeff, sa_flags=0x10000004
SIGILL: [libjvm.so+0x70e300], sa_mask[0]=0x7ffbfeff, sa_flags=0x10000004
SIGUSR1: SIG_DFL, sa_mask[0]=0x00000000, sa_flags=0x00000000
SIGUSR2: [libjvm.so+0x711110], sa_mask[0]=0x00000004, sa_flags=0x10000004
SIGHUP: [libjvm.so+0x710d10], sa_mask[0]=0x7ffbfeff, sa_flags=0x10000004
SIGINT: [libjvm.so+0x710d10], sa_mask[0]=0x7ffbfeff, sa_flags=0x10000004
SIGTERM: [libjvm.so+0x710d10], sa_mask[0]=0x7ffbfeff, sa_flags=0x10000004
SIGQUIT: [libjvm.so+0x710d10], sa_mask[0]=0x7ffbfeff, sa_flags=0x10000004


---------------  S Y S T E M  ---------------

OS:wheezy/sid

uname:Linux 3.0.0-17-generic #30-Ubuntu SMP Thu Mar 8 20:45:39 UTC 2012 x86_64
libc:glibc 2.13 NPTL 2.13 
rlimit: STACK 8192k, CORE 0k, NPROC 95843, NOFILE 4096, AS infinity
load average:0.48 0.30 0.21

/proc/meminfo:
MemTotal:       12285724 kB
MemFree:         1200436 kB
Buffers:         1050452 kB
Cached:          4659660 kB
SwapCached:            0 kB
Active:          5848400 kB
Inactive:        4216088 kB
Active(anon):    4356564 kB
Inactive(anon):    17324 kB
Active(file):    1491836 kB
Inactive(file):  4198764 kB
Unevictable:         156 kB
Mlocked:             156 kB
SwapTotal:      12459004 kB
SwapFree:       12459004 kB
Dirty:             60828 kB
Writeback:             0 kB
AnonPages:       4355620 kB
Mapped:           373824 kB
Shmem:             19492 kB
Slab:             705600 kB
SReclaimable:     660464 kB
SUnreclaim:        45136 kB
KernelStack:        6624 kB
PageTables:        54188 kB
NFS_Unstable:          0 kB
Bounce:                0 kB
WritebackTmp:          0 kB
CommitLimit:    18601864 kB
Committed_AS:    8224396 kB
VmallocTotal:   34359738367 kB
VmallocUsed:      174232 kB
VmallocChunk:   34359553532 kB
HardwareCorrupted:     0 kB
AnonHugePages:         0 kB
HugePages_Total:       0
HugePages_Free:        0
HugePages_Rsvd:        0
HugePages_Surp:        0
Hugepagesize:       2048 kB
DirectMap4k:      212992 kB
DirectMap2M:    12328960 kB


CPU:total 8 (4 cores per cpu, 2 threads per core) family 6 model 42 stepping 7, cmov, cx8, fxsr, mmx, sse, sse2, sse3, ssse3, sse4.1, sse4.2, popcnt, ht

/proc/cpuinfo:
processor	: 0
vendor_id	: GenuineIntel
cpu family	: 6
model		: 42
model name	: Intel(R) Core(TM) i7-2720QM CPU @ 2.20GHz
stepping	: 7
cpu MHz		: 2201.000
cache size	: 6144 KB
physical id	: 0
siblings	: 8
core id		: 0
cpu cores	: 4
apicid		: 0
initial apicid	: 0
fpu		: yes
fpu_exception	: yes
cpuid level	: 13
wp		: yes
flags		: fpu vme de pse tsc msr pae mce cx8 apic sep mtrr pge mca cmov pat pse36 clflush dts acpi mmx fxsr sse sse2 ss ht tm pbe syscall nx rdtscp lm constant_tsc arch_perfmon pebs bts rep_good nopl xtopology nonstop_tsc aperfmperf pni pclmulqdq dtes64 monitor ds_cpl vmx smx est tm2 ssse3 cx16 xtpr pdcm sse4_1 sse4_2 x2apic popcnt aes xsave avx lahf_lm ida arat epb xsaveopt pln pts dts tpr_shadow vnmi flexpriority ept vpid
bogomips	: 4389.48
clflush size	: 64
cache_alignment	: 64
address sizes	: 36 bits physical, 48 bits virtual
power management:

processor	: 1
vendor_id	: GenuineIntel
cpu family	: 6
model		: 42
model name	: Intel(R) Core(TM) i7-2720QM CPU @ 2.20GHz
stepping	: 7
cpu MHz		: 800.000
cache size	: 6144 KB
physical id	: 0
siblings	: 8
core id		: 1
cpu cores	: 4
apicid		: 2
initial apicid	: 2
fpu		: yes
fpu_exception	: yes
cpuid level	: 13
wp		: yes
flags		: fpu vme de pse tsc msr pae mce cx8 apic sep mtrr pge mca cmov pat pse36 clflush dts acpi mmx fxsr sse sse2 ss ht tm pbe syscall nx rdtscp lm constant_tsc arch_perfmon pebs bts rep_good nopl xtopology nonstop_tsc aperfmperf pni pclmulqdq dtes64 monitor ds_cpl vmx smx est tm2 ssse3 cx16 xtpr pdcm sse4_1 sse4_2 x2apic popcnt aes xsave avx lahf_lm ida arat epb xsaveopt pln pts dts tpr_shadow vnmi flexpriority ept vpid
bogomips	: 4389.83
clflush size	: 64
cache_alignment	: 64
address sizes	: 36 bits physical, 48 bits virtual
power management:

processor	: 2
vendor_id	: GenuineIntel
cpu family	: 6
model		: 42
model name	: Intel(R) Core(TM) i7-2720QM CPU @ 2.20GHz
stepping	: 7
cpu MHz		: 2201.000
cache size	: 6144 KB
physical id	: 0
siblings	: 8
core id		: 2
cpu cores	: 4
apicid		: 4
initial apicid	: 4
fpu		: yes
fpu_exception	: yes
cpuid level	: 13
wp		: yes
flags		: fpu vme de pse tsc msr pae mce cx8 apic sep mtrr pge mca cmov pat pse36 clflush dts acpi mmx fxsr sse sse2 ss ht tm pbe syscall nx rdtscp lm constant_tsc arch_perfmon pebs bts rep_good nopl xtopology nonstop_tsc aperfmperf pni pclmulqdq dtes64 monitor ds_cpl vmx smx est tm2 ssse3 cx16 xtpr pdcm sse4_1 sse4_2 x2apic popcnt aes xsave avx lahf_lm ida arat epb xsaveopt pln pts dts tpr_shadow vnmi flexpriority ept vpid
bogomips	: 4389.83
clflush size	: 64
cache_alignment	: 64
address sizes	: 36 bits physical, 48 bits virtual
power management:

processor	: 3
vendor_id	: GenuineIntel
cpu family	: 6
model		: 42
model name	: Intel(R) Core(TM) i7-2720QM CPU @ 2.20GHz
stepping	: 7
cpu MHz		: 800.000
cache size	: 6144 KB
physical id	: 0
siblings	: 8
core id		: 3
cpu cores	: 4
apicid		: 6
initial apicid	: 6
fpu		: yes
fpu_exception	: yes
cpuid level	: 13
wp		: yes
flags		: fpu vme de pse tsc msr pae mce cx8 apic sep mtrr pge mca cmov pat pse36 clflush dts acpi mmx fxsr sse sse2 ss ht tm pbe syscall nx rdtscp lm constant_tsc arch_perfmon pebs bts rep_good nopl xtopology nonstop_tsc aperfmperf pni pclmulqdq dtes64 monitor ds_cpl vmx smx est tm2 ssse3 cx16 xtpr pdcm sse4_1 sse4_2 x2apic popcnt aes xsave avx lahf_lm ida arat epb xsaveopt pln pts dts tpr_shadow vnmi flexpriority ept vpid
bogomips	: 4389.83
clflush size	: 64
cache_alignment	: 64
address sizes	: 36 bits physical, 48 bits virtual
power management:

processor	: 4
vendor_id	: GenuineIntel
cpu family	: 6
model		: 42
model name	: Intel(R) Core(TM) i7-2720QM CPU @ 2.20GHz
stepping	: 7
cpu MHz		: 2201.000
cache size	: 6144 KB
physical id	: 0
siblings	: 8
core id		: 0
cpu cores	: 4
apicid		: 1
initial apicid	: 1
fpu		: yes
fpu_exception	: yes
cpuid level	: 13
wp		: yes
flags		: fpu vme de pse tsc msr pae mce cx8 apic sep mtrr pge mca cmov pat pse36 clflush dts acpi mmx fxsr sse sse2 ss ht tm pbe syscall nx rdtscp lm constant_tsc arch_perfmon pebs bts rep_good nopl xtopology nonstop_tsc aperfmperf pni pclmulqdq dtes64 monitor ds_cpl vmx smx est tm2 ssse3 cx16 xtpr pdcm sse4_1 sse4_2 x2apic popcnt aes xsave avx lahf_lm ida arat epb xsaveopt pln pts dts tpr_shadow vnmi flexpriority ept vpid
bogomips	: 4389.83
clflush size	: 64
cache_alignment	: 64
address sizes	: 36 bits physical, 48 bits virtual
power management:

processor	: 5
vendor_id	: GenuineIntel
cpu family	: 6
model		: 42
model name	: Intel(R) Core(TM) i7-2720QM CPU @ 2.20GHz
stepping	: 7
cpu MHz		: 800.000
cache size	: 6144 KB
physical id	: 0
siblings	: 8
core id		: 1
cpu cores	: 4
apicid		: 3
initial apicid	: 3
fpu		: yes
fpu_exception	: yes
cpuid level	: 13
wp		: yes
flags		: fpu vme de pse tsc msr pae mce cx8 apic sep mtrr pge mca cmov pat pse36 clflush dts acpi mmx fxsr sse sse2 ss ht tm pbe syscall nx rdtscp lm constant_tsc arch_perfmon pebs bts rep_good nopl xtopology nonstop_tsc aperfmperf pni pclmulqdq dtes64 monitor ds_cpl vmx smx est tm2 ssse3 cx16 xtpr pdcm sse4_1 sse4_2 x2apic popcnt aes xsave avx lahf_lm ida arat epb xsaveopt pln pts dts tpr_shadow vnmi flexpriority ept vpid
bogomips	: 4389.83
clflush size	: 64
cache_alignment	: 64
address sizes	: 36 bits physical, 48 bits virtual
power management:

processor	: 6
vendor_id	: GenuineIntel
cpu family	: 6
model		: 42
model name	: Intel(R) Core(TM) i7-2720QM CPU @ 2.20GHz
stepping	: 7
cpu MHz		: 2201.000
cache size	: 6144 KB
physical id	: 0
siblings	: 8
core id		: 2
cpu cores	: 4
apicid		: 5
initial apicid	: 5
fpu		: yes
fpu_exception	: yes
cpuid level	: 13
wp		: yes
flags		: fpu vme de pse tsc msr pae mce cx8 apic sep mtrr pge mca cmov pat pse36 clflush dts acpi mmx fxsr sse sse2 ss ht tm pbe syscall nx rdtscp lm constant_tsc arch_perfmon pebs bts rep_good nopl xtopology nonstop_tsc aperfmperf pni pclmulqdq dtes64 monitor ds_cpl vmx smx est tm2 ssse3 cx16 xtpr pdcm sse4_1 sse4_2 x2apic popcnt aes xsave avx lahf_lm ida arat epb xsaveopt pln pts dts tpr_shadow vnmi flexpriority ept vpid
bogomips	: 4389.84
clflush size	: 64
cache_alignment	: 64
address sizes	: 36 bits physical, 48 bits virtual
power management:

processor	: 7
vendor_id	: GenuineIntel
cpu family	: 6
model		: 42
model name	: Intel(R) Core(TM) i7-2720QM CPU @ 2.20GHz
stepping	: 7
cpu MHz		: 2201.000
cache size	: 6144 KB
physical id	: 0
siblings	: 8
core id		: 3
cpu cores	: 4
apicid		: 7
initial apicid	: 7
fpu		: yes
fpu_exception	: yes
cpuid level	: 13
wp		: yes
flags		: fpu vme de pse tsc msr pae mce cx8 apic sep mtrr pge mca cmov pat pse36 clflush dts acpi mmx fxsr sse sse2 ss ht tm pbe syscall nx rdtscp lm constant_tsc arch_perfmon pebs bts rep_good nopl xtopology nonstop_tsc aperfmperf pni pclmulqdq dtes64 monitor ds_cpl vmx smx est tm2 ssse3 cx16 xtpr pdcm sse4_1 sse4_2 x2apic popcnt aes xsave avx lahf_lm ida arat epb xsaveopt pln pts dts tpr_shadow vnmi flexpriority ept vpid
bogomips	: 4389.84
clflush size	: 64
cache_alignment	: 64
address sizes	: 36 bits physical, 48 bits virtual
power management:



Memory: 4k page, physical 12285724k(1200436k free), swap 12459004k(12459004k free)

vm_info: Java HotSpot(TM) 64-Bit Server VM (20.1-b02) for linux-amd64 JRE (1.6.0_26-b03), built on May  4 2011 01:13:47 by "java_re" with gcc 3.2.2 (SuSE Linux)

time: Wed Apr 11 15:39:19 2012
elapsed time: 5504 seconds

